{"numFailedTestSuites":1,"numFailedTests":2,"numPassedTestSuites":14,"numPassedTests":84,"numPendingTestSuites":0,"numPendingTests":0,"numRuntimeErrorTestSuites":0,"numTodoTests":0,"numTotalTestSuites":15,"numTotalTests":86,"openHandles":[],"snapshot":{"added":0,"didUpdate":false,"failure":false,"filesAdded":0,"filesRemoved":0,"filesRemovedList":[],"filesUnmatched":0,"filesUpdated":0,"matched":0,"total":0,"unchecked":0,"uncheckedKeysByFile":[],"unmatched":0,"updated":0},"startTime":1783494111438,"success":false,"testResults":[{"assertionResults":[{"ancestorTitles":["Role Guard Middleware"],"duration":10,"failing":false,"failureDetails":[],"failureMessages":[],"fullName":"Role Guard Middleware should return 401 if user is not in request","invocations":1,"location":null,"numPassingAsserts":1,"retryReasons":[],"startAt":1783494112698,"status":"passed","title":"should return 401 if user is not in request"},{"ancestorTitles":["Role Guard Middleware"],"duration":1,"failing":false,"failureDetails":[],"failureMessages":[],"fullName":"Role Guard Middleware should return 403 if user role is not allowed","invocations":1,"location":null,"numPassingAsserts":1,"retryReasons":[],"startAt":1783494112709,"status":"passed","title":"should return 403 if user role is not allowed"},{"ancestorTitles":["Role Guard Middleware"],"duration":1,"failing":false,"failureDetails":[],"failureMessages":[],"fullName":"Role Guard Middleware should call next if user role is allowed","invocations":1,"location":null,"numPassingAsserts":1,"retryReasons":[],"startAt":1783494112710,"status":"passed","title":"should call next if user role is allowed"}],"endTime":1783494112713,"message":"","name":"E:\\DSS T├ái liß╗çu\\─Éß╗ô ├ín cuß╗æi kß╗│\\backend\\node_api\\tests\\unit\\middlewares\\roleGuard.test.js","startTime":1783494112145,"status":"passed","summary":""},{"assertionResults":[{"ancestorTitles":["EOQ ROP Service","calculateEOQ"],"duration":12,"failing":false,"failureDetails":[],"failureMessages":[],"fullName":"EOQ ROP Service calculateEOQ should calculate EOQ correctly for normal values","invocations":1,"location":null,"numPassingAsserts":2,"retryReasons":[],"startAt":1783494112741,"status":"passed","title":"should calculate EOQ correctly for normal values"},{"ancestorTitles":["EOQ ROP Service","calculateEOQ"],"duration":23,"failing":false,"failureDetails":[],"failureMessages":[],"fullName":"EOQ ROP Service calculateEOQ should throw error for zero demand","invocations":1,"location":null,"numPassingAsserts":1,"retryReasons":[],"startAt":1783494112753,"status":"passed","title":"should throw error for zero demand"},{"ancestorTitles":["EOQ ROP Service","calculateEOQ"],"duration":1,"failing":false,"failureDetails":[],"failureMessages":[],"fullName":"EOQ ROP Service calculateEOQ should throw error for negative costs","invocations":1,"location":null,"numPassingAsserts":1,"retryReasons":[],"startAt":1783494112776,"status":"passed","title":"should throw error for negative costs"},{"ancestorTitles":["EOQ ROP Service","calculateSafetyStock"],"duration":0,"failing":false,"failureDetails":[],"failureMessages":[],"fullName":"EOQ ROP Service calculateSafetyStock should calculate correctly for 95% service level","invocations":1,"location":null,"numPassingAsserts":1,"retryReasons":[],"startAt":1783494112778,"status":"passed","title":"should calculate correctly for 95% service level"},{"ancestorTitles":["EOQ ROP Service","calculateSafetyStock"],"duration":1,"failing":false,"failureDetails":[],"failureMessages":[],"fullName":"EOQ ROP Service calculateSafetyStock should throw error for invalid service level","invocations":1,"location":null,"numPassingAsserts":1,"retryReasons":[],"startAt":1783494112778,"status":"passed","title":"should throw error for invalid service level"},{"ancestorTitles":["EOQ ROP Service","calculateROP"],"duration":1,"failing":false,"failureDetails":[],"failureMessages":[],"fullName":"EOQ ROP Service calculateROP should calculate ROP correctly","invocations":1,"location":null,"numPassingAsserts":1,"retryReasons":[],"startAt":1783494112780,"status":"passed","title":"should calculate ROP correctly"},{"ancestorTitles":["EOQ ROP Service","calculateROP"],"duration":1,"failing":false,"failureDetails":[],"failureMessages":[],"fullName":"EOQ ROP Service calculateROP should throw error for negative values","invocations":1,"location":null,"numPassingAsserts":1,"retryReasons":[],"startAt":1783494112781,"status":"passed","title":"should throw error for negative values"},{"ancestorTitles":["EOQ ROP Service","getStockStatus"],"duration":1,"failing":false,"failureDetails":[],"failureMessages":[],"fullName":"EOQ ROP Service getStockStatus should return CRITICAL if stock <= safety stock","invocations":1,"location":null,"numPassingAsserts":1,"retryReasons":[],"startAt":1783494112782,"status":"passed","title":"should return CRITICAL if stock <= safety stock"},{"ancestorTitles":["EOQ ROP Service","getStockStatus"],"duration":0,"failing":false,"failureDetails":[],"failureMessages":[],"fullName":"EOQ ROP Service getStockStatus should return WARNING if safety stock < stock <= ROP","invocations":1,"location":null,"numPassingAsserts":1,"retryReasons":[],"startAt":1783494112783,"status":"passed","title":"should return WARNING if safety stock < stock <= ROP"},{"ancestorTitles":["EOQ ROP Service","getStockStatus"],"duration":1,"failing":false,"failureDetails":[],"failureMessages":[],"fullName":"EOQ ROP Service getStockStatus should return SAFE if stock > ROP","invocations":1,"location":null,"numPassingAsserts":1,"retryReasons":[],"startAt":1783494112783,"status":"passed","title":"should return SAFE if stock > ROP"},{"ancestorTitles":["EOQ ROP Service","getDemandStdDev"],"duration":2,"failing":false,"failureDetails":[],"failureMessages":[],"fullName":"EOQ ROP Service getDemandStdDev should calculate std dev correctly","invocations":1,"location":null,"numPassingAsserts":1,"retryReasons":[],"startAt":1783494112784,"status":"passed","title":"should calculate std dev correctly"},{"ancestorTitles":["EOQ ROP Service","getDemandStdDev"],"duration":2,"failing":false,"failureDetails":[],"failureMessages":[],"fullName":"EOQ ROP Service getDemandStdDev should throw error for array length < 2","invocations":1,"location":null,"numPassingAsserts":1,"retryReasons":[],"startAt":1783494112786,"status":"passed","title":"should throw error for array length < 2"}],"endTime":1783494112791,"message":"","name":"E:\\DSS T├ái liß╗çu\\─Éß╗ô ├ín cuß╗æi kß╗│\\backend\\node_api\\tests\\unit\\eoqRopService.test.js","startTime":1783494112152,"status":"passed","summary":""},{"assertionResults":[{"ancestorTitles":["Supplier Ranking Service","calculateAHPWeights"],"duration":6,"failing":false,"failureDetails":[],"failureMessages":[],"fullName":"Supplier Ranking Service calculateAHPWeights should calculate weights correctly for a consistent matrix","invocations":1,"location":null,"numPassingAsserts":2,"retryReasons":[],"startAt":1783494112825,"status":"passed","title":"should calculate weights correctly for a consistent matrix"},{"ancestorTitles":["Supplier Ranking Service","calculateAHPWeights"],"duration":21,"failing":false,"failureDetails":[],"failureMessages":[],"fullName":"Supplier Ranking Service calculateAHPWeights should throw error for non-symmetric reciprocal matrix","invocations":1,"location":null,"numPassingAsserts":1,"retryReasons":[],"startAt":1783494112832,"status":"passed","title":"should throw error for non-symmetric reciprocal matrix"},{"ancestorTitles":["Supplier Ranking Service","calculateAHPWeights"],"duration":0,"failing":false,"failureDetails":[],"failureMessages":[],"fullName":"Supplier Ranking Service calculateAHPWeights should return is_consistent false if CR >= 0.1","invocations":1,"location":null,"numPassingAsserts":2,"retryReasons":[],"startAt":1783494112853,"status":"passed","title":"should return is_consistent false if CR >= 0.1"},{"ancestorTitles":["Supplier Ranking Service","runTOPSIS"],"duration":1,"failing":false,"failureDetails":[],"failureMessages":[],"fullName":"Supplier Ranking Service runTOPSIS should rank suppliers correctly","invocations":1,"location":null,"numPassingAsserts":4,"retryReasons":[],"startAt":1783494112854,"status":"passed","title":"should rank suppliers correctly"},{"ancestorTitles":["Supplier Ranking Service","runTOPSIS"],"duration":1,"failing":false,"failureDetails":[],"failureMessages":[],"fullName":"Supplier Ranking Service runTOPSIS should return empty array if no suppliers","invocations":1,"location":null,"numPassingAsserts":1,"retryReasons":[],"startAt":1783494112855,"status":"passed","title":"should return empty array if no suppliers"}],"endTime":1783494112858,"message":"","name":"E:\\DSS T├ái liß╗çu\\─Éß╗ô ├ín cuß╗æi kß╗│\\backend\\node_api\\tests\\unit\\supplierRankingService.test.js","startTime":1783494112201,"status":"passed","summary":""},{"assertionResults":[{"ancestorTitles":["GenAIService","explainRecommendation"],"duration":6,"failing":false,"failureDetails":[],"failureMessages":[],"fullName":"GenAIService explainRecommendation should return fallback explanation when API key is missing or dummy","invocations":1,"location":null,"numPassingAsserts":2,"retryReasons":[],"startAt":1783494112869,"status":"passed","title":"should return fallback explanation when API key is missing or dummy"},{"ancestorTitles":["GenAIService","explainRecommendation"],"duration":1,"failing":false,"failureDetails":[],"failureMessages":[],"fullName":"GenAIService explainRecommendation should return API response when API key is valid","invocations":1,"location":null,"numPassingAsserts":2,"retryReasons":[],"startAt":1783494112876,"status":"passed","title":"should return API response when API key is valid"},{"ancestorTitles":["GenAIService","explainRecommendation"],"duration":1,"failing":false,"failureDetails":[],"failureMessages":[],"fullName":"GenAIService explainRecommendation should handle API errors and return fallback","invocations":1,"location":null,"numPassingAsserts":2,"retryReasons":[],"startAt":1783494112877,"status":"passed","title":"should handle API errors and return fallback"},{"ancestorTitles":["GenAIService","chat"],"duration":0,"failing":false,"failureDetails":[],"failureMessages":[],"fullName":"GenAIService chat should return API response when API key is valid","invocations":1,"location":null,"numPassingAsserts":1,"retryReasons":[],"startAt":1783494112879,"status":"passed","title":"should return API response when API key is valid"},{"ancestorTitles":["GenAIService","chat"],"duration":0,"failing":false,"failureDetails":[],"failureMessages":[],"fullName":"GenAIService chat should handle API errors in chat","invocations":1,"location":null,"numPassingAsserts":1,"retryReasons":[],"startAt":1783494112880,"status":"passed","title":"should handle API errors in chat"},{"ancestorTitles":["GenAIService","RateLimiter"],"duration":12,"failing":false,"failureDetails":[],"failureMessages":[],"fullName":"GenAIService RateLimiter should throw error when limit exceeded","invocations":1,"location":null,"numPassingAsserts":1,"retryReasons":[],"startAt":1783494112881,"status":"passed","title":"should throw error when limit exceeded"}],"endTime":1783494112894,"message":"","name":"E:\\DSS T├ái liß╗çu\\─Éß╗ô ├ín cuß╗æi kß╗│\\backend\\node_api\\tests\\unit\\services\\genaiService.test.js","startTime":1783494112146,"status":"passed","summary":""},{"assertionResults":[{"ancestorTitles":["Error Handler Middleware"],"duration":23,"failing":false,"failureDetails":[],"failureMessages":[],"fullName":"Error Handler Middleware should handle operational errors","invocations":1,"location":null,"numPassingAsserts":2,"retryReasons":[],"startAt":1783494112920,"status":"passed","title":"should handle operational errors"},{"ancestorTitles":["Error Handler Middleware"],"duration":2,"failing":false,"failureDetails":[],"failureMessages":[],"fullName":"Error Handler Middleware should handle SyntaxError","invocations":1,"location":null,"numPassingAsserts":2,"retryReasons":[],"startAt":1783494112943,"status":"passed","title":"should handle SyntaxError"},{"ancestorTitles":["Error Handler Middleware"],"duration":2,"failing":false,"failureDetails":[],"failureMessages":[],"fullName":"Error Handler Middleware should handle generic errors","invocations":1,"location":null,"numPassingAsserts":2,"retryReasons":[],"startAt":1783494112945,"status":"passed","title":"should handle generic errors"}],"endTime":1783494112948,"message":"","name":"E:\\DSS T├ái liß╗çu\\─Éß╗ô ├ín cuß╗æi kß╗│\\backend\\node_api\\tests\\unit\\middlewares\\errorHandler.test.js","startTime":1783494112179,"status":"passed","summary":""},{"assertionResults":[{"ancestorTitles":["Auth Middleware"],"duration":10,"failing":false,"failureDetails":[],"failureMessages":[],"fullName":"Auth Middleware should return 401 if authorization header is missing","invocations":1,"location":null,"numPassingAsserts":2,"retryReasons":[],"startAt":1783494112941,"status":"passed","title":"should return 401 if authorization header is missing"},{"ancestorTitles":["Auth Middleware"],"duration":2,"failing":false,"failureDetails":[],"failureMessages":[],"fullName":"Auth Middleware should return 401 if token is invalid","invocations":1,"location":null,"numPassingAsserts":2,"retryReasons":[],"startAt":1783494112951,"status":"passed","title":"should return 401 if token is invalid"},{"ancestorTitles":["Auth Middleware"],"duration":1,"failing":false,"failureDetails":[],"failureMessages":[],"fullName":"Auth Middleware should call next and set req.user if token is valid","invocations":1,"location":null,"numPassingAsserts":2,"retryReasons":[],"startAt":1783494112953,"status":"passed","title":"should call next and set req.user if token is valid"}],"endTime":1783494112955,"message":"","name":"E:\\DSS T├ái liß╗çu\\─Éß╗ô ├ín cuß╗æi kß╗│\\backend\\node_api\\tests\\unit\\middlewares\\auth.test.js","startTime":1783494112102,"status":"passed","summary":""},{"assertionResults":[{"ancestorTitles":["Inventory Controller"],"duration":7,"failing":false,"failureDetails":[],"failureMessages":[],"fullName":"Inventory Controller calculateEOQ should return data on success","invocations":1,"location":null,"numPassingAsserts":1,"retryReasons":[],"startAt":1783494112983,"status":"passed","title":"calculateEOQ should return data on success"},{"ancestorTitles":["Inventory Controller"],"duration":1,"failing":false,"failureDetails":[],"failureMessages":[],"fullName":"Inventory Controller calculateEOQ should call next with AppError on validation error","invocations":1,"location":null,"numPassingAsserts":1,"retryReasons":[],"startAt":1783494112991,"status":"passed","title":"calculateEOQ should call next with AppError on validation error"},{"ancestorTitles":["Inventory Controller"],"duration":2,"failing":false,"failureDetails":[],"failureMessages":[],"fullName":"Inventory Controller calculateROP should return data on success","invocations":1,"location":null,"numPassingAsserts":1,"retryReasons":[],"startAt":1783494112992,"status":"passed","title":"calculateROP should return data on success"},{"ancestorTitles":["Inventory Controller"],"duration":1,"failing":false,"failureDetails":[],"failureMessages":[],"fullName":"Inventory Controller getRecommendations should return data on success","invocations":1,"location":null,"numPassingAsserts":1,"retryReasons":[],"startAt":1783494112994,"status":"passed","title":"getRecommendations should return data on success"},{"ancestorTitles":["Inventory Controller"],"duration":1,"failing":false,"failureDetails":[],"failureMessages":[],"fullName":"Inventory Controller getRecommendations should call next with AppError on missing productId","invocations":1,"location":null,"numPassingAsserts":1,"retryReasons":[],"startAt":1783494112995,"status":"passed","title":"getRecommendations should call next with AppError on missing productId"},{"ancestorTitles":["Inventory Controller"],"duration":1,"failing":false,"failureDetails":[],"failureMessages":[],"fullName":"Inventory Controller getAlerts should return data on success","invocations":1,"location":null,"numPassingAsserts":1,"retryReasons":[],"startAt":1783494112996,"status":"passed","title":"getAlerts should return data on success"}],"endTime":1783494112998,"message":"","name":"E:\\DSS T├ái liß╗çu\\─Éß╗ô ├ín cuß╗æi kß╗│\\backend\\node_api\\tests\\unit\\controllers\\inventory.controller.test.js","startTime":1783494112100,"status":"passed","summary":""},{"assertionResults":[{"ancestorTitles":["Supplier Controller"],"duration":7,"failing":false,"failureDetails":[],"failureMessages":[],"fullName":"Supplier Controller configureWeights should call next with AppError if matrix missing","invocations":1,"location":null,"numPassingAsserts":1,"retryReasons":[],"startAt":1783494113013,"status":"passed","title":"configureWeights should call next with AppError if matrix missing"},{"ancestorTitles":["Supplier Controller"],"duration":3,"failing":false,"failureDetails":[],"failureMessages":[],"fullName":"Supplier Controller configureWeights should return data on success","invocations":1,"location":null,"numPassingAsserts":2,"retryReasons":[],"startAt":1783494113020,"status":"passed","title":"configureWeights should return data on success"},{"ancestorTitles":["Supplier Controller"],"duration":1,"failing":false,"failureDetails":[],"failureMessages":[],"fullName":"Supplier Controller getRanking should call next with AppError if no productId","invocations":1,"location":null,"numPassingAsserts":1,"retryReasons":[],"startAt":1783494113023,"status":"passed","title":"getRanking should call next with AppError if no productId"},{"ancestorTitles":["Supplier Controller"],"duration":1,"failing":false,"failureDetails":[],"failureMessages":[],"fullName":"Supplier Controller getRanking should return data on success","invocations":1,"location":null,"numPassingAsserts":2,"retryReasons":[],"startAt":1783494113024,"status":"passed","title":"getRanking should return data on success"},{"ancestorTitles":["Supplier Controller"],"duration":1,"failing":false,"failureDetails":[],"failureMessages":[],"fullName":"Supplier Controller evaluateSupplier should return data on success","invocations":1,"location":null,"numPassingAsserts":2,"retryReasons":[],"startAt":1783494113025,"status":"passed","title":"evaluateSupplier should return data on success"},{"ancestorTitles":["Supplier Controller"],"duration":1,"failing":false,"failureDetails":[],"failureMessages":[],"fullName":"Supplier Controller getRankingByProduct should return data on success","invocations":1,"location":null,"numPassingAsserts":2,"retryReasons":[],"startAt":1783494113026,"status":"passed","title":"getRankingByProduct should return data on success"}],"endTime":1783494113028,"message":"","name":"E:\\DSS T├ái liß╗çu\\─Éß╗ô ├ín cuß╗æi kß╗│\\backend\\node_api\\tests\\unit\\controllers\\supplier.controller.test.js","startTime":1783494112109,"status":"passed","summary":""},{"assertionResults":[{"ancestorTitles":["GenAI Controller"],"duration":6,"failing":false,"failureDetails":[],"failureMessages":[],"fullName":"GenAI Controller explain should return 400 if missing data","invocations":1,"location":null,"numPassingAsserts":1,"retryReasons":[],"startAt":1783494113059,"status":"passed","title":"explain should return 400 if missing data"},{"ancestorTitles":["GenAI Controller"],"duration":2,"failing":false,"failureDetails":[],"failureMessages":[],"fullName":"GenAI Controller explain should return data on success","invocations":1,"location":null,"numPassingAsserts":2,"retryReasons":[],"startAt":1783494113065,"status":"passed","title":"explain should return data on success"},{"ancestorTitles":["GenAI Controller"],"duration":0,"failing":false,"failureDetails":[],"failureMessages":[],"fullName":"GenAI Controller chat should return 400 if missing message","invocations":1,"location":null,"numPassingAsserts":1,"retryReasons":[],"startAt":1783494113067,"status":"passed","title":"chat should return 400 if missing message"},{"ancestorTitles":["GenAI Controller"],"duration":1,"failing":false,"failureDetails":[],"failureMessages":[],"fullName":"GenAI Controller chat should return data on success","invocations":1,"location":null,"numPassingAsserts":2,"retryReasons":[],"startAt":1783494113067,"status":"passed","title":"chat should return data on success"},{"ancestorTitles":["GenAI Controller"],"duration":0,"failing":false,"failureDetails":[],"failureMessages":[],"fullName":"GenAI Controller getHistory should return data on success","invocations":1,"location":null,"numPassingAsserts":2,"retryReasons":[],"startAt":1783494113068,"status":"passed","title":"getHistory should return data on success"}],"endTime":1783494113069,"message":"","name":"E:\\DSS T├ái liß╗çu\\─Éß╗ô ├ín cuß╗æi kß╗│\\backend\\node_api\\tests\\unit\\controllers\\genai.controller.test.js","startTime":1783494112109,"status":"passed","summary":""},{"assertionResults":[{"ancestorTitles":["MLClient","forecast"],"duration":8,"failing":false,"failureDetails":[],"failureMessages":[],"fullName":"MLClient forecast should return data when request is successful","invocations":1,"location":null,"numPassingAsserts":2,"retryReasons":[],"startAt":1783494113045,"status":"passed","title":"should return data when request is successful"},{"ancestorTitles":["MLClient","retry mechanism"],"duration":19,"failing":false,"failureDetails":[],"failureMessages":[],"fullName":"MLClient retry mechanism should retry on failure and succeed eventually","invocations":1,"location":null,"numPassingAsserts":3,"retryReasons":[],"startAt":1783494113054,"status":"passed","title":"should retry on failure and succeed eventually"},{"ancestorTitles":["MLClient","retry mechanism"],"duration":10,"failing":false,"failureDetails":[],"failureMessages":[],"fullName":"MLClient retry mechanism should throw error after max retries","invocations":1,"location":null,"numPassingAsserts":2,"retryReasons":[],"startAt":1783494113073,"status":"passed","title":"should throw error after max retries"},{"ancestorTitles":["MLClient","other methods"],"duration":1,"failing":false,"failureDetails":[],"failureMessages":[],"fullName":"MLClient other methods trainModel should call /train","invocations":1,"location":null,"numPassingAsserts":1,"retryReasons":[],"startAt":1783494113083,"status":"passed","title":"trainModel should call /train"},{"ancestorTitles":["MLClient","other methods"],"duration":1,"failing":false,"failureDetails":[],"failureMessages":[],"fullName":"MLClient other methods getModelInfo should call /model-info","invocations":1,"location":null,"numPassingAsserts":1,"retryReasons":[],"startAt":1783494113084,"status":"passed","title":"getModelInfo should call /model-info"}],"endTime":1783494113086,"message":"","name":"E:\\DSS T├ái liß╗çu\\─Éß╗ô ├ín cuß╗æi kß╗│\\backend\\node_api\\tests\\unit\\services\\mlClient.test.js","startTime":1783494112100,"status":"passed","summary":""},{"assertionResults":[{"ancestorTitles":["Auth Controller","register"],"duration":6,"failing":false,"failureDetails":[],"failureMessages":[],"fullName":"Auth Controller register should return 400 if validation fails","invocations":1,"location":null,"numPassingAsserts":1,"retryReasons":[],"startAt":1783494113077,"status":"passed","title":"should return 400 if validation fails"},{"ancestorTitles":["Auth Controller","register"],"duration":3,"failing":false,"failureDetails":[],"failureMessages":[],"fullName":"Auth Controller register should return 409 if email exists","invocations":1,"location":null,"numPassingAsserts":2,"retryReasons":[],"startAt":1783494113083,"status":"passed","title":"should return 409 if email exists"},{"ancestorTitles":["Auth Controller","register"],"duration":2,"failing":false,"failureDetails":[],"failureMessages":[],"fullName":"Auth Controller register should return 201 on success","invocations":1,"location":null,"numPassingAsserts":1,"retryReasons":[],"startAt":1783494113086,"status":"passed","title":"should return 201 on success"},{"ancestorTitles":["Auth Controller","login"],"duration":1,"failing":false,"failureDetails":[],"failureMessages":[],"fullName":"Auth Controller login should return 400 if validation fails","invocations":1,"location":null,"numPassingAsserts":1,"retryReasons":[],"startAt":1783494113088,"status":"passed","title":"should return 400 if validation fails"},{"ancestorTitles":["Auth Controller","login"],"duration":1,"failing":false,"failureDetails":[],"failureMessages":[],"fullName":"Auth Controller login should return 401 if user not found","invocations":1,"location":null,"numPassingAsserts":1,"retryReasons":[],"startAt":1783494113089,"status":"passed","title":"should return 401 if user not found"},{"ancestorTitles":["Auth Controller","login"],"duration":0,"failing":false,"failureDetails":[],"failureMessages":[],"fullName":"Auth Controller login should return 200 on success","invocations":1,"location":null,"numPassingAsserts":2,"retryReasons":[],"startAt":1783494113090,"status":"passed","title":"should return 200 on success"}],"endTime":1783494113091,"message":"","name":"E:\\DSS T├ái liß╗çu\\─Éß╗ô ├ín cuß╗æi kß╗│\\backend\\node_api\\tests\\unit\\controllers\\auth.controller.test.js","startTime":1783494112136,"status":"passed","summary":""},{"assertionResults":[{"ancestorTitles":["Dashboard Controller","getOverviewStats"],"duration":5,"failing":false,"failureDetails":[],"failureMessages":[],"fullName":"Dashboard Controller getOverviewStats should return stats on success","invocations":1,"location":null,"numPassingAsserts":2,"retryReasons":[],"startAt":1783494113120,"status":"passed","title":"should return stats on success"},{"ancestorTitles":["Dashboard Controller","getOverviewStats"],"duration":1,"failing":false,"failureDetails":[],"failureMessages":[],"fullName":"Dashboard Controller getOverviewStats should handle db error","invocations":1,"location":null,"numPassingAsserts":1,"retryReasons":[],"startAt":1783494113125,"status":"passed","title":"should handle db error"},{"ancestorTitles":["Dashboard Controller","getAlerts"],"duration":0,"failing":false,"failureDetails":[],"failureMessages":[],"fullName":"Dashboard Controller getAlerts should return alerts on success","invocations":1,"location":null,"numPassingAsserts":2,"retryReasons":[],"startAt":1783494113126,"status":"passed","title":"should return alerts on success"}],"endTime":1783494113127,"message":"","name":"E:\\DSS T├ái liß╗çu\\─Éß╗ô ├ín cuß╗æi kß╗│\\backend\\node_api\\tests\\unit\\controllers\\dashboard.controller.test.js","startTime":1783494112098,"status":"passed","summary":""},{"assertionResults":[{"ancestorTitles":["Data Controller","getAll"],"duration":4,"failing":false,"failureDetails":[],"failureMessages":[],"fullName":"Data Controller getAll should call next with AppError if entity not found","invocations":1,"location":null,"numPassingAsserts":1,"retryReasons":[],"startAt":1783494113104,"status":"passed","title":"should call next with AppError if entity not found"},{"ancestorTitles":["Data Controller","getAll"],"duration":0,"failing":false,"failureDetails":[],"failureMessages":[],"fullName":"Data Controller getAll should return data on success","invocations":1,"location":null,"numPassingAsserts":2,"retryReasons":[],"startAt":1783494113109,"status":"passed","title":"should return data on success"},{"ancestorTitles":["Data Controller","getAll"],"duration":1,"failing":false,"failureDetails":[],"failureMessages":[],"fullName":"Data Controller getAll should call next on error","invocations":1,"location":null,"numPassingAsserts":1,"retryReasons":[],"startAt":1783494113109,"status":"passed","title":"should call next on error"},{"ancestorTitles":["Data Controller","getById"],"duration":0,"failing":false,"failureDetails":[],"failureMessages":[],"fullName":"Data Controller getById should return data on success","invocations":1,"location":null,"numPassingAsserts":2,"retryReasons":[],"startAt":1783494113110,"status":"passed","title":"should return data on success"},{"ancestorTitles":["Data Controller","getById"],"duration":1,"failing":false,"failureDetails":[],"failureMessages":[],"fullName":"Data Controller getById should call next with AppError if not found","invocations":1,"location":null,"numPassingAsserts":1,"retryReasons":[],"startAt":1783494113110,"status":"passed","title":"should call next with AppError if not found"},{"ancestorTitles":["Data Controller","create"],"duration":1,"failing":false,"failureDetails":[],"failureMessages":[],"fullName":"Data Controller create should call next with AppError on validation fail","invocations":1,"location":null,"numPassingAsserts":1,"retryReasons":[],"startAt":1783494113111,"status":"passed","title":"should call next with AppError on validation fail"},{"ancestorTitles":["Data Controller","create"],"duration":1,"failing":false,"failureDetails":[{"matcherResult":{"message":"expect(jest.fn()).toHaveBeenCalledWith(...expected)\n\nExpected: 201\n\nNumber of calls: 0","pass":false}}],"failureMessages":["Error: expect(jest.fn()).toHaveBeenCalledWith(...expected)\n\nExpected: 201\n\nNumber of calls: 0\n    at Object.toHaveBeenCalledWith (E:\\DSS T├ái liß╗çu\\─Éß╗ô ├ín cuß╗æi kß╗│\\backend\\node_api\\tests\\unit\\controllers\\data.controller.test.js:77:36)\n    at processTicksAndRejections (node:internal/process/task_queues:105:5)"],"fullName":"Data Controller create should create data on success","invocations":1,"location":null,"numPassingAsserts":0,"retryReasons":[],"startAt":1783494113113,"status":"failed","title":"should create data on success"},{"ancestorTitles":["Data Controller","update"],"duration":1,"failing":false,"failureDetails":[{"matcherResult":{"message":"expect(jest.fn()).toHaveBeenCalledWith(...expected)\n\nExpected: 200\n\nNumber of calls: 0","pass":false}}],"failureMessages":["Error: expect(jest.fn()).toHaveBeenCalledWith(...expected)\n\nExpected: 200\n\nNumber of calls: 0\n    at Object.toHaveBeenCalledWith (E:\\DSS T├ái liß╗çu\\─Éß╗ô ├ín cuß╗æi kß╗│\\backend\\node_api\\tests\\unit\\controllers\\data.controller.test.js:88:36)\n    at processTicksAndRejections (node:internal/process/task_queues:105:5)"],"fullName":"Data Controller update should update data on success","invocations":1,"location":null,"numPassingAsserts":0,"retryReasons":[],"startAt":1783494113119,"status":"failed","title":"should update data on success"},{"ancestorTitles":["Data Controller","remove"],"duration":0,"failing":false,"failureDetails":[],"failureMessages":[],"fullName":"Data Controller remove should remove data on success","invocations":1,"location":null,"numPassingAsserts":1,"retryReasons":[],"startAt":1783494113120,"status":"passed","title":"should remove data on success"}],"endTime":1783494113134,"message":"  ΓùÅ Data Controller ΓÇ║ create ΓÇ║ should create data on success\n\n    expect(jest.fn()).toHaveBeenCalledWith(...expected)\n\n    Expected: 201\n\n    Number of calls: 0\n\n    \u001b[0m \u001b[90m 75 |\u001b[39m             \u001b[33mProductModel\u001b[39m\u001b[33m.\u001b[39mcreate\u001b[33m.\u001b[39mmockResolvedValue({ id\u001b[33m:\u001b[39m \u001b[35m1\u001b[39m })\u001b[33m;\u001b[39m\n     \u001b[90m 76 |\u001b[39m             \u001b[36mawait\u001b[39m dataController\u001b[33m.\u001b[39mcreate(mockReq\u001b[33m,\u001b[39m mockRes\u001b[33m,\u001b[39m mockNext)\u001b[33m;\u001b[39m\n    \u001b[31m\u001b[1m>\u001b[22m\u001b[39m\u001b[90m 77 |\u001b[39m             expect(mockRes\u001b[33m.\u001b[39mstatus)\u001b[33m.\u001b[39mtoHaveBeenCalledWith(\u001b[35m201\u001b[39m)\u001b[33m;\u001b[39m\n     \u001b[90m    |\u001b[39m                                    \u001b[31m\u001b[1m^\u001b[22m\u001b[39m\n     \u001b[90m 78 |\u001b[39m             expect(mockRes\u001b[33m.\u001b[39mjson)\u001b[33m.\u001b[39mtoHaveBeenCalledWith(expect\u001b[33m.\u001b[39mobjectContaining({ success\u001b[33m:\u001b[39m \u001b[36mtrue\u001b[39m }))\u001b[33m;\u001b[39m\n     \u001b[90m 79 |\u001b[39m         })\u001b[33m;\u001b[39m\n     \u001b[90m 80 |\u001b[39m     })\u001b[33m;\u001b[39m\u001b[0m\n\n      at Object.toHaveBeenCalledWith (tests/unit/controllers/data.controller.test.js:77:36)\n\n  ΓùÅ Data Controller ΓÇ║ update ΓÇ║ should update data on success\n\n    expect(jest.fn()).toHaveBeenCalledWith(...expected)\n\n    Expected: 200\n\n    Number of calls: 0\n\n    \u001b[0m \u001b[90m 86 |\u001b[39m             \u001b[33mProductModel\u001b[39m\u001b[33m.\u001b[39mupdate\u001b[33m.\u001b[39mmockResolvedValue({ id\u001b[33m:\u001b[39m \u001b[35m1\u001b[39m })\u001b[33m;\u001b[39m\n     \u001b[90m 87 |\u001b[39m             \u001b[36mawait\u001b[39m dataController\u001b[33m.\u001b[39mupdate(mockReq\u001b[33m,\u001b[39m mockRes\u001b[33m,\u001b[39m mockNext)\u001b[33m;\u001b[39m\n    \u001b[31m\u001b[1m>\u001b[22m\u001b[39m\u001b[90m 88 |\u001b[39m             expect(mockRes\u001b[33m.\u001b[39mstatus)\u001b[33m.\u001b[39mtoHaveBeenCalledWith(\u001b[35m200\u001b[39m)\u001b[33m;\u001b[39m\n     \u001b[90m    |\u001b[39m                                    \u001b[31m\u001b[1m^\u001b[22m\u001b[39m\n     \u001b[90m 89 |\u001b[39m         })\u001b[33m;\u001b[39m\n     \u001b[90m 90 |\u001b[39m     })\u001b[33m;\u001b[39m\n     \u001b[90m 91 |\u001b[39m\u001b[0m\n\n      at Object.toHaveBeenCalledWith (tests/unit/controllers/data.controller.test.js:88:36)\n","name":"E:\\DSS T├ái liß╗çu\\─Éß╗ô ├ín cuß╗æi kß╗│\\backend\\node_api\\tests\\unit\\controllers\\data.controller.test.js","startTime":1783494112093,"status":"failed","summary":""},{"assertionResults":[{"ancestorTitles":["Forecast Controller","getForecast"],"duration":4,"failing":false,"failureDetails":[],"failureMessages":[],"fullName":"Forecast Controller getForecast should return forecast on success","invocations":1,"location":null,"numPassingAsserts":2,"retryReasons":[],"startAt":1783494113163,"status":"passed","title":"should return forecast on success"},{"ancestorTitles":["Forecast Controller","getForecast"],"duration":1,"failing":false,"failureDetails":[],"failureMessages":[],"fullName":"Forecast Controller getForecast should handle error","invocations":1,"location":null,"numPassingAsserts":1,"retryReasons":[],"startAt":1783494113167,"status":"passed","title":"should handle error"},{"ancestorTitles":["Forecast Controller","trainModel"],"duration":0,"failing":false,"failureDetails":[],"failureMessages":[],"fullName":"Forecast Controller trainModel should return data on success","invocations":1,"location":null,"numPassingAsserts":1,"retryReasons":[],"startAt":1783494113168,"status":"passed","title":"should return data on success"},{"ancestorTitles":["Forecast Controller","trainModel"],"duration":0,"failing":false,"failureDetails":[],"failureMessages":[],"fullName":"Forecast Controller trainModel should handle error","invocations":1,"location":null,"numPassingAsserts":1,"retryReasons":[],"startAt":1783494113168,"status":"passed","title":"should handle error"},{"ancestorTitles":["Forecast Controller","getModelInfo"],"duration":0,"failing":false,"failureDetails":[],"failureMessages":[],"fullName":"Forecast Controller getModelInfo should return data on success","invocations":1,"location":null,"numPassingAsserts":1,"retryReasons":[],"startAt":1783494113169,"status":"passed","title":"should return data on success"},{"ancestorTitles":["Forecast Controller","triggerETL"],"duration":0,"failing":false,"failureDetails":[],"failureMessages":[],"fullName":"Forecast Controller triggerETL should return data on success","invocations":1,"location":null,"numPassingAsserts":1,"retryReasons":[],"startAt":1783494113169,"status":"passed","title":"should return data on success"}],"endTime":1783494113170,"message":"","name":"E:\\DSS T├ái liß╗çu\\─Éß╗ô ├ín cuß╗æi kß╗│\\backend\\node_api\\tests\\unit\\controllers\\forecast.controller.test.js","startTime":1783494112095,"status":"passed","summary":""},{"assertionResults":[{"ancestorTitles":["API Integration Tests","Health Check"],"duration":25,"failing":false,"failureDetails":[],"failureMessages":[],"fullName":"API Integration Tests Health Check should return 200 on /api/health","invocations":1,"location":null,"numPassingAsserts":2,"retryReasons":[],"startAt":1783494113434,"status":"passed","title":"should return 200 on /api/health"},{"ancestorTitles":["API Integration Tests","Auth endpoints"],"duration":15,"failing":false,"failureDetails":[],"failureMessages":[],"fullName":"API Integration Tests Auth endpoints should return 400 for invalid login payload","invocations":1,"location":null,"numPassingAsserts":1,"retryReasons":[],"startAt":1783494113460,"status":"passed","title":"should return 400 for invalid login payload"},{"ancestorTitles":["API Integration Tests","Data Endpoints"],"duration":4,"failing":false,"failureDetails":[],"failureMessages":[],"fullName":"API Integration Tests Data Endpoints should return 400 for non-existent entity","invocations":1,"location":null,"numPassingAsserts":1,"retryReasons":[],"startAt":1783494113475,"status":"passed","title":"should return 400 for non-existent entity"},{"ancestorTitles":["API Integration Tests","Inventory Endpoints"],"duration":20,"failing":false,"failureDetails":[],"failureMessages":[],"fullName":"API Integration Tests Inventory Endpoints should handle missing data for EOQ","invocations":1,"location":null,"numPassingAsserts":1,"retryReasons":[],"startAt":1783494113479,"status":"passed","title":"should handle missing data for EOQ"},{"ancestorTitles":["API Integration Tests","Dashboard Endpoints"],"duration":3,"failing":false,"failureDetails":[],"failureMessages":[],"fullName":"API Integration Tests Dashboard Endpoints should reject access without token","invocations":1,"location":null,"numPassingAsserts":1,"retryReasons":[],"startAt":1783494113499,"status":"passed","title":"should reject access without token"},{"ancestorTitles":["API Integration Tests","GenAI Endpoints"],"duration":3,"failing":false,"failureDetails":[],"failureMessages":[],"fullName":"API Integration Tests GenAI Endpoints should reject without token","invocations":1,"location":null,"numPassingAsserts":1,"retryReasons":[],"startAt":1783494113502,"status":"passed","title":"should reject without token"},{"ancestorTitles":["API Integration Tests","Supplier Endpoints"],"duration":8,"failing":false,"failureDetails":[],"failureMessages":[],"fullName":"API Integration Tests Supplier Endpoints should return ranking for supplier","invocations":1,"location":null,"numPassingAsserts":1,"retryReasons":[],"startAt":1783494113505,"status":"passed","title":"should return ranking for supplier"},{"ancestorTitles":["API Integration Tests","Forecast Endpoints"],"duration":3045,"failing":false,"failureDetails":[],"failureMessages":[],"fullName":"API Integration Tests Forecast Endpoints should fail if ML service down","invocations":1,"location":null,"numPassingAsserts":1,"retryReasons":[],"startAt":1783494113513,"status":"passed","title":"should fail if ML service down"}],"endTime":1783494116559,"message":"","name":"E:\\DSS T├ái liß╗çu\\─Éß╗ô ├ín cuß╗æi kß╗│\\backend\\node_api\\tests\\integration\\api.test.js","startTime":1783494112098,"status":"passed","summary":""}],"wasInterrupted":false}
