{"E:\\DSS Tài liệu\\Đồ án cuối kỳ\\backend\\node_api\\src\\controllers\\auth.controller.js": {"path":"E:\\DSS Tài liệu\\Đồ án cuối kỳ\\backend\\node_api\\src\\controllers\\auth.controller.js","statementMap":{"0":{"start":{"line":1,"column":15},"end":{"line":1,"column":34}},"1":{"start":{"line":2,"column":12},"end":{"line":2,"column":35}},"2":{"start":{"line":3,"column":18},"end":{"line":3,"column":49}},"3":{"start":{"line":4,"column":15},"end":{"line":4,"column":39}},"4":{"start":{"line":5,"column":60},"end":{"line":5,"column":99}},"5":{"start":{"line":6,"column":21},"end":{"line":6,"column":53}},"6":{"start":{"line":8,"column":28},"end":{"line":14,"column":1}},"7":{"start":{"line":9,"column":4},"end":{"line":13,"column":6}},"8":{"start":{"line":16,"column":29},"end":{"line":22,"column":1}},"9":{"start":{"line":17,"column":4},"end":{"line":21,"column":6}},"10":{"start":{"line":24,"column":17},"end":{"line":65,"column":2}},"11":{"start":{"line":25,"column":29},"end":{"line":25,"column":62}},"12":{"start":{"line":26,"column":4},"end":{"line":34,"column":5}},"13":{"start":{"line":27,"column":8},"end":{"line":33,"column":11}},"14":{"start":{"line":36,"column":26},"end":{"line":36,"column":66}},"15":{"start":{"line":37,"column":4},"end":{"line":42,"column":5}},"16":{"start":{"line":38,"column":8},"end":{"line":41,"column":11}},"17":{"start":{"line":44,"column":29},"end":{"line":44,"column":75}},"18":{"start":{"line":45,"column":4},"end":{"line":50,"column":5}},"19":{"start":{"line":46,"column":8},"end":{"line":49,"column":11}},"20":{"start":{"line":52,"column":17},"end":{"line":52,"column":41}},"21":{"start":{"line":53,"column":26},"end":{"line":53,"column":65}},"22":{"start":{"line":55,"column":20},"end":{"line":58,"column":6}},"23":{"start":{"line":60,"column":4},"end":{"line":64,"column":7}},"24":{"start":{"line":67,"column":14},"end":{"line":113,"column":2}},"25":{"start":{"line":68,"column":29},"end":{"line":68,"column":59}},"26":{"start":{"line":69,"column":4},"end":{"line":74,"column":5}},"27":{"start":{"line":70,"column":8},"end":{"line":73,"column":11}},"28":{"start":{"line":76,"column":17},"end":{"line":76,"column":57}},"29":{"start":{"line":77,"column":4},"end":{"line":82,"column":5}},"30":{"start":{"line":78,"column":8},"end":{"line":81,"column":11}},"31":{"start":{"line":84,"column":20},"end":{"line":84,"column":76}},"32":{"start":{"line":85,"column":4},"end":{"line":90,"column":5}},"33":{"start":{"line":86,"column":8},"end":{"line":89,"column":11}},"34":{"start":{"line":92,"column":25},"end":{"line":92,"column":50}},"35":{"start":{"line":93,"column":26},"end":{"line":93,"column":52}},"36":{"start":{"line":95,"column":4},"end":{"line":95,"column":68}},"37":{"start":{"line":97,"column":4},"end":{"line":112,"column":7}},"38":{"start":{"line":115,"column":21},"end":{"line":156,"column":2}},"39":{"start":{"line":116,"column":29},"end":{"line":116,"column":66}},"40":{"start":{"line":117,"column":4},"end":{"line":122,"column":5}},"41":{"start":{"line":118,"column":8},"end":{"line":121,"column":11}},"42":{"start":{"line":125,"column":4},"end":{"line":132,"column":5}},"43":{"start":{"line":126,"column":8},"end":{"line":126,"column":69}},"44":{"start":{"line":128,"column":8},"end":{"line":131,"column":11}},"45":{"start":{"line":134,"column":17},"end":{"line":134,"column":58}},"46":{"start":{"line":135,"column":4},"end":{"line":140,"column":5}},"47":{"start":{"line":136,"column":8},"end":{"line":139,"column":11}},"48":{"start":{"line":142,"column":29},"end":{"line":142,"column":54}},"49":{"start":{"line":143,"column":30},"end":{"line":143,"column":56}},"50":{"start":{"line":145,"column":4},"end":{"line":145,"column":72}},"51":{"start":{"line":147,"column":4},"end":{"line":155,"column":7}},"52":{"start":{"line":158,"column":15},"end":{"line":161,"column":2}},"53":{"start":{"line":159,"column":4},"end":{"line":159,"column":63}},"54":{"start":{"line":160,"column":4},"end":{"line":160,"column":77}},"55":{"start":{"line":163,"column":0},"end":{"line":168,"column":2}}},"fnMap":{"0":{"name":"(anonymous_0)","decl":{"start":{"line":8,"column":28},"end":{"line":8,"column":29}},"loc":{"start":{"line":8,"column":38},"end":{"line":14,"column":1}},"line":8},"1":{"name":"(anonymous_1)","decl":{"start":{"line":16,"column":29},"end":{"line":16,"column":30}},"loc":{"start":{"line":16,"column":39},"end":{"line":22,"column":1}},"line":16},"2":{"name":"(anonymous_2)","decl":{"start":{"line":24,"column":30},"end":{"line":24,"column":31}},"loc":{"start":{"line":24,"column":56},"end":{"line":65,"column":1}},"line":24},"3":{"name":"(anonymous_3)","decl":{"start":{"line":67,"column":27},"end":{"line":67,"column":28}},"loc":{"start":{"line":67,"column":53},"end":{"line":113,"column":1}},"line":67},"4":{"name":"(anonymous_4)","decl":{"start":{"line":115,"column":34},"end":{"line":115,"column":35}},"loc":{"start":{"line":115,"column":60},"end":{"line":156,"column":1}},"line":115},"5":{"name":"(anonymous_5)","decl":{"start":{"line":158,"column":28},"end":{"line":158,"column":29}},"loc":{"start":{"line":158,"column":54},"end":{"line":161,"column":1}},"line":158}},"branchMap":{"0":{"loc":{"start":{"line":26,"column":4},"end":{"line":34,"column":5}},"type":"if","locations":[{"start":{"line":26,"column":4},"end":{"line":34,"column":5}},{"start":{},"end":{}}],"line":26},"1":{"loc":{"start":{"line":37,"column":4},"end":{"line":42,"column":5}},"type":"if","locations":[{"start":{"line":37,"column":4},"end":{"line":42,"column":5}},{"start":{},"end":{}}],"line":37},"2":{"loc":{"start":{"line":45,"column":4},"end":{"line":50,"column":5}},"type":"if","locations":[{"start":{"line":45,"column":4},"end":{"line":50,"column":5}},{"start":{},"end":{}}],"line":45},"3":{"loc":{"start":{"line":69,"column":4},"end":{"line":74,"column":5}},"type":"if","locations":[{"start":{"line":69,"column":4},"end":{"line":74,"column":5}},{"start":{},"end":{}}],"line":69},"4":{"loc":{"start":{"line":77,"column":4},"end":{"line":82,"column":5}},"type":"if","locations":[{"start":{"line":77,"column":4},"end":{"line":82,"column":5}},{"start":{},"end":{}}],"line":77},"5":{"loc":{"start":{"line":77,"column":8},"end":{"line":77,"column":32}},"type":"binary-expr","locations":[{"start":{"line":77,"column":8},"end":{"line":77,"column":13}},{"start":{"line":77,"column":17},"end":{"line":77,"column":32}}],"line":77},"6":{"loc":{"start":{"line":85,"column":4},"end":{"line":90,"column":5}},"type":"if","locations":[{"start":{"line":85,"column":4},"end":{"line":90,"column":5}},{"start":{},"end":{}}],"line":85},"7":{"loc":{"start":{"line":117,"column":4},"end":{"line":122,"column":5}},"type":"if","locations":[{"start":{"line":117,"column":4},"end":{"line":122,"column":5}},{"start":{},"end":{}}],"line":117},"8":{"loc":{"start":{"line":135,"column":4},"end":{"line":140,"column":5}},"type":"if","locations":[{"start":{"line":135,"column":4},"end":{"line":140,"column":5}},{"start":{},"end":{}}],"line":135},"9":{"loc":{"start":{"line":135,"column":8},"end":{"line":135,"column":59}},"type":"binary-expr","locations":[{"start":{"line":135,"column":8},"end":{"line":135,"column":13}},{"start":{"line":135,"column":17},"end":{"line":135,"column":59}}],"line":135}},"s":{"0":2,"1":2,"2":2,"3":2,"4":2,"5":2,"6":2,"7":1,"8":2,"9":1,"10":2,"11":3,"12":3,"13":1,"14":2,"15":2,"16":1,"17":1,"18":1,"19":0,"20":1,"21":1,"22":1,"23":1,"24":2,"25":4,"26":4,"27":2,"28":2,"29":2,"30":1,"31":1,"32":1,"33":0,"34":1,"35":1,"36":1,"37":1,"38":2,"39":0,"40":0,"41":0,"42":0,"43":0,"44":0,"45":0,"46":0,"47":0,"48":0,"49":0,"50":0,"51":0,"52":2,"53":0,"54":0,"55":2},"f":{"0":1,"1":1,"2":3,"3":4,"4":0,"5":0},"b":{"0":[1,2],"1":[1,1],"2":[0,1],"3":[2,2],"4":[1,1],"5":[2,1],"6":[0,1],"7":[0,0],"8":[0,0],"9":[0,0]},"_coverageSchema":"1a1c01bbd47fc00a2c39e90264f33305004495a9","hash":"2cddde89425c2291b8a5764491c5f995841cd1c7"}
,"E:\\DSS Tài liệu\\Đồ án cuối kỳ\\backend\\node_api\\src\\controllers\\dashboard.controller.js": {"path":"E:\\DSS Tài liệu\\Đồ án cuối kỳ\\backend\\node_api\\src\\controllers\\dashboard.controller.js","statementMap":{"0":{"start":{"line":1,"column":18},"end":{"line":1,"column":47}},"1":{"start":{"line":2,"column":21},"end":{"line":2,"column":53}},"2":{"start":{"line":4,"column":25},"end":{"line":20,"column":2}},"3":{"start":{"line":5,"column":60},"end":{"line":9,"column":6}},"4":{"start":{"line":11,"column":4},"end":{"line":19,"column":7}},"5":{"start":{"line":22,"column":18},"end":{"line":41,"column":2}},"6":{"start":{"line":23,"column":19},"end":{"line":27,"column":6}},"7":{"start":{"line":29,"column":19},"end":{"line":34,"column":6}},"8":{"start":{"line":30,"column":8},"end":{"line":32,"column":9}},"9":{"start":{"line":31,"column":12},"end":{"line":31,"column":109}},"10":{"start":{"line":33,"column":8},"end":{"line":33,"column":103}},"11":{"start":{"line":36,"column":4},"end":{"line":40,"column":7}},"12":{"start":{"line":43,"column":26},"end":{"line":61,"column":2}},"13":{"start":{"line":44,"column":40},"end":{"line":47,"column":6}},"14":{"start":{"line":49,"column":20},"end":{"line":49,"column":62}},"15":{"start":{"line":50,"column":18},"end":{"line":50,"column":57}},"16":{"start":{"line":52,"column":4},"end":{"line":60,"column":7}},"17":{"start":{"line":63,"column":0},"end":{"line":67,"column":2}}},"fnMap":{"0":{"name":"(anonymous_0)","decl":{"start":{"line":4,"column":38},"end":{"line":4,"column":39}},"loc":{"start":{"line":4,"column":64},"end":{"line":20,"column":1}},"line":4},"1":{"name":"(anonymous_1)","decl":{"start":{"line":22,"column":31},"end":{"line":22,"column":32}},"loc":{"start":{"line":22,"column":57},"end":{"line":41,"column":1}},"line":22},"2":{"name":"(anonymous_2)","decl":{"start":{"line":29,"column":35},"end":{"line":29,"column":36}},"loc":{"start":{"line":29,"column":42},"end":{"line":34,"column":5}},"line":29},"3":{"name":"(anonymous_3)","decl":{"start":{"line":43,"column":39},"end":{"line":43,"column":40}},"loc":{"start":{"line":43,"column":65},"end":{"line":61,"column":1}},"line":43}},"branchMap":{"0":{"loc":{"start":{"line":14,"column":36},"end":{"line":14,"column":68}},"type":"binary-expr","locations":[{"start":{"line":14,"column":36},"end":{"line":14,"column":63}},{"start":{"line":14,"column":67},"end":{"line":14,"column":68}}],"line":14},"1":{"loc":{"start":{"line":15,"column":37},"end":{"line":15,"column":66}},"type":"binary-expr","locations":[{"start":{"line":15,"column":37},"end":{"line":15,"column":61}},{"start":{"line":15,"column":65},"end":{"line":15,"column":66}}],"line":15},"2":{"loc":{"start":{"line":16,"column":39},"end":{"line":16,"column":72}},"type":"binary-expr","locations":[{"start":{"line":16,"column":39},"end":{"line":16,"column":67}},{"start":{"line":16,"column":71},"end":{"line":16,"column":72}}],"line":16},"3":{"loc":{"start":{"line":30,"column":8},"end":{"line":32,"column":9}},"type":"if","locations":[{"start":{"line":30,"column":8},"end":{"line":32,"column":9}},{"start":{},"end":{}}],"line":30},"4":{"loc":{"start":{"line":49,"column":31},"end":{"line":49,"column":61}},"type":"binary-expr","locations":[{"start":{"line":49,"column":31},"end":{"line":49,"column":56}},{"start":{"line":49,"column":60},"end":{"line":49,"column":61}}],"line":49},"5":{"loc":{"start":{"line":50,"column":29},"end":{"line":50,"column":56}},"type":"binary-expr","locations":[{"start":{"line":50,"column":29},"end":{"line":50,"column":51}},{"start":{"line":50,"column":55},"end":{"line":50,"column":56}}],"line":50}},"s":{"0":2,"1":2,"2":2,"3":2,"4":1,"5":2,"6":1,"7":1,"8":0,"9":0,"10":0,"11":1,"12":2,"13":0,"14":0,"15":0,"16":0,"17":2},"f":{"0":2,"1":1,"2":0,"3":0},"b":{"0":[1,0],"1":[1,0],"2":[1,0],"3":[0,0],"4":[0,0],"5":[0,0]},"_coverageSchema":"1a1c01bbd47fc00a2c39e90264f33305004495a9","hash":"38e1a4a653b50d10d95b24d531d05f8615265872"}
,"E:\\DSS Tài liệu\\Đồ án cuối kỳ\\backend\\node_api\\src\\controllers\\data.controller.js": {"path":"E:\\DSS Tài liệu\\Đồ án cuối kỳ\\backend\\node_api\\src\\controllers\\data.controller.js","statementMap":{"0":{"start":{"line":1,"column":81},"end":{"line":1,"column":113}},"1":{"start":{"line":2,"column":17},"end":{"line":2,"column":45}},"2":{"start":{"line":3,"column":86},"end":{"line":3,"column":125}},"3":{"start":{"line":4,"column":11},"end":{"line":4,"column":24}},"4":{"start":{"line":5,"column":12},"end":{"line":5,"column":33}},"5":{"start":{"line":6,"column":21},"end":{"line":6,"column":53}},"6":{"start":{"line":8,"column":17},"end":{"line":17,"column":1}},"7":{"start":{"line":9,"column":4},"end":{"line":16,"column":5}},"8":{"start":{"line":10,"column":25},"end":{"line":10,"column":45}},"9":{"start":{"line":11,"column":22},"end":{"line":11,"column":40}},"10":{"start":{"line":12,"column":26},"end":{"line":12,"column":48}},"11":{"start":{"line":13,"column":26},"end":{"line":13,"column":47}},"12":{"start":{"line":14,"column":23},"end":{"line":14,"column":42}},"13":{"start":{"line":15,"column":17},"end":{"line":15,"column":29}},"14":{"start":{"line":19,"column":18},"end":{"line":28,"column":1}},"15":{"start":{"line":20,"column":4},"end":{"line":27,"column":5}},"16":{"start":{"line":21,"column":25},"end":{"line":21,"column":46}},"17":{"start":{"line":22,"column":22},"end":{"line":22,"column":41}},"18":{"start":{"line":23,"column":26},"end":{"line":23,"column":49}},"19":{"start":{"line":24,"column":26},"end":{"line":24,"column":48}},"20":{"start":{"line":25,"column":23},"end":{"line":25,"column":43}},"21":{"start":{"line":26,"column":17},"end":{"line":26,"column":29}},"22":{"start":{"line":30,"column":15},"end":{"line":55,"column":2}},"23":{"start":{"line":31,"column":23},"end":{"line":31,"column":33}},"24":{"start":{"line":32,"column":18},"end":{"line":32,"column":34}},"25":{"start":{"line":33,"column":4},"end":{"line":33,"column":80}},"26":{"start":{"line":33,"column":16},"end":{"line":33,"column":80}},"27":{"start":{"line":35,"column":62},"end":{"line":35,"column":71}},"28":{"start":{"line":37,"column":19},"end":{"line":43,"column":6}},"29":{"start":{"line":45,"column":4},"end":{"line":54,"column":7}},"30":{"start":{"line":57,"column":16},"end":{"line":66,"column":2}},"31":{"start":{"line":58,"column":27},"end":{"line":58,"column":37}},"32":{"start":{"line":59,"column":18},"end":{"line":59,"column":34}},"33":{"start":{"line":60,"column":4},"end":{"line":60,"column":80}},"34":{"start":{"line":60,"column":16},"end":{"line":60,"column":80}},"35":{"start":{"line":62,"column":17},"end":{"line":62,"column":41}},"36":{"start":{"line":63,"column":4},"end":{"line":63,"column":72}},"37":{"start":{"line":63,"column":15},"end":{"line":63,"column":72}},"38":{"start":{"line":65,"column":4},"end":{"line":65,"column":56}},"39":{"start":{"line":68,"column":15},"end":{"line":82,"column":2}},"40":{"start":{"line":69,"column":23},"end":{"line":69,"column":33}},"41":{"start":{"line":70,"column":18},"end":{"line":70,"column":34}},"42":{"start":{"line":71,"column":4},"end":{"line":71,"column":80}},"43":{"start":{"line":71,"column":16},"end":{"line":71,"column":80}},"44":{"start":{"line":73,"column":19},"end":{"line":73,"column":36}},"45":{"start":{"line":74,"column":4},"end":{"line":78,"column":5}},"46":{"start":{"line":75,"column":33},"end":{"line":75,"column":58}},"47":{"start":{"line":76,"column":8},"end":{"line":76,"column":89}},"48":{"start":{"line":76,"column":19},"end":{"line":76,"column":89}},"49":{"start":{"line":77,"column":8},"end":{"line":77,"column":25}},"50":{"start":{"line":80,"column":20},"end":{"line":80,"column":48}},"51":{"start":{"line":81,"column":4},"end":{"line":81,"column":90}},"52":{"start":{"line":84,"column":15},"end":{"line":98,"column":2}},"53":{"start":{"line":85,"column":27},"end":{"line":85,"column":37}},"54":{"start":{"line":86,"column":18},"end":{"line":86,"column":34}},"55":{"start":{"line":87,"column":4},"end":{"line":87,"column":80}},"56":{"start":{"line":87,"column":16},"end":{"line":87,"column":80}},"57":{"start":{"line":89,"column":19},"end":{"line":89,"column":36}},"58":{"start":{"line":90,"column":4},"end":{"line":94,"column":5}},"59":{"start":{"line":91,"column":33},"end":{"line":91,"column":58}},"60":{"start":{"line":92,"column":8},"end":{"line":92,"column":89}},"61":{"start":{"line":92,"column":19},"end":{"line":92,"column":89}},"62":{"start":{"line":93,"column":8},"end":{"line":93,"column":25}},"63":{"start":{"line":96,"column":24},"end":{"line":96,"column":56}},"64":{"start":{"line":97,"column":4},"end":{"line":97,"column":95}},"65":{"start":{"line":100,"column":15},"end":{"line":107,"column":2}},"66":{"start":{"line":101,"column":27},"end":{"line":101,"column":37}},"67":{"start":{"line":102,"column":18},"end":{"line":102,"column":34}},"68":{"start":{"line":103,"column":4},"end":{"line":103,"column":80}},"69":{"start":{"line":103,"column":16},"end":{"line":103,"column":80}},"70":{"start":{"line":105,"column":4},"end":{"line":105,"column":27}},"71":{"start":{"line":106,"column":4},"end":{"line":106,"column":71}},"72":{"start":{"line":109,"column":18},"end":{"line":185,"column":1}},"73":{"start":{"line":110,"column":4},"end":{"line":184,"column":5}},"74":{"start":{"line":111,"column":27},"end":{"line":111,"column":37}},"75":{"start":{"line":112,"column":22},"end":{"line":112,"column":38}},"76":{"start":{"line":113,"column":8},"end":{"line":113,"column":84}},"77":{"start":{"line":113,"column":20},"end":{"line":113,"column":84}},"78":{"start":{"line":115,"column":8},"end":{"line":117,"column":9}},"79":{"start":{"line":116,"column":12},"end":{"line":116,"column":91}},"80":{"start":{"line":119,"column":23},"end":{"line":119,"column":40}},"81":{"start":{"line":120,"column":24},"end":{"line":120,"column":26}},"82":{"start":{"line":121,"column":23},"end":{"line":121,"column":25}},"83":{"start":{"line":122,"column":22},"end":{"line":122,"column":23}},"84":{"start":{"line":123,"column":23},"end":{"line":123,"column":24}},"85":{"start":{"line":125,"column":8},"end":{"line":178,"column":15}},"86":{"start":{"line":128,"column":16},"end":{"line":138,"column":17}},"87":{"start":{"line":129,"column":45},"end":{"line":129,"column":90}},"88":{"start":{"line":130,"column":20},"end":{"line":135,"column":21}},"89":{"start":{"line":131,"column":24},"end":{"line":131,"column":84}},"90":{"start":{"line":132,"column":24},"end":{"line":132,"column":34}},"91":{"start":{"line":134,"column":24},"end":{"line":134,"column":44}},"92":{"start":{"line":137,"column":20},"end":{"line":137,"column":39}},"93":{"start":{"line":141,"column":16},"end":{"line":171,"column":17}},"94":{"start":{"line":142,"column":20},"end":{"line":150,"column":21}},"95":{"start":{"line":143,"column":24},"end":{"line":149,"column":25}},"96":{"start":{"line":144,"column":28},"end":{"line":144,"column":52}},"97":{"start":{"line":145,"column":28},"end":{"line":145,"column":39}},"98":{"start":{"line":147,"column":28},"end":{"line":147,"column":69}},"99":{"start":{"line":148,"column":28},"end":{"line":148,"column":38}},"100":{"start":{"line":152,"column":20},"end":{"line":154,"column":21}},"101":{"start":{"line":153,"column":24},"end":{"line":153,"column":53}},"102":{"start":{"line":156,"column":20},"end":{"line":165,"column":23}},"103":{"start":{"line":167,"column":20},"end":{"line":169,"column":21}},"104":{"start":{"line":168,"column":24},"end":{"line":168,"column":53}},"105":{"start":{"line":170,"column":20},"end":{"line":170,"column":30}},"106":{"start":{"line":174,"column":16},"end":{"line":176,"column":17}},"107":{"start":{"line":175,"column":20},"end":{"line":175,"column":49}},"108":{"start":{"line":177,"column":16},"end":{"line":177,"column":96}},"109":{"start":{"line":180,"column":8},"end":{"line":182,"column":9}},"110":{"start":{"line":181,"column":12},"end":{"line":181,"column":41}},"111":{"start":{"line":183,"column":8},"end":{"line":183,"column":18}},"112":{"start":{"line":187,"column":26},"end":{"line":197,"column":2}},"113":{"start":{"line":188,"column":34},"end":{"line":188,"column":44}},"114":{"start":{"line":189,"column":4},"end":{"line":191,"column":5}},"115":{"start":{"line":190,"column":8},"end":{"line":190,"column":65}},"116":{"start":{"line":193,"column":18},"end":{"line":193,"column":34}},"117":{"start":{"line":194,"column":18},"end":{"line":194,"column":58}},"118":{"start":{"line":196,"column":4},"end":{"line":196,"column":57}},"119":{"start":{"line":199,"column":0},"end":{"line":199,"column":91}}},"fnMap":{"0":{"name":"(anonymous_0)","decl":{"start":{"line":8,"column":17},"end":{"line":8,"column":18}},"loc":{"start":{"line":8,"column":29},"end":{"line":17,"column":1}},"line":8},"1":{"name":"(anonymous_1)","decl":{"start":{"line":19,"column":18},"end":{"line":19,"column":19}},"loc":{"start":{"line":19,"column":30},"end":{"line":28,"column":1}},"line":19},"2":{"name":"(anonymous_2)","decl":{"start":{"line":30,"column":28},"end":{"line":30,"column":29}},"loc":{"start":{"line":30,"column":54},"end":{"line":55,"column":1}},"line":30},"3":{"name":"(anonymous_3)","decl":{"start":{"line":57,"column":29},"end":{"line":57,"column":30}},"loc":{"start":{"line":57,"column":55},"end":{"line":66,"column":1}},"line":57},"4":{"name":"(anonymous_4)","decl":{"start":{"line":68,"column":28},"end":{"line":68,"column":29}},"loc":{"start":{"line":68,"column":54},"end":{"line":82,"column":1}},"line":68},"5":{"name":"(anonymous_5)","decl":{"start":{"line":84,"column":28},"end":{"line":84,"column":29}},"loc":{"start":{"line":84,"column":54},"end":{"line":98,"column":1}},"line":84},"6":{"name":"(anonymous_6)","decl":{"start":{"line":100,"column":28},"end":{"line":100,"column":29}},"loc":{"start":{"line":100,"column":54},"end":{"line":107,"column":1}},"line":100},"7":{"name":"(anonymous_7)","decl":{"start":{"line":109,"column":18},"end":{"line":109,"column":19}},"loc":{"start":{"line":109,"column":44},"end":{"line":185,"column":1}},"line":109},"8":{"name":"(anonymous_8)","decl":{"start":{"line":127,"column":24},"end":{"line":127,"column":25}},"loc":{"start":{"line":127,"column":34},"end":{"line":139,"column":13}},"line":127},"9":{"name":"(anonymous_9)","decl":{"start":{"line":140,"column":23},"end":{"line":140,"column":24}},"loc":{"start":{"line":140,"column":35},"end":{"line":172,"column":13}},"line":140},"10":{"name":"(anonymous_10)","decl":{"start":{"line":173,"column":25},"end":{"line":173,"column":26}},"loc":{"start":{"line":173,"column":36},"end":{"line":178,"column":13}},"line":173},"11":{"name":"(anonymous_11)","decl":{"start":{"line":187,"column":39},"end":{"line":187,"column":40}},"loc":{"start":{"line":187,"column":65},"end":{"line":197,"column":1}},"line":187}},"branchMap":{"0":{"loc":{"start":{"line":9,"column":4},"end":{"line":16,"column":5}},"type":"switch","locations":[{"start":{"line":10,"column":8},"end":{"line":10,"column":45}},{"start":{"line":11,"column":8},"end":{"line":11,"column":40}},{"start":{"line":12,"column":8},"end":{"line":12,"column":48}},{"start":{"line":13,"column":8},"end":{"line":13,"column":47}},{"start":{"line":14,"column":8},"end":{"line":14,"column":42}},{"start":{"line":15,"column":8},"end":{"line":15,"column":29}}],"line":9},"1":{"loc":{"start":{"line":20,"column":4},"end":{"line":27,"column":5}},"type":"switch","locations":[{"start":{"line":21,"column":8},"end":{"line":21,"column":46}},{"start":{"line":22,"column":8},"end":{"line":22,"column":41}},{"start":{"line":23,"column":8},"end":{"line":23,"column":49}},{"start":{"line":24,"column":8},"end":{"line":24,"column":48}},{"start":{"line":25,"column":8},"end":{"line":25,"column":43}},{"start":{"line":26,"column":8},"end":{"line":26,"column":29}}],"line":20},"2":{"loc":{"start":{"line":33,"column":4},"end":{"line":33,"column":80}},"type":"if","locations":[{"start":{"line":33,"column":4},"end":{"line":33,"column":80}},{"start":{},"end":{}}],"line":33},"3":{"loc":{"start":{"line":35,"column":12},"end":{"line":35,"column":20}},"type":"default-arg","locations":[{"start":{"line":35,"column":19},"end":{"line":35,"column":20}}],"line":35},"4":{"loc":{"start":{"line":35,"column":22},"end":{"line":35,"column":32}},"type":"default-arg","locations":[{"start":{"line":35,"column":30},"end":{"line":35,"column":32}}],"line":35},"5":{"loc":{"start":{"line":60,"column":4},"end":{"line":60,"column":80}},"type":"if","locations":[{"start":{"line":60,"column":4},"end":{"line":60,"column":80}},{"start":{},"end":{}}],"line":60},"6":{"loc":{"start":{"line":63,"column":4},"end":{"line":63,"column":72}},"type":"if","locations":[{"start":{"line":63,"column":4},"end":{"line":63,"column":72}},{"start":{},"end":{}}],"line":63},"7":{"loc":{"start":{"line":71,"column":4},"end":{"line":71,"column":80}},"type":"if","locations":[{"start":{"line":71,"column":4},"end":{"line":71,"column":80}},{"start":{},"end":{}}],"line":71},"8":{"loc":{"start":{"line":74,"column":4},"end":{"line":78,"column":5}},"type":"if","locations":[{"start":{"line":74,"column":4},"end":{"line":78,"column":5}},{"start":{},"end":{}}],"line":74},"9":{"loc":{"start":{"line":76,"column":8},"end":{"line":76,"column":89}},"type":"if","locations":[{"start":{"line":76,"column":8},"end":{"line":76,"column":89}},{"start":{},"end":{}}],"line":76},"10":{"loc":{"start":{"line":87,"column":4},"end":{"line":87,"column":80}},"type":"if","locations":[{"start":{"line":87,"column":4},"end":{"line":87,"column":80}},{"start":{},"end":{}}],"line":87},"11":{"loc":{"start":{"line":90,"column":4},"end":{"line":94,"column":5}},"type":"if","locations":[{"start":{"line":90,"column":4},"end":{"line":94,"column":5}},{"start":{},"end":{}}],"line":90},"12":{"loc":{"start":{"line":92,"column":8},"end":{"line":92,"column":89}},"type":"if","locations":[{"start":{"line":92,"column":8},"end":{"line":92,"column":89}},{"start":{},"end":{}}],"line":92},"13":{"loc":{"start":{"line":103,"column":4},"end":{"line":103,"column":80}},"type":"if","locations":[{"start":{"line":103,"column":4},"end":{"line":103,"column":80}},{"start":{},"end":{}}],"line":103},"14":{"loc":{"start":{"line":113,"column":8},"end":{"line":113,"column":84}},"type":"if","locations":[{"start":{"line":113,"column":8},"end":{"line":113,"column":84}},{"start":{},"end":{}}],"line":113},"15":{"loc":{"start":{"line":115,"column":8},"end":{"line":117,"column":9}},"type":"if","locations":[{"start":{"line":115,"column":8},"end":{"line":117,"column":9}},{"start":{},"end":{}}],"line":115},"16":{"loc":{"start":{"line":128,"column":16},"end":{"line":138,"column":17}},"type":"if","locations":[{"start":{"line":128,"column":16},"end":{"line":138,"column":17}},{"start":{"line":136,"column":23},"end":{"line":138,"column":17}}],"line":128},"17":{"loc":{"start":{"line":130,"column":20},"end":{"line":135,"column":21}},"type":"if","locations":[{"start":{"line":130,"column":20},"end":{"line":135,"column":21}},{"start":{"line":133,"column":27},"end":{"line":135,"column":21}}],"line":130},"18":{"loc":{"start":{"line":152,"column":20},"end":{"line":154,"column":21}},"type":"if","locations":[{"start":{"line":152,"column":20},"end":{"line":154,"column":21}},{"start":{},"end":{}}],"line":152},"19":{"loc":{"start":{"line":163,"column":36},"end":{"line":163,"column":80}},"type":"cond-expr","locations":[{"start":{"line":163,"column":56},"end":{"line":163,"column":75}},{"start":{"line":163,"column":78},"end":{"line":163,"column":80}}],"line":163},"20":{"loc":{"start":{"line":167,"column":20},"end":{"line":169,"column":21}},"type":"if","locations":[{"start":{"line":167,"column":20},"end":{"line":169,"column":21}},{"start":{},"end":{}}],"line":167},"21":{"loc":{"start":{"line":174,"column":16},"end":{"line":176,"column":17}},"type":"if","locations":[{"start":{"line":174,"column":16},"end":{"line":176,"column":17}},{"start":{},"end":{}}],"line":174},"22":{"loc":{"start":{"line":180,"column":8},"end":{"line":182,"column":9}},"type":"if","locations":[{"start":{"line":180,"column":8},"end":{"line":182,"column":9}},{"start":{},"end":{}}],"line":180},"23":{"loc":{"start":{"line":180,"column":12},"end":{"line":180,"column":52}},"type":"binary-expr","locations":[{"start":{"line":180,"column":12},"end":{"line":180,"column":20}},{"start":{"line":180,"column":24},"end":{"line":180,"column":52}}],"line":180},"24":{"loc":{"start":{"line":189,"column":4},"end":{"line":191,"column":5}},"type":"if","locations":[{"start":{"line":189,"column":4},"end":{"line":191,"column":5}},{"start":{},"end":{}}],"line":189}},"s":{"0":2,"1":2,"2":2,"3":2,"4":2,"5":2,"6":2,"7":9,"8":8,"9":0,"10":0,"11":0,"12":0,"13":1,"14":2,"15":3,"16":3,"17":0,"18":0,"19":0,"20":0,"21":0,"22":2,"23":3,"24":3,"25":3,"26":1,"27":2,"28":2,"29":1,"30":2,"31":2,"32":2,"33":2,"34":0,"35":2,"36":2,"37":1,"38":1,"39":2,"40":2,"41":2,"42":2,"43":0,"44":2,"45":2,"46":2,"47":2,"48":1,"49":1,"50":1,"51":1,"52":2,"53":1,"54":1,"55":1,"56":0,"57":1,"58":1,"59":1,"60":1,"61":0,"62":1,"63":1,"64":1,"65":2,"66":1,"67":1,"68":1,"69":0,"70":1,"71":1,"72":2,"73":0,"74":0,"75":0,"76":0,"77":0,"78":0,"79":0,"80":0,"81":0,"82":0,"83":0,"84":0,"85":0,"86":0,"87":0,"88":0,"89":0,"90":0,"91":0,"92":0,"93":0,"94":0,"95":0,"96":0,"97":0,"98":0,"99":0,"100":0,"101":0,"102":0,"103":0,"104":0,"105":0,"106":0,"107":0,"108":0,"109":0,"110":0,"111":0,"112":2,"113":0,"114":0,"115":0,"116":0,"117":0,"118":0,"119":2},"f":{"0":9,"1":3,"2":3,"3":2,"4":2,"5":1,"6":1,"7":0,"8":0,"9":0,"10":0,"11":0},"b":{"0":[8,0,0,0,0,1],"1":[3,0,0,0,0,0],"2":[1,2],"3":[2],"4":[2],"5":[0,2],"6":[1,1],"7":[0,2],"8":[2,0],"9":[1,1],"10":[0,1],"11":[1,0],"12":[0,1],"13":[0,1],"14":[0,0],"15":[0,0],"16":[0,0],"17":[0,0],"18":[0,0],"19":[0,0],"20":[0,0],"21":[0,0],"22":[0,0],"23":[0,0],"24":[0,0]},"_coverageSchema":"1a1c01bbd47fc00a2c39e90264f33305004495a9","hash":"b81b0ccf30e9d1fcd85e54eb18b099b0eac61621"}
,"E:\\DSS Tài liệu\\Đồ án cuối kỳ\\backend\\node_api\\src\\controllers\\forecast.controller.js": {"path":"E:\\DSS Tài liệu\\Đồ án cuối kỳ\\backend\\node_api\\src\\controllers\\forecast.controller.js","statementMap":{"0":{"start":{"line":1,"column":17},"end":{"line":1,"column":48}},"1":{"start":{"line":2,"column":17},"end":{"line":2,"column":45}},"2":{"start":{"line":3,"column":21},"end":{"line":3,"column":53}},"3":{"start":{"line":5,"column":0},"end":{"line":30,"column":3}},"4":{"start":{"line":6,"column":26},"end":{"line":6,"column":36}},"5":{"start":{"line":7,"column":36},"end":{"line":7,"column":45}},"6":{"start":{"line":9,"column":4},"end":{"line":11,"column":5}},"7":{"start":{"line":10,"column":8},"end":{"line":10,"column":73}},"8":{"start":{"line":13,"column":4},"end":{"line":29,"column":5}},"9":{"start":{"line":14,"column":23},"end":{"line":18,"column":9}},"10":{"start":{"line":20,"column":8},"end":{"line":24,"column":11}},"11":{"start":{"line":26,"column":8},"end":{"line":26,"column":51}},"12":{"start":{"line":26,"column":39},"end":{"line":26,"column":51}},"13":{"start":{"line":27,"column":23},"end":{"line":27,"column":85}},"14":{"start":{"line":28,"column":8},"end":{"line":28,"column":70}},"15":{"start":{"line":32,"column":0},"end":{"line":50,"column":3}},"16":{"start":{"line":33,"column":49},"end":{"line":33,"column":57}},"17":{"start":{"line":35,"column":4},"end":{"line":49,"column":5}},"18":{"start":{"line":36,"column":23},"end":{"line":39,"column":9}},"19":{"start":{"line":41,"column":8},"end":{"line":45,"column":11}},"20":{"start":{"line":47,"column":8},"end":{"line":47,"column":51}},"21":{"start":{"line":47,"column":39},"end":{"line":47,"column":51}},"22":{"start":{"line":48,"column":8},"end":{"line":48,"column":67}},"23":{"start":{"line":52,"column":0},"end":{"line":67,"column":3}},"24":{"start":{"line":53,"column":27},"end":{"line":53,"column":36}},"25":{"start":{"line":55,"column":4},"end":{"line":66,"column":5}},"26":{"start":{"line":56,"column":23},"end":{"line":56,"column":75}},"27":{"start":{"line":58,"column":8},"end":{"line":62,"column":11}},"28":{"start":{"line":64,"column":8},"end":{"line":64,"column":51}},"29":{"start":{"line":64,"column":39},"end":{"line":64,"column":51}},"30":{"start":{"line":65,"column":8},"end":{"line":65,"column":67}},"31":{"start":{"line":69,"column":0},"end":{"line":82,"column":3}},"32":{"start":{"line":70,"column":4},"end":{"line":81,"column":5}},"33":{"start":{"line":71,"column":23},"end":{"line":71,"column":50}},"34":{"start":{"line":73,"column":8},"end":{"line":77,"column":11}},"35":{"start":{"line":79,"column":8},"end":{"line":79,"column":51}},"36":{"start":{"line":79,"column":39},"end":{"line":79,"column":51}},"37":{"start":{"line":80,"column":8},"end":{"line":80,"column":67}},"38":{"start":{"line":83,"column":0},"end":{"line":107,"column":3}},"39":{"start":{"line":84,"column":49},"end":{"line":84,"column":57}},"40":{"start":{"line":86,"column":4},"end":{"line":88,"column":5}},"41":{"start":{"line":87,"column":8},"end":{"line":87,"column":80}},"42":{"start":{"line":90,"column":4},"end":{"line":106,"column":5}},"43":{"start":{"line":91,"column":23},"end":{"line":95,"column":9}},"44":{"start":{"line":97,"column":8},"end":{"line":101,"column":11}},"45":{"start":{"line":103,"column":8},"end":{"line":103,"column":51}},"46":{"start":{"line":103,"column":39},"end":{"line":103,"column":51}},"47":{"start":{"line":104,"column":23},"end":{"line":104,"column":85}},"48":{"start":{"line":105,"column":8},"end":{"line":105,"column":70}},"49":{"start":{"line":109,"column":0},"end":{"line":129,"column":3}},"50":{"start":{"line":110,"column":26},"end":{"line":110,"column":35}},"51":{"start":{"line":112,"column":4},"end":{"line":114,"column":5}},"52":{"start":{"line":113,"column":8},"end":{"line":113,"column":73}},"53":{"start":{"line":116,"column":4},"end":{"line":128,"column":5}},"54":{"start":{"line":117,"column":23},"end":{"line":117,"column":62}},"55":{"start":{"line":119,"column":8},"end":{"line":123,"column":11}},"56":{"start":{"line":125,"column":8},"end":{"line":125,"column":51}},"57":{"start":{"line":125,"column":39},"end":{"line":125,"column":51}},"58":{"start":{"line":126,"column":23},"end":{"line":126,"column":85}},"59":{"start":{"line":127,"column":8},"end":{"line":127,"column":70}}},"fnMap":{"0":{"name":"(anonymous_0)","decl":{"start":{"line":5,"column":35},"end":{"line":5,"column":36}},"loc":{"start":{"line":5,"column":61},"end":{"line":30,"column":1}},"line":5},"1":{"name":"(anonymous_1)","decl":{"start":{"line":32,"column":34},"end":{"line":32,"column":35}},"loc":{"start":{"line":32,"column":60},"end":{"line":50,"column":1}},"line":32},"2":{"name":"(anonymous_2)","decl":{"start":{"line":52,"column":36},"end":{"line":52,"column":37}},"loc":{"start":{"line":52,"column":62},"end":{"line":67,"column":1}},"line":52},"3":{"name":"(anonymous_3)","decl":{"start":{"line":69,"column":34},"end":{"line":69,"column":35}},"loc":{"start":{"line":69,"column":60},"end":{"line":82,"column":1}},"line":69},"4":{"name":"(anonymous_4)","decl":{"start":{"line":83,"column":40},"end":{"line":83,"column":41}},"loc":{"start":{"line":83,"column":66},"end":{"line":107,"column":1}},"line":83},"5":{"name":"(anonymous_5)","decl":{"start":{"line":109,"column":37},"end":{"line":109,"column":38}},"loc":{"start":{"line":109,"column":63},"end":{"line":129,"column":1}},"line":109}},"branchMap":{"0":{"loc":{"start":{"line":9,"column":4},"end":{"line":11,"column":5}},"type":"if","locations":[{"start":{"line":9,"column":4},"end":{"line":11,"column":5}},{"start":{},"end":{}}],"line":9},"1":{"loc":{"start":{"line":16,"column":12},"end":{"line":16,"column":44}},"type":"cond-expr","locations":[{"start":{"line":16,"column":22},"end":{"line":16,"column":39}},{"start":{"line":16,"column":42},"end":{"line":16,"column":44}}],"line":16},"2":{"loc":{"start":{"line":17,"column":12},"end":{"line":17,"column":35}},"type":"binary-expr","locations":[{"start":{"line":17,"column":12},"end":{"line":17,"column":22}},{"start":{"line":17,"column":26},"end":{"line":17,"column":35}}],"line":17},"3":{"loc":{"start":{"line":26,"column":8},"end":{"line":26,"column":51}},"type":"if","locations":[{"start":{"line":26,"column":8},"end":{"line":26,"column":51}},{"start":{},"end":{}}],"line":26},"4":{"loc":{"start":{"line":27,"column":23},"end":{"line":27,"column":85}},"type":"cond-expr","locations":[{"start":{"line":27,"column":76},"end":{"line":27,"column":79}},{"start":{"line":27,"column":82},"end":{"line":27,"column":85}}],"line":27},"5":{"loc":{"start":{"line":27,"column":23},"end":{"line":27,"column":73}},"type":"binary-expr","locations":[{"start":{"line":27,"column":23},"end":{"line":27,"column":36}},{"start":{"line":27,"column":40},"end":{"line":27,"column":73}}],"line":27},"6":{"loc":{"start":{"line":37,"column":12},"end":{"line":37,"column":35}},"type":"binary-expr","locations":[{"start":{"line":37,"column":12},"end":{"line":37,"column":22}},{"start":{"line":37,"column":26},"end":{"line":37,"column":35}}],"line":37},"7":{"loc":{"start":{"line":38,"column":12},"end":{"line":38,"column":39}},"type":"binary-expr","locations":[{"start":{"line":38,"column":12},"end":{"line":38,"column":32}},{"start":{"line":38,"column":36},"end":{"line":38,"column":39}}],"line":38},"8":{"loc":{"start":{"line":47,"column":8},"end":{"line":47,"column":51}},"type":"if","locations":[{"start":{"line":47,"column":8},"end":{"line":47,"column":51}},{"start":{},"end":{}}],"line":47},"9":{"loc":{"start":{"line":56,"column":51},"end":{"line":56,"column":74}},"type":"binary-expr","locations":[{"start":{"line":56,"column":51},"end":{"line":56,"column":61}},{"start":{"line":56,"column":65},"end":{"line":56,"column":74}}],"line":56},"10":{"loc":{"start":{"line":64,"column":8},"end":{"line":64,"column":51}},"type":"if","locations":[{"start":{"line":64,"column":8},"end":{"line":64,"column":51}},{"start":{},"end":{}}],"line":64},"11":{"loc":{"start":{"line":79,"column":8},"end":{"line":79,"column":51}},"type":"if","locations":[{"start":{"line":79,"column":8},"end":{"line":79,"column":51}},{"start":{},"end":{}}],"line":79},"12":{"loc":{"start":{"line":86,"column":4},"end":{"line":88,"column":5}},"type":"if","locations":[{"start":{"line":86,"column":4},"end":{"line":88,"column":5}},{"start":{},"end":{}}],"line":86},"13":{"loc":{"start":{"line":86,"column":8},"end":{"line":86,"column":79}},"type":"binary-expr","locations":[{"start":{"line":86,"column":8},"end":{"line":86,"column":20}},{"start":{"line":86,"column":24},"end":{"line":86,"column":51}},{"start":{"line":86,"column":55},"end":{"line":86,"column":79}}],"line":86},"14":{"loc":{"start":{"line":93,"column":12},"end":{"line":93,"column":44}},"type":"cond-expr","locations":[{"start":{"line":93,"column":22},"end":{"line":93,"column":39}},{"start":{"line":93,"column":42},"end":{"line":93,"column":44}}],"line":93},"15":{"loc":{"start":{"line":94,"column":12},"end":{"line":94,"column":35}},"type":"binary-expr","locations":[{"start":{"line":94,"column":12},"end":{"line":94,"column":22}},{"start":{"line":94,"column":26},"end":{"line":94,"column":35}}],"line":94},"16":{"loc":{"start":{"line":103,"column":8},"end":{"line":103,"column":51}},"type":"if","locations":[{"start":{"line":103,"column":8},"end":{"line":103,"column":51}},{"start":{},"end":{}}],"line":103},"17":{"loc":{"start":{"line":104,"column":23},"end":{"line":104,"column":85}},"type":"cond-expr","locations":[{"start":{"line":104,"column":76},"end":{"line":104,"column":79}},{"start":{"line":104,"column":82},"end":{"line":104,"column":85}}],"line":104},"18":{"loc":{"start":{"line":104,"column":23},"end":{"line":104,"column":73}},"type":"binary-expr","locations":[{"start":{"line":104,"column":23},"end":{"line":104,"column":36}},{"start":{"line":104,"column":40},"end":{"line":104,"column":73}}],"line":104},"19":{"loc":{"start":{"line":112,"column":4},"end":{"line":114,"column":5}},"type":"if","locations":[{"start":{"line":112,"column":4},"end":{"line":114,"column":5}},{"start":{},"end":{}}],"line":112},"20":{"loc":{"start":{"line":125,"column":8},"end":{"line":125,"column":51}},"type":"if","locations":[{"start":{"line":125,"column":8},"end":{"line":125,"column":51}},{"start":{},"end":{}}],"line":125},"21":{"loc":{"start":{"line":126,"column":23},"end":{"line":126,"column":85}},"type":"cond-expr","locations":[{"start":{"line":126,"column":76},"end":{"line":126,"column":79}},{"start":{"line":126,"column":82},"end":{"line":126,"column":85}}],"line":126},"22":{"loc":{"start":{"line":126,"column":23},"end":{"line":126,"column":73}},"type":"binary-expr","locations":[{"start":{"line":126,"column":23},"end":{"line":126,"column":36}},{"start":{"line":126,"column":40},"end":{"line":126,"column":73}}],"line":126}},"s":{"0":2,"1":2,"2":2,"3":2,"4":3,"5":3,"6":3,"7":1,"8":2,"9":2,"10":1,"11":1,"12":0,"13":1,"14":1,"15":2,"16":2,"17":2,"18":2,"19":1,"20":1,"21":0,"22":1,"23":2,"24":1,"25":1,"26":1,"27":1,"28":0,"29":0,"30":0,"31":2,"32":1,"33":1,"34":1,"35":0,"36":0,"37":0,"38":2,"39":0,"40":0,"41":0,"42":0,"43":0,"44":0,"45":0,"46":0,"47":0,"48":0,"49":2,"50":0,"51":0,"52":0,"53":0,"54":0,"55":0,"56":0,"57":0,"58":0,"59":0},"f":{"0":3,"1":2,"2":1,"3":1,"4":0,"5":0},"b":{"0":[1,2],"1":[0,2],"2":[2,2],"3":[0,1],"4":[0,1],"5":[1,1],"6":[2,2],"7":[2,2],"8":[0,1],"9":[1,1],"10":[0,0],"11":[0,0],"12":[0,0],"13":[0,0,0],"14":[0,0],"15":[0,0],"16":[0,0],"17":[0,0],"18":[0,0],"19":[0,0],"20":[0,0],"21":[0,0],"22":[0,0]},"_coverageSchema":"1a1c01bbd47fc00a2c39e90264f33305004495a9","hash":"214ff08c95ccf83457fa1661d204130efd5d77ce"}
,"E:\\DSS Tài liệu\\Đồ án cuối kỳ\\backend\\node_api\\src\\controllers\\genai.controller.js": {"path":"E:\\DSS Tài liệu\\Đồ án cuối kỳ\\backend\\node_api\\src\\controllers\\genai.controller.js","statementMap":{"0":{"start":{"line":1,"column":21},"end":{"line":1,"column":56}},"1":{"start":{"line":2,"column":65},"end":{"line":2,"column":97}},"2":{"start":{"line":3,"column":15},"end":{"line":3,"column":41}},"3":{"start":{"line":4,"column":11},"end":{"line":4,"column":40}},"4":{"start":{"line":5,"column":21},"end":{"line":5,"column":53}},"5":{"start":{"line":8,"column":26},"end":{"line":8,"column":89}},"6":{"start":{"line":8,"column":79},"end":{"line":8,"column":88}},"7":{"start":{"line":9,"column":27},"end":{"line":9,"column":112}},"8":{"start":{"line":10,"column":4},"end":{"line":13,"column":6}},"9":{"start":{"line":18,"column":14},"end":{"line":42,"column":6}},"10":{"start":{"line":19,"column":46},"end":{"line":19,"column":54}},"11":{"start":{"line":21,"column":8},"end":{"line":29,"column":9}},"12":{"start":{"line":22,"column":12},"end":{"line":28,"column":15}},"13":{"start":{"line":32,"column":23},"end":{"line":32,"column":72}},"14":{"start":{"line":34,"column":8},"end":{"line":41,"column":11}},"15":{"start":{"line":44,"column":11},"end":{"line":88,"column":6}},"16":{"start":{"line":45,"column":45},"end":{"line":45,"column":53}},"17":{"start":{"line":46,"column":24},"end":{"line":46,"column":40}},"18":{"start":{"line":48,"column":8},"end":{"line":56,"column":9}},"19":{"start":{"line":49,"column":12},"end":{"line":55,"column":15}},"20":{"start":{"line":59,"column":8},"end":{"line":63,"column":11}},"21":{"start":{"line":66,"column":30},"end":{"line":66,"column":55}},"22":{"start":{"line":67,"column":24},"end":{"line":67,"column":83}},"23":{"start":{"line":70,"column":29},"end":{"line":70,"column":85}},"24":{"start":{"line":73,"column":8},"end":{"line":77,"column":11}},"25":{"start":{"line":79,"column":8},"end":{"line":87,"column":11}},"26":{"start":{"line":90,"column":17},"end":{"line":109,"column":6}},"27":{"start":{"line":91,"column":24},"end":{"line":91,"column":40}},"28":{"start":{"line":94,"column":25},"end":{"line":94,"column":84}},"29":{"start":{"line":96,"column":8},"end":{"line":108,"column":11}},"30":{"start":{"line":101,"column":49},"end":{"line":104,"column":21}},"31":{"start":{"line":112,"column":0},"end":{"line":112,"column":39}}},"fnMap":{"0":{"name":"_getSystemContext","decl":{"start":{"line":7,"column":15},"end":{"line":7,"column":32}},"loc":{"start":{"line":7,"column":35},"end":{"line":14,"column":1}},"line":7},"1":{"name":"(anonymous_1)","decl":{"start":{"line":8,"column":72},"end":{"line":8,"column":73}},"loc":{"start":{"line":8,"column":79},"end":{"line":8,"column":88}},"line":8},"2":{"name":"(anonymous_2)","decl":{"start":{"line":18,"column":27},"end":{"line":18,"column":28}},"loc":{"start":{"line":18,"column":53},"end":{"line":42,"column":5}},"line":18},"3":{"name":"(anonymous_3)","decl":{"start":{"line":44,"column":24},"end":{"line":44,"column":25}},"loc":{"start":{"line":44,"column":50},"end":{"line":88,"column":5}},"line":44},"4":{"name":"(anonymous_4)","decl":{"start":{"line":90,"column":30},"end":{"line":90,"column":31}},"loc":{"start":{"line":90,"column":56},"end":{"line":109,"column":5}},"line":90},"5":{"name":"(anonymous_5)","decl":{"start":{"line":101,"column":43},"end":{"line":101,"column":44}},"loc":{"start":{"line":101,"column":49},"end":{"line":104,"column":21}},"line":101}},"branchMap":{"0":{"loc":{"start":{"line":21,"column":8},"end":{"line":29,"column":9}},"type":"if","locations":[{"start":{"line":21,"column":8},"end":{"line":29,"column":9}},{"start":{},"end":{}}],"line":21},"1":{"loc":{"start":{"line":21,"column":12},"end":{"line":21,"column":44}},"type":"binary-expr","locations":[{"start":{"line":21,"column":12},"end":{"line":21,"column":17}},{"start":{"line":21,"column":21},"end":{"line":21,"column":32}},{"start":{"line":21,"column":36},"end":{"line":21,"column":44}}],"line":21},"2":{"loc":{"start":{"line":48,"column":8},"end":{"line":56,"column":9}},"type":"if","locations":[{"start":{"line":48,"column":8},"end":{"line":56,"column":9}},{"start":{},"end":{}}],"line":48},"3":{"loc":{"start":{"line":82,"column":33},"end":{"line":82,"column":62}},"type":"binary-expr","locations":[{"start":{"line":82,"column":33},"end":{"line":82,"column":48}},{"start":{"line":82,"column":52},"end":{"line":82,"column":62}}],"line":82}},"s":{"0":2,"1":2,"2":2,"3":2,"4":2,"5":1,"6":1,"7":1,"8":1,"9":2,"10":2,"11":2,"12":1,"13":1,"14":1,"15":2,"16":2,"17":2,"18":2,"19":1,"20":1,"21":1,"22":1,"23":1,"24":1,"25":1,"26":2,"27":1,"28":1,"29":1,"30":1,"31":2},"f":{"0":1,"1":1,"2":2,"3":2,"4":1,"5":1},"b":{"0":[1,1],"1":[2,1,1],"2":[1,1],"3":[1,1]},"_coverageSchema":"1a1c01bbd47fc00a2c39e90264f33305004495a9","hash":"3dba61b32c02b4b5b646f7881ccdc3e44f5eab71"}
,"E:\\DSS Tài liệu\\Đồ án cuối kỳ\\backend\\node_api\\src\\controllers\\inventory.controller.js": {"path":"E:\\DSS Tài liệu\\Đồ án cuối kỳ\\backend\\node_api\\src\\controllers\\inventory.controller.js","statementMap":{"0":{"start":{"line":1,"column":22},"end":{"line":1,"column":58}},"1":{"start":{"line":2,"column":11},"end":{"line":2,"column":40}},"2":{"start":{"line":3,"column":17},"end":{"line":3,"column":45}},"3":{"start":{"line":4,"column":43},"end":{"line":4,"column":87}},"4":{"start":{"line":5,"column":21},"end":{"line":5,"column":53}},"5":{"start":{"line":7,"column":21},"end":{"line":13,"column":2}},"6":{"start":{"line":8,"column":29},"end":{"line":8,"column":62}},"7":{"start":{"line":9,"column":4},"end":{"line":9,"column":85}},"8":{"start":{"line":9,"column":15},"end":{"line":9,"column":85}},"9":{"start":{"line":11,"column":19},"end":{"line":11,"column":104}},"10":{"start":{"line":12,"column":4},"end":{"line":12,"column":58}},"11":{"start":{"line":15,"column":21},"end":{"line":21,"column":2}},"12":{"start":{"line":16,"column":29},"end":{"line":16,"column":62}},"13":{"start":{"line":17,"column":4},"end":{"line":17,"column":85}},"14":{"start":{"line":17,"column":15},"end":{"line":17,"column":85}},"15":{"start":{"line":19,"column":19},"end":{"line":19,"column":99}},"16":{"start":{"line":20,"column":4},"end":{"line":20,"column":58}},"17":{"start":{"line":23,"column":27},"end":{"line":64,"column":2}},"18":{"start":{"line":24,"column":26},"end":{"line":24,"column":35}},"19":{"start":{"line":25,"column":4},"end":{"line":25,"column":85}},"20":{"start":{"line":25,"column":20},"end":{"line":25,"column":85}},"21":{"start":{"line":27,"column":21},"end":{"line":33,"column":5}},"22":{"start":{"line":34,"column":4},"end":{"line":34,"column":116}},"23":{"start":{"line":34,"column":36},"end":{"line":34,"column":116}},"24":{"start":{"line":35,"column":16},"end":{"line":35,"column":32}},"25":{"start":{"line":37,"column":23},"end":{"line":42,"column":5}},"26":{"start":{"line":44,"column":25},"end":{"line":44,"column":103}},"27":{"start":{"line":45,"column":24},"end":{"line":45,"column":42}},"28":{"start":{"line":46,"column":25},"end":{"line":46,"column":83}},"29":{"start":{"line":47,"column":24},"end":{"line":47,"column":97}},"30":{"start":{"line":50,"column":26},"end":{"line":50,"column":153}},"31":{"start":{"line":51,"column":21},"end":{"line":51,"column":110}},"32":{"start":{"line":53,"column":25},"end":{"line":53,"column":29}},"33":{"start":{"line":54,"column":25},"end":{"line":54,"column":42}},"34":{"start":{"line":55,"column":25},"end":{"line":55,"column":43}},"35":{"start":{"line":57,"column":19},"end":{"line":61,"column":5}},"36":{"start":{"line":63,"column":4},"end":{"line":63,"column":90}},"37":{"start":{"line":66,"column":18},"end":{"line":86,"column":2}},"38":{"start":{"line":67,"column":18},"end":{"line":71,"column":5}},"39":{"start":{"line":73,"column":19},"end":{"line":83,"column":45}},"40":{"start":{"line":74,"column":20},"end":{"line":74,"column":41}},"41":{"start":{"line":75,"column":8},"end":{"line":82,"column":10}},"42":{"start":{"line":83,"column":22},"end":{"line":83,"column":44}},"43":{"start":{"line":85,"column":4},"end":{"line":85,"column":58}},"44":{"start":{"line":88,"column":20},"end":{"line":107,"column":2}},"45":{"start":{"line":89,"column":19},"end":{"line":89,"column":29}},"46":{"start":{"line":90,"column":31},"end":{"line":90,"column":39}},"47":{"start":{"line":92,"column":4},"end":{"line":94,"column":5}},"48":{"start":{"line":93,"column":8},"end":{"line":93,"column":97}},"49":{"start":{"line":96,"column":19},"end":{"line":100,"column":5}},"50":{"start":{"line":102,"column":4},"end":{"line":104,"column":5}},"51":{"start":{"line":103,"column":8},"end":{"line":103,"column":81}},"52":{"start":{"line":106,"column":4},"end":{"line":106,"column":106}},"53":{"start":{"line":109,"column":0},"end":{"line":115,"column":2}}},"fnMap":{"0":{"name":"(anonymous_0)","decl":{"start":{"line":7,"column":34},"end":{"line":7,"column":35}},"loc":{"start":{"line":7,"column":60},"end":{"line":13,"column":1}},"line":7},"1":{"name":"(anonymous_1)","decl":{"start":{"line":15,"column":34},"end":{"line":15,"column":35}},"loc":{"start":{"line":15,"column":60},"end":{"line":21,"column":1}},"line":15},"2":{"name":"(anonymous_2)","decl":{"start":{"line":23,"column":40},"end":{"line":23,"column":41}},"loc":{"start":{"line":23,"column":66},"end":{"line":64,"column":1}},"line":23},"3":{"name":"(anonymous_3)","decl":{"start":{"line":66,"column":31},"end":{"line":66,"column":32}},"loc":{"start":{"line":66,"column":57},"end":{"line":86,"column":1}},"line":66},"4":{"name":"(anonymous_4)","decl":{"start":{"line":73,"column":34},"end":{"line":73,"column":35}},"loc":{"start":{"line":73,"column":42},"end":{"line":83,"column":5}},"line":73},"5":{"name":"(anonymous_5)","decl":{"start":{"line":83,"column":14},"end":{"line":83,"column":15}},"loc":{"start":{"line":83,"column":22},"end":{"line":83,"column":44}},"line":83},"6":{"name":"(anonymous_6)","decl":{"start":{"line":88,"column":33},"end":{"line":88,"column":34}},"loc":{"start":{"line":88,"column":59},"end":{"line":107,"column":1}},"line":88}},"branchMap":{"0":{"loc":{"start":{"line":9,"column":4},"end":{"line":9,"column":85}},"type":"if","locations":[{"start":{"line":9,"column":4},"end":{"line":9,"column":85}},{"start":{},"end":{}}],"line":9},"1":{"loc":{"start":{"line":17,"column":4},"end":{"line":17,"column":85}},"type":"if","locations":[{"start":{"line":17,"column":4},"end":{"line":17,"column":85}},{"start":{},"end":{}}],"line":17},"2":{"loc":{"start":{"line":25,"column":4},"end":{"line":25,"column":85}},"type":"if","locations":[{"start":{"line":25,"column":4},"end":{"line":25,"column":85}},{"start":{},"end":{}}],"line":25},"3":{"loc":{"start":{"line":34,"column":4},"end":{"line":34,"column":116}},"type":"if","locations":[{"start":{"line":34,"column":4},"end":{"line":34,"column":116}},{"start":{},"end":{}}],"line":34},"4":{"loc":{"start":{"line":44,"column":25},"end":{"line":44,"column":103}},"type":"cond-expr","locations":[{"start":{"line":44,"column":57},"end":{"line":44,"column":96}},{"start":{"line":44,"column":99},"end":{"line":44,"column":103}}],"line":44},"5":{"loc":{"start":{"line":46,"column":25},"end":{"line":46,"column":83}},"type":"cond-expr","locations":[{"start":{"line":46,"column":45},"end":{"line":46,"column":74}},{"start":{"line":46,"column":77},"end":{"line":46,"column":83}}],"line":46},"6":{"loc":{"start":{"line":47,"column":24},"end":{"line":47,"column":97}},"type":"cond-expr","locations":[{"start":{"line":47,"column":52},"end":{"line":47,"column":89}},{"start":{"line":47,"column":92},"end":{"line":47,"column":97}}],"line":47},"7":{"loc":{"start":{"line":51,"column":21},"end":{"line":51,"column":110}},"type":"cond-expr","locations":[{"start":{"line":51,"column":59},"end":{"line":51,"column":106}},{"start":{"line":51,"column":109},"end":{"line":51,"column":110}}],"line":51},"8":{"loc":{"start":{"line":92,"column":4},"end":{"line":94,"column":5}},"type":"if","locations":[{"start":{"line":92,"column":4},"end":{"line":94,"column":5}},{"start":{},"end":{}}],"line":92},"9":{"loc":{"start":{"line":92,"column":8},"end":{"line":92,"column":58}},"type":"binary-expr","locations":[{"start":{"line":92,"column":8},"end":{"line":92,"column":36}},{"start":{"line":92,"column":40},"end":{"line":92,"column":58}}],"line":92},"10":{"loc":{"start":{"line":102,"column":4},"end":{"line":104,"column":5}},"type":"if","locations":[{"start":{"line":102,"column":4},"end":{"line":104,"column":5}},{"start":{},"end":{}}],"line":102}},"s":{"0":2,"1":2,"2":2,"3":2,"4":2,"5":2,"6":3,"7":3,"8":2,"9":1,"10":1,"11":2,"12":1,"13":1,"14":0,"15":1,"16":1,"17":2,"18":2,"19":2,"20":1,"21":1,"22":1,"23":0,"24":1,"25":1,"26":1,"27":1,"28":1,"29":1,"30":1,"31":1,"32":1,"33":1,"34":1,"35":1,"36":1,"37":2,"38":1,"39":1,"40":1,"41":1,"42":1,"43":1,"44":2,"45":0,"46":0,"47":0,"48":0,"49":0,"50":0,"51":0,"52":0,"53":2},"f":{"0":3,"1":1,"2":2,"3":1,"4":1,"5":1,"6":0},"b":{"0":[2,1],"1":[0,1],"2":[1,1],"3":[0,1],"4":[1,0],"5":[0,1],"6":[0,1],"7":[1,0],"8":[0,0],"9":[0,0],"10":[0,0]},"_coverageSchema":"1a1c01bbd47fc00a2c39e90264f33305004495a9","hash":"7cbdc2d61a01665446babc9d13a4252eaf485c67"}
,"E:\\DSS Tài liệu\\Đồ án cuối kỳ\\backend\\node_api\\src\\controllers\\supplier.controller.js": {"path":"E:\\DSS Tài liệu\\Đồ án cuối kỳ\\backend\\node_api\\src\\controllers\\supplier.controller.js","statementMap":{"0":{"start":{"line":1,"column":31},"end":{"line":1,"column":76}},"1":{"start":{"line":2,"column":11},"end":{"line":2,"column":40}},"2":{"start":{"line":3,"column":17},"end":{"line":3,"column":45}},"3":{"start":{"line":4,"column":48},"end":{"line":4,"column":91}},"4":{"start":{"line":5,"column":21},"end":{"line":5,"column":53}},"5":{"start":{"line":7,"column":23},"end":{"line":7,"column":58}},"6":{"start":{"line":8,"column":24},"end":{"line":8,"column":48}},"7":{"start":{"line":10,"column":25},"end":{"line":32,"column":2}},"8":{"start":{"line":11,"column":29},"end":{"line":11,"column":68}},"9":{"start":{"line":12,"column":4},"end":{"line":14,"column":5}},"10":{"start":{"line":13,"column":8},"end":{"line":13,"column":78}},"11":{"start":{"line":16,"column":31},"end":{"line":16,"column":36}},"12":{"start":{"line":17,"column":24},"end":{"line":17,"column":63}},"13":{"start":{"line":19,"column":19},"end":{"line":19,"column":77}},"14":{"start":{"line":21,"column":4},"end":{"line":30,"column":5}},"15":{"start":{"line":22,"column":23},"end":{"line":22,"column":76}},"16":{"start":{"line":24,"column":8},"end":{"line":29,"column":10}},"17":{"start":{"line":31,"column":4},"end":{"line":31,"column":58}},"18":{"start":{"line":34,"column":31},"end":{"line":41,"column":1}},"19":{"start":{"line":35,"column":19},"end":{"line":39,"column":5}},"20":{"start":{"line":40,"column":4},"end":{"line":40,"column":23}},"21":{"start":{"line":43,"column":26},"end":{"line":65,"column":1}},"22":{"start":{"line":44,"column":17},"end":{"line":48,"column":5}},"23":{"start":{"line":49,"column":4},"end":{"line":54,"column":5}},"24":{"start":{"line":50,"column":8},"end":{"line":53,"column":10}},"25":{"start":{"line":55,"column":4},"end":{"line":63,"column":5}},"26":{"start":{"line":56,"column":20},"end":{"line":56,"column":34}},"27":{"start":{"line":57,"column":8},"end":{"line":62,"column":10}},"28":{"start":{"line":64,"column":4},"end":{"line":64,"column":27}},"29":{"start":{"line":67,"column":19},"end":{"line":83,"column":2}},"30":{"start":{"line":68,"column":26},"end":{"line":68,"column":35}},"31":{"start":{"line":69,"column":4},"end":{"line":71,"column":5}},"32":{"start":{"line":70,"column":8},"end":{"line":70,"column":95}},"33":{"start":{"line":73,"column":22},"end":{"line":73,"column":61}},"34":{"start":{"line":74,"column":4},"end":{"line":76,"column":5}},"35":{"start":{"line":75,"column":8},"end":{"line":75,"column":97}},"36":{"start":{"line":78,"column":19},"end":{"line":78,"column":72}},"37":{"start":{"line":79,"column":20},"end":{"line":79,"column":51}},"38":{"start":{"line":80,"column":19},"end":{"line":80,"column":87}},"39":{"start":{"line":82,"column":4},"end":{"line":82,"column":58}},"40":{"start":{"line":85,"column":25},"end":{"line":107,"column":2}},"41":{"start":{"line":86,"column":50},"end":{"line":86,"column":58}},"42":{"start":{"line":88,"column":4},"end":{"line":90,"column":5}},"43":{"start":{"line":89,"column":8},"end":{"line":89,"column":83}},"44":{"start":{"line":92,"column":22},"end":{"line":92,"column":37}},"45":{"start":{"line":93,"column":4},"end":{"line":102,"column":5}},"46":{"start":{"line":94,"column":33},"end":{"line":94,"column":64}},"47":{"start":{"line":95,"column":8},"end":{"line":97,"column":9}},"48":{"start":{"line":96,"column":12},"end":{"line":96,"column":82}},"49":{"start":{"line":98,"column":8},"end":{"line":98,"column":86}},"50":{"start":{"line":100,"column":23},"end":{"line":100,"column":76}},"51":{"start":{"line":101,"column":8},"end":{"line":101,"column":54}},"52":{"start":{"line":104,"column":22},"end":{"line":104,"column":53}},"53":{"start":{"line":105,"column":19},"end":{"line":105,"column":86}},"54":{"start":{"line":106,"column":4},"end":{"line":106,"column":58}},"55":{"start":{"line":109,"column":28},"end":{"line":122,"column":2}},"56":{"start":{"line":110,"column":26},"end":{"line":110,"column":36}},"57":{"start":{"line":111,"column":22},"end":{"line":111,"column":61}},"58":{"start":{"line":113,"column":4},"end":{"line":115,"column":5}},"59":{"start":{"line":114,"column":8},"end":{"line":114,"column":80}},"60":{"start":{"line":117,"column":19},"end":{"line":117,"column":72}},"61":{"start":{"line":118,"column":20},"end":{"line":118,"column":51}},"62":{"start":{"line":119,"column":19},"end":{"line":119,"column":87}},"63":{"start":{"line":121,"column":4},"end":{"line":121,"column":69}},"64":{"start":{"line":124,"column":0},"end":{"line":129,"column":2}}},"fnMap":{"0":{"name":"(anonymous_0)","decl":{"start":{"line":10,"column":38},"end":{"line":10,"column":39}},"loc":{"start":{"line":10,"column":64},"end":{"line":32,"column":1}},"line":10},"1":{"name":"(anonymous_1)","decl":{"start":{"line":34,"column":31},"end":{"line":34,"column":32}},"loc":{"start":{"line":34,"column":52},"end":{"line":41,"column":1}},"line":34},"2":{"name":"(anonymous_2)","decl":{"start":{"line":43,"column":26},"end":{"line":43,"column":27}},"loc":{"start":{"line":43,"column":44},"end":{"line":65,"column":1}},"line":43},"3":{"name":"(anonymous_3)","decl":{"start":{"line":67,"column":32},"end":{"line":67,"column":33}},"loc":{"start":{"line":67,"column":58},"end":{"line":83,"column":1}},"line":67},"4":{"name":"(anonymous_4)","decl":{"start":{"line":85,"column":38},"end":{"line":85,"column":39}},"loc":{"start":{"line":85,"column":64},"end":{"line":107,"column":1}},"line":85},"5":{"name":"(anonymous_5)","decl":{"start":{"line":109,"column":41},"end":{"line":109,"column":42}},"loc":{"start":{"line":109,"column":67},"end":{"line":122,"column":1}},"line":109}},"branchMap":{"0":{"loc":{"start":{"line":12,"column":4},"end":{"line":14,"column":5}},"type":"if","locations":[{"start":{"line":12,"column":4},"end":{"line":14,"column":5}},{"start":{},"end":{}}],"line":12},"1":{"loc":{"start":{"line":17,"column":24},"end":{"line":17,"column":63}},"type":"binary-expr","locations":[{"start":{"line":17,"column":24},"end":{"line":17,"column":44}},{"start":{"line":17,"column":48},"end":{"line":17,"column":63}}],"line":17},"2":{"loc":{"start":{"line":21,"column":4},"end":{"line":30,"column":5}},"type":"if","locations":[{"start":{"line":21,"column":4},"end":{"line":30,"column":5}},{"start":{},"end":{}}],"line":21},"3":{"loc":{"start":{"line":22,"column":23},"end":{"line":22,"column":76}},"type":"cond-expr","locations":[{"start":{"line":22,"column":56},"end":{"line":22,"column":72}},{"start":{"line":22,"column":75},"end":{"line":22,"column":76}}],"line":22},"4":{"loc":{"start":{"line":22,"column":24},"end":{"line":22,"column":52}},"type":"binary-expr","locations":[{"start":{"line":22,"column":24},"end":{"line":22,"column":32}},{"start":{"line":22,"column":36},"end":{"line":22,"column":52}}],"line":22},"5":{"loc":{"start":{"line":49,"column":4},"end":{"line":54,"column":5}},"type":"if","locations":[{"start":{"line":49,"column":4},"end":{"line":54,"column":5}},{"start":{},"end":{}}],"line":49},"6":{"loc":{"start":{"line":55,"column":4},"end":{"line":63,"column":5}},"type":"if","locations":[{"start":{"line":55,"column":4},"end":{"line":63,"column":5}},{"start":{},"end":{}}],"line":55},"7":{"loc":{"start":{"line":69,"column":4},"end":{"line":71,"column":5}},"type":"if","locations":[{"start":{"line":69,"column":4},"end":{"line":71,"column":5}},{"start":{},"end":{}}],"line":69},"8":{"loc":{"start":{"line":74,"column":4},"end":{"line":76,"column":5}},"type":"if","locations":[{"start":{"line":74,"column":4},"end":{"line":76,"column":5}},{"start":{},"end":{}}],"line":74},"9":{"loc":{"start":{"line":78,"column":19},"end":{"line":78,"column":72}},"type":"cond-expr","locations":[{"start":{"line":78,"column":52},"end":{"line":78,"column":68}},{"start":{"line":78,"column":71},"end":{"line":78,"column":72}}],"line":78},"10":{"loc":{"start":{"line":78,"column":20},"end":{"line":78,"column":48}},"type":"binary-expr","locations":[{"start":{"line":78,"column":20},"end":{"line":78,"column":28}},{"start":{"line":78,"column":32},"end":{"line":78,"column":48}}],"line":78},"11":{"loc":{"start":{"line":88,"column":4},"end":{"line":90,"column":5}},"type":"if","locations":[{"start":{"line":88,"column":4},"end":{"line":90,"column":5}},{"start":{},"end":{}}],"line":88},"12":{"loc":{"start":{"line":88,"column":8},"end":{"line":88,"column":47}},"type":"binary-expr","locations":[{"start":{"line":88,"column":8},"end":{"line":88,"column":18}},{"start":{"line":88,"column":22},"end":{"line":88,"column":47}}],"line":88},"13":{"loc":{"start":{"line":93,"column":4},"end":{"line":102,"column":5}},"type":"if","locations":[{"start":{"line":93,"column":4},"end":{"line":102,"column":5}},{"start":{"line":99,"column":11},"end":{"line":102,"column":5}}],"line":93},"14":{"loc":{"start":{"line":95,"column":8},"end":{"line":97,"column":9}},"type":"if","locations":[{"start":{"line":95,"column":8},"end":{"line":97,"column":9}},{"start":{},"end":{}}],"line":95},"15":{"loc":{"start":{"line":100,"column":23},"end":{"line":100,"column":76}},"type":"cond-expr","locations":[{"start":{"line":100,"column":56},"end":{"line":100,"column":72}},{"start":{"line":100,"column":75},"end":{"line":100,"column":76}}],"line":100},"16":{"loc":{"start":{"line":100,"column":24},"end":{"line":100,"column":52}},"type":"binary-expr","locations":[{"start":{"line":100,"column":24},"end":{"line":100,"column":32}},{"start":{"line":100,"column":36},"end":{"line":100,"column":52}}],"line":100},"17":{"loc":{"start":{"line":104,"column":22},"end":{"line":104,"column":53}},"type":"binary-expr","locations":[{"start":{"line":104,"column":22},"end":{"line":104,"column":35}},{"start":{"line":104,"column":39},"end":{"line":104,"column":53}}],"line":104},"18":{"loc":{"start":{"line":113,"column":4},"end":{"line":115,"column":5}},"type":"if","locations":[{"start":{"line":113,"column":4},"end":{"line":115,"column":5}},{"start":{},"end":{}}],"line":113},"19":{"loc":{"start":{"line":117,"column":19},"end":{"line":117,"column":72}},"type":"cond-expr","locations":[{"start":{"line":117,"column":52},"end":{"line":117,"column":68}},{"start":{"line":117,"column":71},"end":{"line":117,"column":72}}],"line":117},"20":{"loc":{"start":{"line":117,"column":20},"end":{"line":117,"column":48}},"type":"binary-expr","locations":[{"start":{"line":117,"column":20},"end":{"line":117,"column":28}},{"start":{"line":117,"column":32},"end":{"line":117,"column":48}}],"line":117}},"s":{"0":2,"1":2,"2":2,"3":2,"4":2,"5":2,"6":2,"7":2,"8":2,"9":2,"10":1,"11":1,"12":1,"13":1,"14":1,"15":1,"16":1,"17":1,"18":2,"19":2,"20":2,"21":2,"22":2,"23":2,"24":2,"25":2,"26":2,"27":2,"28":0,"29":2,"30":3,"31":3,"32":2,"33":1,"34":1,"35":0,"36":1,"37":1,"38":1,"39":1,"40":2,"41":1,"42":1,"43":0,"44":1,"45":1,"46":1,"47":1,"48":0,"49":1,"50":0,"51":0,"52":1,"53":1,"54":1,"55":2,"56":1,"57":1,"58":1,"59":0,"60":1,"61":1,"62":1,"63":1,"64":2},"f":{"0":2,"1":2,"2":2,"3":3,"4":1,"5":1},"b":{"0":[1,1],"1":[1,1],"2":[1,0],"3":[0,1],"4":[1,0],"5":[2,0],"6":[2,0],"7":[2,1],"8":[0,1],"9":[0,1],"10":[1,0],"11":[0,1],"12":[1,1],"13":[1,0],"14":[0,1],"15":[0,0],"16":[0,0],"17":[1,0],"18":[0,1],"19":[0,1],"20":[1,0]},"_coverageSchema":"1a1c01bbd47fc00a2c39e90264f33305004495a9","hash":"8956ef8c9f09d435091e716dbefa6a21005d0550"}
,"E:\\DSS Tài liệu\\Đồ án cuối kỳ\\backend\\node_api\\src\\middlewares\\auth.js": {"path":"E:\\DSS Tài liệu\\Đồ án cuối kỳ\\backend\\node_api\\src\\middlewares\\auth.js","statementMap":{"0":{"start":{"line":1,"column":12},"end":{"line":1,"column":35}},"1":{"start":{"line":2,"column":15},"end":{"line":2,"column":39}},"2":{"start":{"line":4,"column":23},"end":{"line":31,"column":1}},"3":{"start":{"line":5,"column":23},"end":{"line":5,"column":48}},"4":{"start":{"line":6,"column":4},"end":{"line":14,"column":5}},"5":{"start":{"line":7,"column":8},"end":{"line":13,"column":11}},"6":{"start":{"line":16,"column":18},"end":{"line":16,"column":42}},"7":{"start":{"line":18,"column":4},"end":{"line":30,"column":5}},"8":{"start":{"line":19,"column":24},"end":{"line":19,"column":60}},"9":{"start":{"line":20,"column":8},"end":{"line":20,"column":27}},"10":{"start":{"line":21,"column":8},"end":{"line":21,"column":15}},"11":{"start":{"line":23,"column":8},"end":{"line":29,"column":11}},"12":{"start":{"line":33,"column":0},"end":{"line":33,"column":32}}},"fnMap":{"0":{"name":"(anonymous_0)","decl":{"start":{"line":4,"column":23},"end":{"line":4,"column":24}},"loc":{"start":{"line":4,"column":43},"end":{"line":31,"column":1}},"line":4}},"branchMap":{"0":{"loc":{"start":{"line":6,"column":4},"end":{"line":14,"column":5}},"type":"if","locations":[{"start":{"line":6,"column":4},"end":{"line":14,"column":5}},{"start":{},"end":{}}],"line":6},"1":{"loc":{"start":{"line":6,"column":8},"end":{"line":6,"column":56}},"type":"binary-expr","locations":[{"start":{"line":6,"column":8},"end":{"line":6,"column":19}},{"start":{"line":6,"column":23},"end":{"line":6,"column":56}}],"line":6}},"s":{"0":2,"1":2,"2":2,"3":9,"4":9,"5":3,"6":6,"7":6,"8":6,"9":5,"10":5,"11":1,"12":2},"f":{"0":9},"b":{"0":[3,6],"1":[9,6]},"_coverageSchema":"1a1c01bbd47fc00a2c39e90264f33305004495a9","hash":"ba6d354754b4ced24d02a6d9522becac7a802551"}
,"E:\\DSS Tài liệu\\Đồ án cuối kỳ\\backend\\node_api\\src\\middlewares\\errorHandler.js": {"path":"E:\\DSS Tài liệu\\Đồ án cuối kỳ\\backend\\node_api\\src\\middlewares\\errorHandler.js","statementMap":{"0":{"start":{"line":1,"column":15},"end":{"line":1,"column":41}},"1":{"start":{"line":3,"column":21},"end":{"line":54,"column":1}},"2":{"start":{"line":5,"column":4},"end":{"line":17,"column":7}},"3":{"start":{"line":20,"column":4},"end":{"line":31,"column":5}},"4":{"start":{"line":22,"column":8},"end":{"line":30,"column":11}},"5":{"start":{"line":34,"column":4},"end":{"line":43,"column":5}},"6":{"start":{"line":35,"column":8},"end":{"line":42,"column":11}},"7":{"start":{"line":46,"column":4},"end":{"line":53,"column":7}},"8":{"start":{"line":56,"column":0},"end":{"line":56,"column":30}}},"fnMap":{"0":{"name":"(anonymous_0)","decl":{"start":{"line":3,"column":21},"end":{"line":3,"column":22}},"loc":{"start":{"line":3,"column":46},"end":{"line":54,"column":1}},"line":3}},"branchMap":{"0":{"loc":{"start":{"line":6,"column":20},"end":{"line":6,"column":48}},"type":"binary-expr","locations":[{"start":{"line":6,"column":20},"end":{"line":6,"column":28}},{"start":{"line":6,"column":32},"end":{"line":6,"column":48}}],"line":6},"1":{"loc":{"start":{"line":20,"column":4},"end":{"line":31,"column":5}},"type":"if","locations":[{"start":{"line":20,"column":4},"end":{"line":31,"column":5}},{"start":{},"end":{}}],"line":20},"2":{"loc":{"start":{"line":22,"column":26},"end":{"line":22,"column":47}},"type":"binary-expr","locations":[{"start":{"line":22,"column":26},"end":{"line":22,"column":40}},{"start":{"line":22,"column":44},"end":{"line":22,"column":47}}],"line":22},"3":{"loc":{"start":{"line":27,"column":25},"end":{"line":27,"column":44}},"type":"binary-expr","locations":[{"start":{"line":27,"column":25},"end":{"line":27,"column":36}},{"start":{"line":27,"column":40},"end":{"line":27,"column":44}}],"line":27},"4":{"loc":{"start":{"line":34,"column":4},"end":{"line":43,"column":5}},"type":"if","locations":[{"start":{"line":34,"column":4},"end":{"line":43,"column":5}},{"start":{},"end":{}}],"line":34},"5":{"loc":{"start":{"line":34,"column":8},"end":{"line":34,"column":73}},"type":"binary-expr","locations":[{"start":{"line":34,"column":8},"end":{"line":34,"column":34}},{"start":{"line":34,"column":38},"end":{"line":34,"column":56}},{"start":{"line":34,"column":60},"end":{"line":34,"column":73}}],"line":34}},"s":{"0":2,"1":2,"2":6,"3":6,"4":4,"5":2,"6":1,"7":1,"8":2},"f":{"0":6},"b":{"0":[6,2],"1":[4,2],"2":[4,0],"3":[4,4],"4":[1,1],"5":[2,1,1]},"_coverageSchema":"1a1c01bbd47fc00a2c39e90264f33305004495a9","hash":"3f3b3aa857c01aa4ca1a62cc40359536c3095eac"}
,"E:\\DSS Tài liệu\\Đồ án cuối kỳ\\backend\\node_api\\src\\middlewares\\rateLimiter.js": {"path":"E:\\DSS Tài liệu\\Đồ án cuối kỳ\\backend\\node_api\\src\\middlewares\\rateLimiter.js","statementMap":{"0":{"start":{"line":1,"column":18},"end":{"line":1,"column":47}},"1":{"start":{"line":3,"column":23},"end":{"line":7,"column":2}},"2":{"start":{"line":9,"column":20},"end":{"line":13,"column":2}},"3":{"start":{"line":15,"column":0},"end":{"line":18,"column":2}}},"fnMap":{},"branchMap":{},"s":{"0":1,"1":1,"2":1,"3":1},"f":{},"b":{},"_coverageSchema":"1a1c01bbd47fc00a2c39e90264f33305004495a9","hash":"2b7f4d981963d3f1282022a7989174eabed9efed"}
,"E:\\DSS Tài liệu\\Đồ án cuối kỳ\\backend\\node_api\\src\\middlewares\\requestLogger.js": {"path":"E:\\DSS Tài liệu\\Đồ án cuối kỳ\\backend\\node_api\\src\\middlewares\\requestLogger.js","statementMap":{"0":{"start":{"line":1,"column":15},"end":{"line":1,"column":32}},"1":{"start":{"line":2,"column":15},"end":{"line":2,"column":41}},"2":{"start":{"line":5,"column":0},"end":{"line":5,"column":67}},"3":{"start":{"line":5,"column":33},"end":{"line":5,"column":65}},"4":{"start":{"line":8,"column":15},"end":{"line":10,"column":1}},"5":{"start":{"line":9,"column":24},"end":{"line":9,"column":51}},"6":{"start":{"line":12,"column":22},"end":{"line":15,"column":1}},"7":{"start":{"line":17,"column":0},"end":{"line":17,"column":31}}},"fnMap":{"0":{"name":"(anonymous_0)","decl":{"start":{"line":5,"column":24},"end":{"line":5,"column":25}},"loc":{"start":{"line":5,"column":33},"end":{"line":5,"column":65}},"line":5},"1":{"name":"(anonymous_1)","decl":{"start":{"line":9,"column":11},"end":{"line":9,"column":12}},"loc":{"start":{"line":9,"column":24},"end":{"line":9,"column":51}},"line":9}},"branchMap":{"0":{"loc":{"start":{"line":5,"column":33},"end":{"line":5,"column":65}},"type":"binary-expr","locations":[{"start":{"line":5,"column":33},"end":{"line":5,"column":50}},{"start":{"line":5,"column":54},"end":{"line":5,"column":65}}],"line":5}},"s":{"0":1,"1":1,"2":1,"3":8,"4":1,"5":8,"6":1,"7":1},"f":{"0":8,"1":8},"b":{"0":[8,4]},"_coverageSchema":"1a1c01bbd47fc00a2c39e90264f33305004495a9","hash":"20da594f99299b9d0b9b2141a2790f031b1de3b1"}
,"E:\\DSS Tài liệu\\Đồ án cuối kỳ\\backend\\node_api\\src\\middlewares\\roleGuard.js": {"path":"E:\\DSS Tài liệu\\Đồ án cuối kỳ\\backend\\node_api\\src\\middlewares\\roleGuard.js","statementMap":{"0":{"start":{"line":1,"column":18},"end":{"line":29,"column":1}},"1":{"start":{"line":2,"column":4},"end":{"line":28,"column":6}},"2":{"start":{"line":3,"column":8},"end":{"line":11,"column":9}},"3":{"start":{"line":4,"column":12},"end":{"line":10,"column":15}},"4":{"start":{"line":13,"column":8},"end":{"line":15,"column":9}},"5":{"start":{"line":14,"column":12},"end":{"line":14,"column":26}},"6":{"start":{"line":17,"column":8},"end":{"line":25,"column":9}},"7":{"start":{"line":18,"column":12},"end":{"line":24,"column":15}},"8":{"start":{"line":27,"column":8},"end":{"line":27,"column":15}},"9":{"start":{"line":31,"column":0},"end":{"line":31,"column":27}}},"fnMap":{"0":{"name":"(anonymous_0)","decl":{"start":{"line":1,"column":18},"end":{"line":1,"column":19}},"loc":{"start":{"line":1,"column":36},"end":{"line":29,"column":1}},"line":1},"1":{"name":"(anonymous_1)","decl":{"start":{"line":2,"column":11},"end":{"line":2,"column":12}},"loc":{"start":{"line":2,"column":31},"end":{"line":28,"column":5}},"line":2}},"branchMap":{"0":{"loc":{"start":{"line":3,"column":8},"end":{"line":11,"column":9}},"type":"if","locations":[{"start":{"line":3,"column":8},"end":{"line":11,"column":9}},{"start":{},"end":{}}],"line":3},"1":{"loc":{"start":{"line":3,"column":12},"end":{"line":3,"column":39}},"type":"binary-expr","locations":[{"start":{"line":3,"column":12},"end":{"line":3,"column":21}},{"start":{"line":3,"column":25},"end":{"line":3,"column":39}}],"line":3},"2":{"loc":{"start":{"line":13,"column":8},"end":{"line":15,"column":9}},"type":"if","locations":[{"start":{"line":13,"column":8},"end":{"line":15,"column":9}},{"start":{},"end":{}}],"line":13},"3":{"loc":{"start":{"line":17,"column":8},"end":{"line":25,"column":9}},"type":"if","locations":[{"start":{"line":17,"column":8},"end":{"line":25,"column":9}},{"start":{},"end":{}}],"line":17}},"s":{"0":2,"1":11,"2":4,"3":1,"4":3,"5":2,"6":1,"7":1,"8":0,"9":2},"f":{"0":11,"1":4},"b":{"0":[1,3],"1":[4,3],"2":[2,1],"3":[1,0]},"_coverageSchema":"1a1c01bbd47fc00a2c39e90264f33305004495a9","hash":"b445d155f12206da03f5cea0d5705b5685ceadfe"}
,"E:\\DSS Tài liệu\\Đồ án cuối kỳ\\backend\\node_api\\src\\middlewares\\validator.js": {"path":"E:\\DSS Tài liệu\\Đồ án cuối kỳ\\backend\\node_api\\src\\middlewares\\validator.js","statementMap":{"0":{"start":{"line":1,"column":17},"end":{"line":1,"column":45}},"1":{"start":{"line":3,"column":17},"end":{"line":16,"column":1}},"2":{"start":{"line":4,"column":4},"end":{"line":15,"column":6}},"3":{"start":{"line":5,"column":33},"end":{"line":5,"column":86}},"4":{"start":{"line":7,"column":8},"end":{"line":10,"column":9}},"5":{"start":{"line":8,"column":33},"end":{"line":8,"column":87}},"6":{"start":{"line":8,"column":61},"end":{"line":8,"column":75}},"7":{"start":{"line":9,"column":12},"end":{"line":9,"column":77}},"8":{"start":{"line":13,"column":8},"end":{"line":13,"column":30}},"9":{"start":{"line":14,"column":8},"end":{"line":14,"column":15}},"10":{"start":{"line":18,"column":0},"end":{"line":18,"column":26}}},"fnMap":{"0":{"name":"(anonymous_0)","decl":{"start":{"line":3,"column":17},"end":{"line":3,"column":18}},"loc":{"start":{"line":3,"column":48},"end":{"line":16,"column":1}},"line":3},"1":{"name":"(anonymous_1)","decl":{"start":{"line":4,"column":11},"end":{"line":4,"column":12}},"loc":{"start":{"line":4,"column":31},"end":{"line":15,"column":5}},"line":4},"2":{"name":"(anonymous_2)","decl":{"start":{"line":8,"column":51},"end":{"line":8,"column":52}},"loc":{"start":{"line":8,"column":61},"end":{"line":8,"column":75}},"line":8}},"branchMap":{"0":{"loc":{"start":{"line":3,"column":26},"end":{"line":3,"column":43}},"type":"default-arg","locations":[{"start":{"line":3,"column":37},"end":{"line":3,"column":43}}],"line":3},"1":{"loc":{"start":{"line":7,"column":8},"end":{"line":10,"column":9}},"type":"if","locations":[{"start":{"line":7,"column":8},"end":{"line":10,"column":9}},{"start":{},"end":{}}],"line":7}},"s":{"0":0,"1":0,"2":0,"3":0,"4":0,"5":0,"6":0,"7":0,"8":0,"9":0,"10":0},"f":{"0":0,"1":0,"2":0},"b":{"0":[0],"1":[0,0]}}
,"E:\\DSS Tài liệu\\Đồ án cuối kỳ\\backend\\node_api\\src\\models\\base.model.js": {"path":"E:\\DSS Tài liệu\\Đồ án cuối kỳ\\backend\\node_api\\src\\models\\base.model.js","statementMap":{"0":{"start":{"line":1,"column":18},"end":{"line":1,"column":47}},"1":{"start":{"line":5,"column":8},"end":{"line":5,"column":35}},"2":{"start":{"line":6,"column":8},"end":{"line":6,"column":37}},"3":{"start":{"line":10,"column":23},"end":{"line":10,"column":41}},"4":{"start":{"line":12,"column":25},"end":{"line":12,"column":45}},"5":{"start":{"line":13,"column":26},"end":{"line":13,"column":28}},"6":{"start":{"line":14,"column":21},"end":{"line":14,"column":23}},"7":{"start":{"line":16,"column":8},"end":{"line":23,"column":9}},"8":{"start":{"line":17,"column":31},"end":{"line":21,"column":14}},"9":{"start":{"line":18,"column":28},"end":{"line":18,"column":64}},"10":{"start":{"line":19,"column":16},"end":{"line":19,"column":45}},"11":{"start":{"line":20,"column":16},"end":{"line":20,"column":48}},"12":{"start":{"line":22,"column":12},"end":{"line":22,"column":62}},"13":{"start":{"line":25,"column":28},"end":{"line":25,"column":43}},"14":{"start":{"line":26,"column":26},"end":{"line":26,"column":84}},"15":{"start":{"line":29,"column":27},"end":{"line":29,"column":61}},"16":{"start":{"line":31,"column":26},"end":{"line":36,"column":9}},"17":{"start":{"line":38,"column":27},"end":{"line":38,"column":82}},"18":{"start":{"line":40,"column":42},"end":{"line":43,"column":10}},"19":{"start":{"line":45,"column":8},"end":{"line":48,"column":10}},"20":{"start":{"line":52,"column":25},"end":{"line":52,"column":107}},"21":{"start":{"line":53,"column":8},"end":{"line":53,"column":23}},"22":{"start":{"line":57,"column":21},"end":{"line":57,"column":80}},"23":{"start":{"line":57,"column":48},"end":{"line":57,"column":79}},"24":{"start":{"line":58,"column":23},"end":{"line":58,"column":42}},"25":{"start":{"line":59,"column":29},"end":{"line":59,"column":71}},"26":{"start":{"line":59,"column":48},"end":{"line":59,"column":59}},"27":{"start":{"line":61,"column":20},"end":{"line":61,"column":109}},"28":{"start":{"line":62,"column":25},"end":{"line":62,"column":49}},"29":{"start":{"line":63,"column":8},"end":{"line":63,"column":23}},"30":{"start":{"line":67,"column":21},"end":{"line":67,"column":80}},"31":{"start":{"line":67,"column":48},"end":{"line":67,"column":79}},"32":{"start":{"line":68,"column":23},"end":{"line":68,"column":42}},"33":{"start":{"line":69,"column":26},"end":{"line":69,"column":79}},"34":{"start":{"line":69,"column":47},"end":{"line":69,"column":67}},"35":{"start":{"line":71,"column":20},"end":{"line":71,"column":142}},"36":{"start":{"line":72,"column":25},"end":{"line":72,"column":58}},"37":{"start":{"line":73,"column":8},"end":{"line":73,"column":23}},"38":{"start":{"line":77,"column":25},"end":{"line":77,"column":117}},"39":{"start":{"line":78,"column":8},"end":{"line":78,"column":23}},"40":{"start":{"line":82,"column":0},"end":{"line":82,"column":27}}},"fnMap":{"0":{"name":"(anonymous_0)","decl":{"start":{"line":4,"column":4},"end":{"line":4,"column":5}},"loc":{"start":{"line":4,"column":46},"end":{"line":7,"column":5}},"line":4},"1":{"name":"(anonymous_1)","decl":{"start":{"line":9,"column":4},"end":{"line":9,"col
[...]
ne":93,"column":56}},"line":93},"21":{"name":"(anonymous_21)","decl":{"start":{"line":105,"column":4},"end":{"line":105,"column":5}},"loc":{"start":{"line":105,"column":50},"end":{"line":112,"column":5}},"line":105},"22":{"name":"(anonymous_22)","decl":{"start":{"line":106,"column":28},"end":{"line":106,"column":29}},"loc":{"start":{"line":106,"column":35},"end":{"line":111,"column":9}},"line":106},"23":{"name":"(anonymous_23)","decl":{"start":{"line":107,"column":47},"end":{"line":107,"column":48}},"loc":{"start":{"line":107,"column":64},"end":{"line":107,"column":95}},"line":107},"24":{"name":"(anonymous_24)","decl":{"start":{"line":108,"column":48},"end":{"line":108,"column":49}},"loc":{"start":{"line":108,"column":65},"end":{"line":108,"column":96}},"line":108}},"branchMap":{"0":{"loc":{"start":{"line":7,"column":12},"end":{"line":7,"column":103}},"type":"if","locations":[{"start":{"line":7,"column":12},"end":{"line":7,"column":103}},{"start":{},"end":{}}],"line":7},"1":{"loc":{"start":{"line":10,"column":16},"end":{"line":12,"column":17}},"type":"if","locations":[{"start":{"line":10,"column":16},"end":{"line":12,"column":17}},{"start":{},"end":{}}],"line":10},"2":{"loc":{"start":{"line":10,"column":20},"end":{"line":10,"column":97}},"type":"binary-expr","locations":[{"start":{"line":10,"column":20},"end":{"line":10,"column":86}},{"start":{"line":10,"column":90},"end":{"line":10,"column":97}}],"line":10},"3":{"loc":{"start":{"line":47,"column":19},"end":{"line":47,"column":38}},"type":"binary-expr","locations":[{"start":{"line":47,"column":19},"end":{"line":47,"column":30}},{"start":{"line":47,"column":34},"end":{"line":47,"column":38}}],"line":47},"4":{"loc":{"start":{"line":48,"column":15},"end":{"line":48,"column":37}},"type":"cond-expr","locations":[{"start":{"line":48,"column":26},"end":{"line":48,"column":27}},{"start":{"line":48,"column":30},"end":{"line":48,"column":37}}],"line":48},"5":{"loc":{"start":{"line":55,"column":8},"end":{"line":55,"column":31}},"type":"if","locations":[{"start":{"line":55,"column":8},"end":{"line":55,"column":31}},{"start":{},"end":{}}],"line":55},"6":{"loc":{"start":{"line":83,"column":35},"end":{"line":83,"column":77}},"type":"cond-expr","locations":[{"start":{"line":83,"column":51},"end":{"line":83,"column":52}},{"start":{"line":83,"column":55},"end":{"line":83,"column":77}}],"line":83},"7":{"loc":{"start":{"line":94,"column":12},"end":{"line":100,"column":13}},"type":"if","locations":[{"start":{"line":94,"column":12},"end":{"line":100,"column":13}},{"start":{"line":97,"column":19},"end":{"line":100,"column":13}}],"line":94},"8":{"loc":{"start":{"line":109,"column":30},"end":{"line":109,"column":84}},"type":"cond-expr","locations":[{"start":{"line":109,"column":55},"end":{"line":109,"column":56}},{"start":{"line":109,"column":59},"end":{"line":109,"column":84}}],"line":109}},"s":{"0":3,"1":3,"2":3,"3":11,"4":0,"5":11,"6":11,"7":44,"8":1,"9":2,"10":2,"11":2,"12":8,"13":8,"14":32,"15":2,"16":8,"17":32,"18":2,"19":8,"20":32,"21":2,"22":2,"23":2,"24":2,"25":8,"26":32,"27":2,"28":8,"29":2,"30":2,"31":2,"32":2,"33":2,"34":2,"35":1,"36":1,"37":4,"38":1,"39":1,"40":4,"41":16,"42":1,"43":1,"44":1,"45":4,"46":1,"47":6,"48":1,"49":4,"50":1,"51":1,"52":4,"53":1,"54":1,"55":4,"56":16,"57":4,"58":4,"59":4,"60":16,"61":1,"62":1,"63":1,"64":1,"65":1,"66":4,"67":16,"68":4,"69":3,"70":3,"71":1,"72":1,"73":1,"74":1,"75":4,"76":16,"77":4,"78":16,"79":4,"80":4,"81":3},"f":{"0":3,"1":8,"2":32,"3":8,"4":32,"5":2,"6":8,"7":32,"8":8,"9":2,"10":4,"11":4,"12":16,"13":4,"14":6,"15":4,"16":1,"17":4,"18":16,"19":1,"20":16,"21":1,"22":4,"23":16,"24":16},"b":{"0":[0,11],"1":[1,43],"2":[44,1],"3":[2,0],"4":[0,2],"5":[1,1],"6":[0,16],"7":[3,1],"8":[0,4]},"_coverageSchema":"1a1c01bbd47fc00a2c39e90264f33305004495a9","hash":"073d0baea88ff3c2e82820736bda65ce4c12d75d"}
,"E:\\DSS Tài liệu\\Đồ án cuối kỳ\\backend\\node_api\\src\\utils\\AppError.js": {"path":"E:\\DSS Tài liệu\\Đồ án cuối kỳ\\backend\\node_api\\src\\utils\\AppError.js","statementMap":{"0":{"start":{"line":3,"column":8},"end":{"line":3,"column":23}},"1":{"start":{"line":4,"column":8},"end":{"line":4,"column":25}},"2":{"start":{"line":5,"column":8},"end":{"line":5,"column":37}},"3":{"start":{"line":6,"column":8},"end":{"line":6,"column":31}},"4":{"start":{"line":7,"column":8},"end":{"line":7,"column":34}},"5":{"start":{"line":11,"column":0},"end":{"line":11,"column":26}}},"fnMap":{"0":{"name":"(anonymous_0)","decl":{"start":{"line":2,"column":4},"end":{"line":2,"column":5}},"loc":{"start":{"line":2,"column":59},"end":{"line":8,"column":5}},"line":2}},"branchMap":{"0":{"loc":{"start":{"line":2,"column":43},"end":{"line":2,"column":57}},"type":"default-arg","locations":[{"start":{"line":2,"column":53},"end":{"line":2,"column":57}}],"line":2}},"s":{"0":12,"1":12,"2":12,"3":12,"4":12,"5":5},"f":{"0":12},"b":{"0":[12]},"_coverageSchema":"1a1c01bbd47fc00a2c39e90264f33305004495a9","hash":"8ee1a6fb4491aa023c9800d4beac76771bea6bc1"}
,"E:\\DSS Tài liệu\\Đồ án cuối kỳ\\backend\\node_api\\src\\utils\\asyncHandler.js": {"path":"E:\\DSS Tài liệu\\Đồ án cuối kỳ\\backend\\node_api\\src\\utils\\asyncHandler.js","statementMap":{"0":{"start":{"line":1,"column":21},"end":{"line":3,"column":1}},"1":{"start":{"line":1,"column":29},"end":{"line":3,"column":1}},"2":{"start":{"line":2,"column":4},"end":{"line":2,"column":59}},"3":{"start":{"line":5,"column":0},"end":{"line":5,"column":30}}},"fnMap":{"0":{"name":"(anonymous_0)","decl":{"start":{"line":1,"column":21},"end":{"line":1,"column":22}},"loc":{"start":{"line":1,"column":29},"end":{"line":3,"column":1}},"line":1},"1":{"name":"(anonymous_1)","decl":{"start":{"line":1,"column":29},"end":{"line":1,"column":30}},"loc":{"start":{"line":1,"column":49},"end":{"line":3,"column":1}},"line":1}},"branchMap":{},"s":{"0":8,"1":62,"2":45,"3":8},"f":{"0":62,"1":45},"b":{},"_coverageSchema":"1a1c01bbd47fc00a2c39e90264f33305004495a9","hash":"fa3a6f3587209c08a3d17e7981baf34061084420"}
,"E:\\DSS Tài liệu\\Đồ án cuối kỳ\\backend\\node_api\\src\\utils\\logger.js": {"path":"E:\\DSS Tài liệu\\Đồ án cuối kỳ\\backend\\node_api\\src\\utils\\logger.js","statementMap":{"0":{"start":{"line":1,"column":16},"end":{"line":1,"column":34}},"1":{"start":{"line":2,"column":24},"end":{"line":2,"column":60}},"2":{"start":{"line":3,"column":13},"end":{"line":3,"column":28}},"3":{"start":{"line":5,"column":15},"end":{"line":5,"column":49}},"4":{"start":{"line":7,"column":15},"end":{"line":38,"column":2}},"5":{"start":{"line":40,"column":0},"end":{"line":40,"column":24}}},"fnMap":{},"branchMap":{"0":{"loc":{"start":{"line":8,"column":11},"end":{"line":8,"column":42}},"type":"binary-expr","locations":[{"start":{"line":8,"column":11},"end":{"line":8,"column":32}},{"start":{"line":8,"column":36},"end":{"line":8,"column":42}}],"line":8}},"s":{"0":23,"1":23,"2":23,"3":23,"4":23,"5":23},"f":{},"b":{"0":[23,0]},"_coverageSchema":"1a1c01bbd47fc00a2c39e90264f33305004495a9","hash":"358b6854f3473b2b98f9ff539054db5516cc8603"}
,"E:\\DSS Tài liệu\\Đồ án cuối kỳ\\backend\\node_api\\src\\utils\\mathHelper.js": {"path":"E:\\DSS Tài liệu\\Đồ án cuối kỳ\\backend\\node_api\\src\\utils\\mathHelper.js","statementMap":{"0":{"start":{"line":1,"column":24},"end":{"line":4,"column":1}},"1":{"start":{"line":2,"column":19},"end":{"line":2,"column":41}},"2":{"start":{"line":3,"column":4},"end":{"line":3,"column":45}},"3":{"start":{"line":6,"column":21},"end":{"line":8,"column":1}},"4":{"start":{"line":7,"column":4},"end":{"line":7,"column":54}},"5":{"start":{"line":7,"column":39},"end":{"line":7,"column":49}},"6":{"start":{"line":10,"column":25},"end":{"line":13,"column":1}},"7":{"start":{"line":11,"column":4},"end":{"line":11,"column":37}},"8":{"start":{"line":11,"column":28},"end":{"line":11,"column":37}},"9":{"start":{"line":12,"column":4},"end":{"line":12,"column":46}},"10":{"start":{"line":15,"column":24},"end":{"line":21,"column":1}},"11":{"start":{"line":16,"column":4},"end":{"line":16,"column":37}},"12":{"start":{"line":16,"column":28},"end":{"line":16,"column":37}},"13":{"start":{"line":17,"column":16},"end":{"line":17,"column":39}},"14":{"start":{"line":18,"column":24},"end":{"line":18,"column":68}},"15":{"start":{"line":18,"column":43},"end":{"line":18,"column":67}},"16":{"start":{"line":19,"column":26},"end":{"line":19,"column":55}},"17":{"start":{"line":20,"column":4},"end":{"line":20,"column":36}},"18":{"start":{"line":23,"column":0},"end":{"line":28,"column":2}}},"fnMap":{"0":{"name":"(anonymous_0)","decl":{"start":{"line":1,"column":24},"end":{"line":1,"column":25}},"loc":{"start":{"line":1,"column":47},"end":{"line":4,"column":1}},"line":1},"1":{"name":"(anonymous_1)","decl":{"start":{"line":6,"column":21},"end":{"line":6,"column":22}},"loc":{"start":{"line":6,"column":32},"end":{"line":8,"column":1}},"line":6},"2":{"name":"(anonymous_2)","decl":{"start":{"line":7,"column":24},"end":{"line":7,"column":25}},"loc":{"start":{"line":7,"column":39},"end":{"line":7,"column":49}},"line":7},"3":{"name":"(anonymous_3)","decl":{"start":{"line":10,"column":25},"end":{"line":10,"column":26}},"loc":{"start":{"line":10,"column":36},"end":{"line":13,"column":1}},"line":10},"4":{"name":"(anonymous_4)","decl":{"start":{"line":15,"column":24},"end":{"line":15,"column":25}},"loc":{"start":{"line":15,"column":35},"end":{"line":21,"column":1}},"line":15},"5":{"name":"(anonymous_5)","decl":{"start":{"line":18,"column":34},"end":{"line":18,"column":35}},"loc":{"start":{"line":18,"column":43},"end":{"line":18,"column":67}},"line":18}},"branchMap":{"0":{"loc":{"start":{"line":1,"column":30},"end":{"line":1,"column":42}},"type":"default-arg","locations":[{"start":{"line":1,"column":41},"end":{"line":1,"column":42}}],"line":1},"1":{"loc":{"start":{"line":11,"column":4},"end":{"line":11,"column":37}},"type":"if","locations":[{"start":{"line":11,"column":4},"end":{"line":11,"column":37}},{"start":{},"end":{}}],"line":11},"2":{"loc":{"start":{"line":16,"column":4},"end":{"line":16,"column":37}},"type":"if","locations":[{"start":{"line":16,"column":4},"end":{"line":16,"column":37}},{"start":{},"end":{}}],"line":16}},"s":{"0":0,"1":0,"2":0,"3":0,"4":0,"5":0,"6":0,"7":0,"8":0,"9":0,"10":0,"11":0,"12":0,"13":0,"14":0,"15":0,"16":0,"17":0,"18":0},"f":{"0":0,"1":0,"2":0,"3":0,"4":0,"5":0},"b":{"0":[0],"1":[0,0],"2":[0,0]}}
,"E:\\DSS Tài liệu\\Đồ án cuối kỳ\\backend\\node_api\\src\\utils\\pagination.js": {"path":"E:\\DSS Tài liệu\\Đồ án cuối kỳ\\backend\\node_api\\src\\utils\\pagination.js","statementMap":{"0":{"start":{"line":1,"column":28},"end":{"line":11,"column":1}},"1":{"start":{"line":2,"column":17},"end":{"line":2,"column":59}},"2":{"start":{"line":3,"column":16},"end":{"line":3,"column":57}},"3":{"start":{"line":5,"column":4},"end":{"line":5,"column":43}},"4":{"start":{"line":5,"column":26},"end":{"line":5,"column":43}},"5":{"start":{"line":6,"column":4},"end":{"line":6,"column":40}},"6":{"start":{"line":6,"column":19},"end":{"line":6,"column":40}},"7":{"start":{"line":8,"column":19},"end":{"line":8,"column":37}},"8":{"start":{"line":10,"column":4},"end":{"line":10,"column":35}},"9":{"start":{"line":13,"column":26},"end":{"line":20,"column":1}},"10":{"start":{"line":14,"column":4},"end":{"line":19,"column":6}},"11":{"start":{"line":22,"column":0},"end":{"line":25,"column":2}}},"fnMap":{"0":{"name":"(anonymous_0)","decl":{"start":{"line":1,"column":28},"end":{"line":1,"column":29}},"loc":{"start":{"line":1,"column":74},"end":{"line":11,"column":1}},"line":1},"1":{"name":"(anonymous_1)","decl":{"start":{"line":13,"column":26},"end":{"line":13,"column":27}},"loc":{"start":{"line":13,"column":50},"end":{"line":20,"column":1}},"line":13}},"branchMap":{"0":{"loc":{"start":{"line":1,"column":36},"end":{"line":1,"column":53}},"type":"default-arg","locations":[{"start":{"line":1,"column":51},"end":{"line":1,"column":53}}],"line":1},"1":{"loc":{"start":{"line":1,"column":55},"end":{"line":1,"column":69}},"type":"default-arg","locations":[{"start":{"line":1,"column":66},"end":{"line":1,"column":69}}],"line":1},"2":{"loc":{"start":{"line":2,"column":29},"end":{"line":2,"column":58}},"type":"binary-expr","locations":[{"start":{"line":2,"column":29},"end":{"line":2,"column":53}},{"start":{"line":2,"column":57},"end":{"line":2,"column":58}}],"line":2},"3":{"loc":{"start":{"line":3,"column":16},"end":{"line":3,"column":57}},"type":"binary-expr","locations":[{"start":{"line":3,"column":16},"end":{"line":3,"column":41}},{"start":{"line":3,"column":45},"end":{"line":3,"column":57}}],"line":3},"4":{"loc":{"start":{"line":5,"column":4},"end":{"line":5,"column":43}},"type":"if","locations":[{"start":{"line":5,"column":4},"end":{"line":5,"column":43}},{"start":{},"end":{}}],"line":5},"5":{"loc":{"start":{"line":6,"column":4},"end":{"line":6,"column":40}},"type":"if","locations":[{"start":{"line":6,"column":4},"end":{"line":6,"column":40}},{"start":{},"end":{}}],"line":6}},"s":{"0":0,"1":0,"2":0,"3":0,"4":0,"5":0,"6":0,"7":0,"8":0,"9":0,"10":0,"11":0},"f":{"0":0,"1":0},"b":{"0":[0],"1":[0],"2":[0,0],"3":[0,0],"4":[0,0],"5":[0,0]}}
,"E:\\DSS Tài liệu\\Đồ án cuối kỳ\\backend\\node_api\\src\\utils\\response.js": {"path":"E:\\DSS Tài liệu\\Đồ án cuối kỳ\\backend\\node_api\\src\\utils\\response.js","statementMap":{"0":{"start":{"line":1,"column":20},"end":{"line":10,"column":1}},"1":{"start":{"line":2,"column":21},"end":{"line":6,"column":5}},"2":{"start":{"line":7,"column":4},"end":{"line":7,"column":35}},"3":{"start":{"line":7,"column":14},"end":{"line":7,"column":35}},"4":{"start":{"line":9,"column":4},"end":{"line":9,"column":49}},"5":{"start":{"line":12,"column":18},"end":{"line":23,"column":1}},"6":{"start":{"line":13,"column":17},"end":{"line":13,"column":47}},"7":{"start":{"line":14,"column":20},"end":{"line":14,"column":51}},"8":{"start":{"line":16,"column":4},"end":{"line":22,"column":7}},"9":{"start":{"line":25,"column":0},"end":{"line":28,"column":2}}},"fnMap":{"0":{"name":"(anonymous_0)","decl":{"start":{"line":1,"column":20},"end":{"line":1,"column":21}},"loc":{"start":{"line":1,"column":90},"end":{"line":10,"column":1}},"line":1},"1":{"name":"(anonymous_1)","decl":{"start":{"line":12,"column":18},"end":{"line":12,"column":19}},"loc":{"start":{"line":12,"column":52},"end":{"line":23,"column":1}},"line":12}},"branchMap":{"0":{"loc":{"start":{"line":1,"column":32},"end":{"line":1,"column":54}},"type":"default-arg","locations":[{"start":{"line":1,"column":42},"end":{"line":1,"column":54}}],"line":1},"1":{"loc":{"start":{"line":1,"column":56},"end":{"line":1,"column":72}},"type":"default-arg","locations":[{"start":{"line":1,"column":69},"end":{"line":1,"column":72}}],"line":1},"2":{"loc":{"start":{"line":1,"column":74},"end":{"line":1,"column":85}},"type":"default-arg","locations":[{"start":{"line":1,"column":81},"end":{"line":1,"column":85}}],"line":1},"3":{"loc":{"start":{"line":7,"column":4},"end":{"line":7,"column":35}},"type":"if","locations":[{"start":{"line":7,"column":4},"end":{"line":7,"column":35}},{"start":{},"end":{}}],"line":7},"4":{"loc":{"start":{"line":12,"column":31},"end":{"line":12,"column":47}},"type":"default-arg","locations":[{"start":{"line":12,"column":44},"end":{"line":12,"column":47}}],"line":12},"5":{"loc":{"start":{"line":13,"column":17},"end":{"line":13,"column":47}},"type":"binary-expr","locations":[{"start":{"line":13,"column":17},"end":{"line":13,"column":27}},{"start":{"line":13,"column":31},"end":{"line":13,"column":47}}],"line":13},"6":{"loc":{"start":{"line":14,"column":20},"end":{"line":14,"column":51}},"type":"binary-expr","locations":[{"start":{"line":14,"column":20},"end":{"line":14,"column":33}},{"start":{"line":14,"column":37},"end":{"line":14,"column":51}}],"line":14}},"s":{"0":0,"1":0,"2":0,"3":0,"4":0,"5":0,"6":0,"7":0,"8":0,"9":0},"f":{"0":0,"1":0},"b":{"0":[0],"1":[0],"2":[0],"3":[0,0],"4":[0],"5":[0,0],"6":[0,0]}}
,"E:\\DSS Tài liệu\\Đồ án cuối kỳ\\backend\\node_api\\src\\validators\\auth.validator.js": {"path":"E:\\DSS Tài liệu\\Đồ án cuối kỳ\\backend\\node_api\\src\\validators\\auth.validator.js","statementMap":{"0":{"start":{"line":1,"column":12},"end":{"line":1,"column":26}},"1":{"start":{"line":3,"column":23},"end":{"line":15,"column":2}},"2":{"start":{"line":17,"column":20},"end":{"line":20,"column":2}},"3":{"start":{"line":22,"column":27},"end":{"line":24,"column":2}},"4":{"start":{"line":26,"column":0},"end":{"line":30,"column":2}}},"fnMap":{},"branchMap":{},"s":{"0":2,"1":2,"2":2,"3":2,"4":2},"f":{},"b":{},"_coverageSchema":"1a1c01bbd47fc00a2c39e90264f33305004495a9","hash":"48efa45fde77087abe2b4ac44f9033962311d073"}
,"E:\\DSS Tài liệu\\Đồ án cuối kỳ\\backend\\node_api\\src\\validators\\data.validator.js": {"path":"E:\\DSS Tài liệu\\Đồ án cuối kỳ\\backend\\node_api\\src\\validators\\data.validator.js","statementMap":{"0":{"start":{"line":1,"column":12},"end":{"line":1,"column":26}},"1":{"start":{"line":3,"column":22},"end":{"line":9,"column":2}},"2":{"start":{"line":11,"column":20},"end":{"line":18,"column":2}},"3":{"start":{"line":20,"column":24},"end":{"line":27,"column":2}},"4":{"start":{"line":29,"column":23},"end":{"line":39,"column":2}},"5":{"start":{"line":41,"column":21},"end":{"line":48,"column":2}},"6":{"start":{"line":50,"column":0},"end":{"line":56,"column":2}}},"fnMap":{},"branchMap":{},"s":{"0":2,"1":2,"2":2,"3":2,"4":2,"5":2,"6":2},"f":{},"b":{},"_coverageSchema":"1a1c01bbd47fc00a2c39e90264f33305004495a9","hash":"a17efeea69a32d9169e52e38f9cea6fb8eae466c"}
,"E:\\DSS Tài liệu\\Đồ án cuối kỳ\\backend\\node_api\\src\\validators\\genai.validator.js": {"path":"E:\\DSS Tài liệu\\Đồ án cuối kỳ\\backend\\node_api\\src\\validators\\genai.validator.js","statementMap":{"0":{"start":{"line":1,"column":12},"end":{"line":1,"column":26}},"1":{"start":{"line":3,"column":22},"end":{"line":7,"column":2}},"2":{"start":{"line":9,"column":19},"end":{"line":11,"column":2}},"3":{"start":{"line":13,"column":0},"end":{"line":16,"column":2}}},"fnMap":{},"branchMap":{},"s":{"0":0,"1":0,"2":0,"3":0},"f":{},"b":{}}
,"E:\\DSS Tài liệu\\Đồ án cuối kỳ\\backend\\node_api\\src\\validators\\inventory.validator.js": {"path":"E:\\DSS Tài liệu\\Đồ án cuối kỳ\\backend\\node_api\\src\\validators\\inventory.validator.js","statementMap":{"0":{"start":{"line":1,"column":12},"end":{"line":1,"column":26}},"1":{"start":{"line":3,"column":23},"end":{"line":7,"column":2}},"2":{"start":{"line":9,"column":23},"end":{"line":13,"column":2}},"3":{"start":{"line":15,"column":0},"end":{"line":18,"column":2}}},"fnMap":{},"branchMap":{},"s":{"0":2,"1":2,"2":2,"3":2},"f":{},"b":{},"_coverageSchema":"1a1c01bbd47fc00a2c39e90264f33305004495a9","hash":"c953b9c3d7f38c9cc96f947279f13cda05d864f4"}
,"E:\\DSS Tài liệu\\Đồ án cuối kỳ\\backend\\node_api\\src\\validators\\supplier.validator.js": {"path":"E:\\DSS Tài liệu\\Đồ án cuối kỳ\\backend\\node_api\\src\\validators\\supplier.validator.js","statementMap":{"0":{"start":{"line":1,"column":12},"end":{"line":1,"column":26}},"1":{"start":{"line":3,"column":29},"end":{"line":7,"column":2}},"2":{"start":{"line":9,"column":22},"end":{"line":20,"column":2}},"3":{"start":{"line":15,"column":16},"end":{"line":15,"column":80}},"4":{"start":{"line":16,"column":4},"end":{"line":18,"column":5}},"5":{"start":{"line":17,"column":8},"end":{"line":17,"column":62}},"6":{"start":{"line":19,"column":4},"end":{"line":19,"column":17}},"7":{"start":{"line":22,"column":0},"end":{"line":25,"column":2}}},"fnMap":{"0":{"name":"(anonymous_0)","decl":{"start":{"line":14,"column":10},"end":{"line":14,"column":11}},"loc":{"start":{"line":14,"column":30},"end":{"line":20,"column":1}},"line":14}},"branchMap":{"0":{"loc":{"start":{"line":16,"column":4},"end":{"line":18,"column":5}},"type":"if","locations":[{"start":{"line":16,"column":4},"end":{"line":18,"column":5}},{"start":{},"end":{}}],"line":16}},"s":{"0":2,"1":2,"2":2,"3":1,"4":1,"5":0,"6":1,"7":2},"f":{"0":1},"b":{"0":[0,1]},"_coverageSchema":"1a1c01bbd47fc00a2c39e90264f33305004495a9","hash":"090120e8409c5fbc43c90fb8d35fe9da89b10d23"}
}
