TN:
SF:src\controllers\auth.controller.js
FN:8,(anonymous_0)
FN:16,(anonymous_1)
FN:24,(anonymous_2)
FN:67,(anonymous_3)
FN:115,(anonymous_4)
FN:158,(anonymous_5)
FNF:6
FNH:4
FNDA:1,(anonymous_0)
FNDA:1,(anonymous_1)
FNDA:3,(anonymous_2)
FNDA:4,(anonymous_3)
FNDA:0,(anonymous_4)
FNDA:0,(anonymous_5)
DA:1,2
DA:2,2
DA:3,2
DA:4,2
DA:5,2
DA:6,2
DA:8,2
DA:9,1
DA:16,2
DA:17,1
DA:24,2
DA:25,3
DA:26,3
DA:27,1
DA:36,2
DA:37,2
DA:38,1
DA:44,1
DA:45,1
DA:46,0
DA:52,1
DA:53,1
DA:55,1
DA:60,1
DA:67,2
DA:68,4
DA:69,4
DA:70,2
DA:76,2
DA:77,2
DA:78,1
DA:84,1
DA:85,1
DA:86,0
DA:92,1
DA:93,1
DA:95,1
DA:97,1
DA:115,2
DA:116,0
DA:117,0
DA:118,0
DA:125,0
DA:126,0
DA:128,0
DA:134,0
DA:135,0
DA:136,0
DA:142,0
DA:143,0
DA:145,0
DA:147,0
DA:158,2
DA:159,0
DA:160,0
DA:163,2
LF:56
LH:39
BRDA:26,0,0,1
BRDA:26,0,1,2
BRDA:37,1,0,1
BRDA:37,1,1,1
BRDA:45,2,0,0
BRDA:45,2,1,1
BRDA:69,3,0,2
BRDA:69,3,1,2
BRDA:77,4,0,1
BRDA:77,4,1,1
BRDA:77,5,0,2
BRDA:77,5,1,1
BRDA:85,6,0,0
BRDA:85,6,1,1
BRDA:117,7,0,0
BRDA:117,7,1,0
BRDA:135,8,0,0
BRDA:135,8,1,0
BRDA:135,9,0,0
BRDA:135,9,1,0
BRF:20
BRH:12
end_of_record
TN:
SF:src\controllers\dashboard.controller.js
FN:4,(anonymous_0)
FN:22,(anonymous_1)
FN:29,(anonymous_2)
FN:43,(anonymous_3)
FNF:4
FNH:2
FNDA:2,(anonymous_0)
FNDA:1,(anonymous_1)
FNDA:0,(anonymous_2)
FNDA:0,(anonymous_3)
DA:1,2
DA:2,2
DA:4,2
DA:5,2
DA:11,1
DA:22,2
DA:23,1
DA:29,1
DA:30,0
DA:31,0
DA:33,0
DA:36,1
DA:43,2
DA:44,0
DA:49,0
DA:50,0
DA:52,0
DA:63,2
LF:18
LH:11
BRDA:14,0,0,1
BRDA:14,0,1,0
BRDA:15,1,0,1
BRDA:15,1,1,0
BRDA:16,2,0,1
BRDA:16,2,1,0
BRDA:30,3,0,0
BRDA:30,3,1,0
BRDA:49,4,0,0
BRDA:49,4,1,0
BRDA:50,5,0,0
BRDA:50,5,1,0
BRF:12
BRH:3
end_of_record
TN:
SF:src\controllers\data.controller.js
FN:8,(anonymous_0)
FN:19,(anonymous_1)
FN:30,(anonymous_2)
FN:57,(anonymous_3)
FN:68,(anonymous_4)
FN:84,(anonymous_5)
FN:100,(anonymous_6)
FN:109,(anonymous_7)
FN:127,(anonymous_8)
FN:140,(anonymous_9)
FN:173,(anonymous_10)
FN:187,(anonymous_11)
FNF:12
FNH:7
FNDA:9,(anonymous_0)
FNDA:3,(anonymous_1)
FNDA:3,(anonymous_2)
FNDA:2,(anonymous_3)
FNDA:2,(anonymous_4)
FNDA:1,(anonymous_5)
FNDA:1,(anonymous_6)
FNDA:0,(anonymous_7)
FNDA:0,(anonymous_8)
FNDA:0,(anonymous_9)
FNDA:0,(anonymous_10)
FNDA:0,(anonymous_11)
DA:1,2
DA:2,2
DA:3,2
DA:4,2
DA:5,2
DA:6,2
DA:8,2
DA:9,9
DA:10,8
DA:11,0
DA:12,0
DA:13,0
DA:14,0
DA:15,1
DA:19,2
DA:20,3
DA:21,3
DA:22,0
DA:23,0
DA:24,0
DA:25,0
DA:26,0
DA:30,2
DA:31,3
DA:32,3
DA:33,3
DA:35,2
DA:37,2
DA:45,1
DA:57,2
DA:58,2
DA:59,2
DA:60,2
DA:62,2
DA:63,2
DA:65,1
DA:68,2
DA:69,2
DA:70,2
DA:71,2
DA:73,2
DA:74,2
DA:75,2
DA:76,2
DA:77,1
DA:80,1
DA:81,1
DA:84,2
DA:85,1
DA:86,1
DA:87,1
DA:89,1
DA:90,1
DA:91,1
DA:92,1
DA:93,1
DA:96,1
DA:97,1
DA:100,2
DA:101,1
DA:102,1
DA:103,1
DA:105,1
DA:106,1
DA:109,2
DA:110,0
DA:111,0
DA:112,0
DA:113,0
DA:115,0
DA:116,0
DA:119,0
DA:120,0
DA:121,0
DA:122,0
DA:123,0
DA:125,0
DA:128,0
DA:129,0
DA:130,0
DA:131,0
DA:132,0
DA:134,0
DA:137,0
DA:141,0
DA:142,0
DA:143,0
DA:144,0
DA:145,0
DA:147,0
DA:148,0
DA:152,0
DA:153,0
DA:156,0
DA:167,0
DA:168,0
DA:170,0
DA:174,0
DA:175,0
DA:177,0
DA:180,0
DA:181,0
DA:183,0
DA:187,2
DA:188,0
DA:189,0
DA:190,0
DA:193,0
DA:194,0
DA:196,0
DA:199,2
LF:111
LH:58
BRDA:9,0,0,8
BRDA:9,0,1,0
BRDA:9,0,2,0
BRDA:9,0,3,0
BRDA:9,0,4,0
BRDA:9,0,5,1
BRDA:20,1,0,3
BRDA:20,1,1,0
BRDA:20,1,2,0
BRDA:20,1,3,0
BRDA:20,1,4,0
BRDA:20,1,5,0
BRDA:33,2,0,1
BRDA:33,2,1,2
BRDA:35,3,0,2
BRDA:35,4,0,2
BRDA:60,5,0,0
BRDA:60,5,1,2
BRDA:63,6,0,1
BRDA:63,6,1,1
BRDA:71,7,0,0
BRDA:71,7,1,2
BRDA:74,8,0,2
BRDA:74,8,1,0
BRDA:76,9,0,1
BRDA:76,9,1,1
BRDA:87,10,0,0
BRDA:87,10,1,1
BRDA:90,11,0,1
BRDA:90,11,1,0
BRDA:92,12,0,0
BRDA:92,12,1,1
BRDA:103,13,0,0
BRDA:103,13,1,1
BRDA:113,14,0,0
BRDA:113,14,1,0
BRDA:115,15,0,0
BRDA:115,15,1,0
BRDA:128,16,0,0
BRDA:128,16,1,0
BRDA:130,17,0,0
BRDA:130,17,1,0
BRDA:152,18,0,0
BRDA:152,18,1,0
BRDA:163,19,0,0
BRDA:163,19,1,0
BRDA:167,20,0,0
BRDA:167,20,1,0
BRDA:174,21,0,0
BRDA:174,21,1,0
BRDA:180,22,0,0
BRDA:180,22,1,0
BRDA:180,23,0,0
BRDA:180,23,1,0
BRDA:189,24,0,0
BRDA:189,24,1,0
BRF:56
BRH:18
end_of_record
TN:
SF:src\controllers\forecast.controller.js
FN:5,(anonymous_0)
FN:32,(anonymous_1)
FN:52,(anonymous_2)
FN:69,(anonymous_3)
FN:83,(anonymous_4)
FN:109,(anonymous_5)
FNF:6
FNH:4
FNDA:3,(anonymous_0)
FNDA:2,(anonymous_1)
FNDA:1,(anonymous_2)
FNDA:1,(anonymous_3)
FNDA:0,(anonymous_4)
FNDA:0,(anonymous_5)
DA:1,2
DA:2,2
DA:3,2
DA:5,2
DA:6,3
DA:7,3
DA:9,3
DA:10,1
DA:13,2
DA:14,2
DA:20,1
DA:26,1
DA:27,1
DA:28,1
DA:32,2
DA:33,2
DA:35,2
DA:36,2
DA:41,1
DA:47,1
DA:48,1
DA:52,2
DA:53,1
DA:55,1
DA:56,1
DA:58,1
DA:64,0
DA:65,0
DA:69,2
DA:70,1
DA:71,1
DA:73,1
DA:79,0
DA:80,0
DA:83,2
DA:84,0
DA:86,0
DA:87,0
DA:90,0
DA:91,0
DA:97,0
DA:103,0
DA:104,0
DA:105,0
DA:109,2
DA:110,0
DA:112,0
DA:113,0
DA:116,0
DA:117,0
DA:119,0
DA:125,0
DA:126,0
DA:127,0
LF:54
LH:32
BRDA:9,0,0,1
BRDA:9,0,1,2
BRDA:16,1,0,0
BRDA:16,1,1,2
BRDA:17,2,0,2
BRDA:17,2,1,2
BRDA:26,3,0,0
BRDA:26,3,1,1
BRDA:27,4,0,0
BRDA:27,4,1,1
BRDA:27,5,0,1
BRDA:27,5,1,1
BRDA:37,6,0,2
BRDA:37,6,1,2
BRDA:38,7,0,2
BRDA:38,7,1,2
BRDA:47,8,0,0
BRDA:47,8,1,1
BRDA:56,9,0,1
BRDA:56,9,1,1
BRDA:64,10,0,0
BRDA:64,10,1,0
BRDA:79,11,0,0
BRDA:79,11,1,0
BRDA:86,12,0,0
BRDA:86,12,1,0
BRDA:86,13,0,0
BRDA:86,13,1,0
BRDA:86,13,2,0
BRDA:93,14,0,0
BRDA:93,14,1,0
BRDA:94,15,0,0
BRDA:94,15,1,0
BRDA:103,16,0,0
BRDA:103,16,1,0
BRDA:104,17,0,0
BRDA:104,17,1,0
BRDA:104,18,0,0
BRDA:104,18,1,0
BRDA:112,19,0,0
BRDA:112,19,1,0
BRDA:125,20,0,0
BRDA:125,20,1,0
BRDA:126,21,0,0
BRDA:126,21,1,0
BRDA:126,22,0,0
BRDA:126,22,1,0
BRF:47
BRH:16
end_of_record
TN:
SF:src\controllers\genai.controller.js
FN:7,_getSystemContext
FN:8,(anonymous_1)
FN:18,(anonymous_2)
FN:44,(anonymous_3)
FN:90,(anonymous_4)
FN:101,(anonymous_5)
FNF:6
FNH:6
FNDA:1,_getSystemContext
FNDA:1,(anonymous_1)
FNDA:2,(anonymous_2)
FNDA:2,(anonymous_3)
FNDA:1,(anonymous_4)
FNDA:1,(anonymous_5)
DA:1,2
DA:2,2
DA:3,2
DA:4,2
DA:5,2
DA:8,1
DA:9,1
DA:10,1
DA:18,2
DA:19,2
DA:21,2
DA:22,1
DA:32,1
DA:34,1
DA:44,2
DA:45,2
DA:46,2
DA:48,2
DA:49,1
DA:59,1
DA:66,1
DA:67,1
DA:70,1
DA:73,1
DA:79,1
DA:90,2
DA:91,1
DA:94,1
DA:96,1
DA:101,1
DA:112,2
LF:31
LH:31
BRDA:21,0,0,1
BRDA:21,0,1,1
BRDA:21,1,0,2
BRDA:21,1,1,1
BRDA:21,1,2,1
BRDA:48,2,0,1
BRDA:48,2,1,1
BRDA:82,3,0,1
BRDA:82,3,1,1
BRF:9
BRH:9
end_of_record
TN:
SF:src\controllers\inventory.controller.js
FN:7,(anonymous_0)
FN:15,(anonymous_1)
FN:23,(anonymous_2)
FN:66,(anonymous_3)
FN:73,(anonymous_4)
FN:83,(anonymous_5)
FN:88,(anonymous_6)
FNF:7
FNH:6
FNDA:3,(anonymous_0)
FNDA:1,(anonymous_1)
FNDA:2,(anonymous_2)
FNDA:1,(anonymous_3)
FNDA:1,(anonymous_4)
FNDA:1,(anonymous_5)
FNDA:0,(anonymous_6)
DA:1,2
DA:2,2
DA:3,2
DA:4,2
DA:5,2
DA:7,2
DA:8,3
DA:9,3
DA:11,1
DA:12,1
DA:15,2
DA:16,1
DA:17,1
DA:19,1
DA:20,1
DA:23,2
DA:24,2
DA:25,2
DA:27,1
DA:34,1
DA:35,1
DA:37,1
DA:44,1
DA:45,1
DA:46,1
DA:47,1
DA:50,1
DA:51,1
DA:53,1
DA:54,1
DA:55,1
DA:57,1
DA:63,1
DA:66,2
DA:67,1
DA:73,1
DA:74,1
DA:75,1
DA:83,1
DA:85,1
DA:88,2
DA:89,0
DA:90,0
DA:92,0
DA:93,0
DA:96,0
DA:102,0
DA:103,0
DA:106,0
DA:109,2
LF:50
LH:42
BRDA:9,0,0,2
BRDA:9,0,1,1
BRDA:17,1,0,0
BRDA:17,1,1,1
BRDA:25,2,0,1
BRDA:25,2,1,1
BRDA:34,3,0,0
BRDA:34,3,1,1
BRDA:44,4,0,1
BRDA:44,4,1,0
BRDA:46,5,0,0
BRDA:46,5,1,1
BRDA:47,6,0,0
BRDA:47,6,1,1
BRDA:51,7,0,1
BRDA:51,7,1,0
BRDA:92,8,0,0
BRDA:92,8,1,0
BRDA:92,9,0,0
BRDA:92,9,1,0
BRDA:102,10,0,0
BRDA:102,10,1,0
BRF:22
BRH:10
end_of_record
TN:
SF:src\controllers\supplier.controller.js
FN:10,(anonymous_0)
FN:34,(anonymous_1)
FN:43,(anonymous_2)
FN:67,(anonymous_3)
FN:85,(anonymous_4)
FN:109,(anonymous_5)
FNF:6
FNH:6
FNDA:2,(anonymous_0)
FNDA:2,(anonymous_1)
FNDA:2,(anonymous_2)
FNDA:3,(anonymous_3)
FNDA:1,(anonymous_4)
FNDA:1,(anonymous_5)
DA:1,2
DA:2,2
DA:3,2
DA:4,2
DA:5,2
DA:7,2
DA:8,2
DA:10,2
DA:11,2
DA:12,2
DA:13,1
DA:16,1
DA:17,1
DA:19,1
DA:21,1
DA:22,1
DA:24,1
DA:31,1
DA:34,2
DA:35,2
DA:40,2
DA:43,2
DA:44,2
DA:49,2
DA:50,2
DA:55,2
DA:56,2
DA:57,2
DA:64,0
DA:67,2
DA:68,3
DA:69,3
DA:70,2
DA:73,1
DA:74,1
DA:75,0
DA:78,1
DA:79,1
DA:80,1
DA:82,1
DA:85,2
DA:86,1
DA:88,1
DA:89,0
DA:92,1
DA:93,1
DA:94,1
DA:95,1
DA:96,0
DA:98,1
DA:100,0
DA:101,0
DA:104,1
DA:105,1
DA:106,1
DA:109,2
DA:110,1
DA:111,1
DA:113,1
DA:114,0
DA:117,1
DA:118,1
DA:119,1
DA:121,1
DA:124,2
LF:65
LH:58
BRDA:12,0,0,1
BRDA:12,0,1,1
BRDA:17,1,0,1
BRDA:17,1,1,1
BRDA:21,2,0,1
BRDA:21,2,1,0
BRDA:22,3,0,0
BRDA:22,3,1,1
BRDA:22,4,0,1
BRDA:22,4,1,0
BRDA:49,5,0,2
BRDA:49,5,1,0
BRDA:55,6,0,2
BRDA:55,6,1,0
BRDA:69,7,0,2
BRDA:69,7,1,1
BRDA:74,8,0,0
BRDA:74,8,1,1
BRDA:78,9,0,0
BRDA:78,9,1,1
BRDA:78,10,0,1
BRDA:78,10,1,0
BRDA:88,11,0,0
BRDA:88,11,1,1
BRDA:88,12,0,1
BRDA:88,12,1,1
BRDA:93,13,0,1
BRDA:93,13,1,0
BRDA:95,14,0,0
BRDA:95,14,1,1
BRDA:100,15,0,0
BRDA:100,15,1,0
BRDA:100,16,0,0
BRDA:100,16,1,0
BRDA:104,17,0,1
BRDA:104,17,1,0
BRDA:113,18,0,0
BRDA:113,18,1,1
BRDA:117,19,0,0
BRDA:117,19,1,1
BRDA:117,20,0,1
BRDA:117,20,1,0
BRF:42
BRH:23
end_of_record
TN:
SF:src\middlewares\auth.js
FN:4,(anonymous_0)
FNF:1
FNH:1
FNDA:9,(anonymous_0)
DA:1,2
DA:2,2
DA:4,2
DA:5,9
DA:6,9
DA:7,3
DA:16,6
DA:18,6
DA:19,6
DA:20,5
DA:21,5
DA:23,1
DA:33,2
LF:13
LH:13
BRDA:6,0,0,3
BRDA:6,0,1,6
BRDA:6,1,0,9
BRDA:6,1,1,6
BRF:4
BRH:4
end_of_record
TN:
SF:src\middlewares\errorHandler.js
FN:3,(anonymous_0)
FNF:1
FNH:1
FNDA:6,(anonymous_0)
DA:1,2
DA:3,2
DA:5,6
DA:20,6
DA:22,4
DA:34,2
DA:35,1
DA:46,1
DA:56,2
LF:9
LH:9
BRDA:6,0,0,6
BRDA:6,0,1,2
BRDA:20,1,0,4
BRDA:20,1,1,2
BRDA:22,2,0,4
BRDA:22,2,1,0
BRDA:27,3,0,4
BRDA:27,3,1,4
BRDA:34,4,0,1
BRDA:34,4,1,1
BRDA:34,5,0,2
BRDA:34,5,1,1
BRDA:34,5,2,1
BRF:13
BRH:12
end_of_record
TN:
SF:src\middlewares\rateLimiter.js
FNF:0
FNH:0
DA:1,1
DA:3,1
DA:9,1
DA:15,1
LF:4
LH:4
BRF:0
BRH:0
end_of_record
TN:
SF:src\middlewares\requestLogger.js
FN:5,(anonymous_0)
FN:9,(anonymous_1)
FNF:2
FNH:2
FNDA:8,(anonymous_0)
FNDA:8,(anonymous_1)
DA:1,1
DA:2,1
DA:5,8
DA:8,1
DA:9,8
DA:12,1
DA:17,1
LF:7
LH:7
BRDA:5,0,0,8
BRDA:5,0,1,4
BRF:2
BRH:2
end_of_record
TN:
SF:src\middlewares\roleGuard.js
FN:1,(anonymous_0)
FN:2,(anonymous_1)
FNF:2
FNH:2
FNDA:11,(anonymous_0)
FNDA:4,(anonymous_1)
DA:1,2
DA:2,11
DA:3,4
DA:4,1
DA:13,3
DA:14,2
DA:17,1
DA:18,1
DA:27,0
DA:31,2
LF:10
LH:9
BRDA:3,0,0,1
BRDA:3,0,1,3
BRDA:3,1,0,4
BRDA:3,1,1,3
BRDA:13,2,0,2
BRDA:13,2,1,1
BRDA:17,3,0,1
BRDA:17,3,1,0
BRF:8
BRH:7
end_of_record
TN:
SF:src\middlewares\validator.js
FN:3,(anonymous_0)
FN:4,(anonymous_1)
FN:8,(anonymous_2)
FNF:3
FNH:0
FNDA:0,(anonymous_0)
FNDA:0,(anonymous_1)
FNDA:0,(anonymous_2)
DA:1,0
DA:3,0
DA:4,0
DA:5,0
DA:7,0
DA:8,0
DA:9,0
DA:13,0
DA:14,0
DA:18,0
LF:10
LH:0
BRDA:3,0,0,0
BRDA:7,1,0,0
BRDA:7,1,1,0
BRF:3
BRH:0
end_of_record
TN:
SF:src\models\base.model.js
FN:4,(anonymous_0)
FN:9,(anonymous_1)
FN:17,(anonymous_2)
FN:51,(anonymous_3)
FN:56,(anonymous_4)
FN:57,(anonymous_5)
FN:59,(anonymous_6)
FN:66,(anonymous_7)
FN:67,(anonymous_8)
FN:69,(anonymous_9)
FN:76,(anonymous_10)
FNF:11
FNH:1
FNDA:6,(anonymous_0)
FNDA:0,(anonymous_1)
FNDA:0,(anonymous_2)
FNDA:0,(anonymous_3)
FNDA:0,(anonymous_4)
FNDA:0,(anonymous_5)
FNDA:0,(anonymous_6)
FNDA:0,(anonymous_7)
FNDA:0,(anonymous_8)
FNDA:0,(anonymous_9)
FNDA:0,(anonymous_10)
DA:1,1
DA:5,6
DA:6,6
DA:10,0
DA:12,0
DA:13,0
DA:14,0
DA:16,0
DA:17,0
DA:18,0
DA:19,0
DA:20,0
DA:22,0
DA:25,0
DA:26,0
DA:29,0
DA:31,0
DA:38,0
DA:40,0
DA:45,0
DA:52,0
DA:53,0
DA:57,0
DA:58,0
DA:59,0
DA:61,0
DA:62,0
DA:63,0
DA:67,0
DA:68,0
DA:69,0
DA:71,0
DA:72,0
DA:73,0
DA:77,0
DA:78,0
DA:82,1
LF:37
LH:4
BRDA:4,0,0,0
BRDA:9,1,0,0
BRDA:9,2,0,0
BRDA:9,3,0,0
BRDA:9,4,0,0
BRDA:9,5,0,0
BRDA:16,6,0,0
BRDA:16,6,1,0
BRDA:26,7,0,0
BRDA:26,7,1,0
BRF:10
BRH:0
end_of_record
TN:
SF:src\models\genai.model.js
FN:5,(anonymous_0)
FN:9,(anonymous_1)
FNF:2
FNH:1
FNDA:1,(anonymous_0)
FNDA:0,(anonymous_1)
DA:1,1
DA:2,1
DA:6,1
DA:10,0
DA:17,0
DA:18,0
DA:22,1
LF:7
LH:4
BRDA:9,0,0,0
BRF:1
BRH:0
end_of_record
TN:
SF:src\models\user.model.js
FN:4,(anonymous_0)
FN:9,(anonymous_1)
FN:14,(anonymous_2)
FN:19,(anonymous_3)
FN:29,(anonymous_4)
FNF:5
FNH:0
FNDA:0,(anonymous_0)
FNDA:0,(anonymous_1)
FNDA:0,(anonymous_2)
FNDA:0,(anonymous_3)
FNDA:0,(anonymous_4)
DA:1,2
DA:5,0
DA:6,0
DA:10,0
DA:11,0
DA:15,0
DA:16,0
DA:20,0
DA:21,0
DA:26,0
DA:30,0
DA:37,2
LF:12
LH:2
BRF:0
BRH:0
end_of_record
TN:
SF:src\routes\auth.routes.js
FNF:0
FNH:0
DA:1,1
DA:2,1
DA:3,1
DA:4,1
DA:5,1
DA:8,1
DA:9,1
DA:12,1
DA:13,1
DA:15,1
LF:10
LH:10
BRF:0
BRH:0
end_of_record
TN:
SF:src\routes\dashboard.routes.js
FNF:0
FNH:0
DA:1,1
DA:2,1
DA:3,1
DA:4,1
DA:6,1
DA:8,1
DA:9,1
DA:10,1
DA:12,1
LF:9
LH:9
BRF:0
BRH:0
end_of_record
TN:
SF:src\routes\data.routes.js
FN:11,(anonymous_0)
FN:25,(anonymous_1)
FNF:2
FNH:1
FNDA:1,(anonymous_0)
FNDA:0,(anonymous_1)
DA:1,1
DA:2,1
DA:3,1
DA:4,1
DA:7,1
DA:10,1
DA:11,1
DA:12,1
DA:13,1
DA:21,0
DA:25,1
DA:26,0
DA:27,0
DA:28,0
DA:30,0
DA:31,0
DA:34,0
DA:36,0
DA:44,0
DA:46,0
DA:47,0
DA:56,0
DA:60,1
DA:61,1
DA:62,1
DA:65,1
DA:66,1
DA:67,1
DA:68,1
DA:69,1
DA:70,1
DA:72,1
LF:32
LH:20
BRDA:12,0,0,1
BRDA:12,0,1,0
BRDA:28,1,0,0
BRDA:28,1,1,0
BRDA:30,2,0,0
BRDA:30,2,1,0
BRDA:34,3,0,0
BRDA:34,3,1,0
BRDA:44,4,0,0
BRDA:44,4,1,0
BRDA:44,5,0,0
BRDA:44,5,1,0
BRDA:46,6,0,0
BRDA:46,6,1,0
BRF:14
BRH:1
end_of_record
TN:
SF:src\routes\forecast.routes.js
FNF:0
FNH:0
DA:1,1
DA:2,1
DA:3,1
DA:4,1
DA:5,1
DA:7,1
DA:10,1
DA:13,1
DA:16,1
DA:21,1
DA:24,1
DA:27,1
DA:29,1
LF:13
LH:13
BRF:0
BRH:0
end_of_record
TN:
SF:src\routes\genai.routes.js
FNF:0
FNH:0
DA:1,1
DA:2,1
DA:3,1
DA:4,1
DA:7,1
DA:10,1
DA:13,1
DA:16,1
DA:18,1
LF:9
LH:9
BRF:0
BRH:0
end_of_record
TN:
SF:src\routes\inventory.routes.js
FNF:0
FNH:0
DA:1,1
DA:2,1
DA:3,1
DA:4,1
DA:5,1
DA:7,1
DA:9,1
DA:10,1
DA:11,1
DA:12,1
DA:13,1
DA:15,1
LF:12
LH:12
BRF:0
BRH:0
end_of_record
TN:
SF:src\routes\supplier.routes.js
FNF:0
FNH:0
DA:1,1
DA:2,1
DA:3,1
DA:4,1
DA:5,1
DA:7,1
DA:9,1
DA:10,1
DA:11,1
DA:12,1
DA:14,1
LF:11
LH:11
BRF:0
BRH:0
end_of_record
TN:
SF:src\services\eoqRopService.js
FN:2,(anonymous_0)
FN:20,(anonymous_1)
FN:29,(anonymous_2)
FN:42,(anonymous_3)
FN:48,(anonymous_4)
FN:53,(anonymous_5)
FN:54,(anonymous_6)
FN:55,(anonymous_7)
FN:59,(anonymous_8)
FNF:9
FNH:8
FNDA:3,(anonymous_0)
FNDA:2,(anonymous_1)
FNDA:2,(anonymous_2)
FNDA:3,(anonymous_3)
FNDA:2,(anonymous_4)
FNDA:8,(anonymous_5)
FNDA:8,(anonymous_6)
FNDA:8,(anonymous_7)
FNDA:0,(anonymous_8)
DA:3,3
DA:4,2
DA:6,1
DA:7,1
DA:8,1
DA:9,1
DA:10,1
DA:11,1
DA:21,2
DA:24,2
DA:25,2
DA:26,1
DA:30,2
DA:31,1
DA:33,1
DA:34,1
DA:35,1
DA:43,3
DA:44,2
DA:45,1
DA:49,2
DA:50,1
DA:52,1
DA:53,8
DA:54,8
DA:55,8
DA:56,1
DA:60,0
DA:61,0
DA:62,0
DA:63,0
DA:64,0
DA:73,3
LF:33
LH:28
BRDA:3,0,0,2
BRDA:3,0,1,1
BRDA:3,1,0,3
BRDA:3,1,1,2
BRDA:3,1,2,1
BRDA:25,2,0,1
BRDA:25,2,1,1
BRDA:30,3,0,1
BRDA:30,3,1,1
BRDA:30,4,0,2
BRDA:30,4,1,1
BRDA:30,4,2,1
BRDA:43,5,0,1
BRDA:43,5,1,2
BRDA:44,6,0,1
BRDA:44,6,1,1
BRDA:49,7,0,1
BRDA:49,7,1,1
BRDA:49,8,0,2
BRDA:49,8,1,2
BRDA:68,9,0,0
BRDA:68,9,1,0
BRDA:69,10,0,0
BRDA:69,10,1,0
BRF:24
BRH:20
end_of_record
TN:
SF:src\services\genaiService.js
FN:7,(anonymous_0)
FN:12,(anonymous_1)
FN:15,(anonymous_2)
FN:26,(anonymous_3)
FN:57,(anonymous_4)
FN:99,(anonymous_5)
FN:109,(anonymous_6)
FN:138,(anonymous_7)
FN:157,(anonymous_8)
FN:166,(anonymous_9)
FNF:10
FNH:9
FNDA:3,(anonymous_0)
FNDA:8,(anonymous_1)
FNDA:13,(anonymous_2)
FNDA:3,(anonymous_3)
FNDA:3,(anonymous_4)
FNDA:2,(anonymous_5)
FNDA:3,(anonymous_6)
FNDA:2,(anonymous_7)
FNDA:2,(anonymous_8)
FNDA:0,(anonymous_9)
DA:1,3
DA:2,3
DA:3,3
DA:8,3
DA:9,3
DA:13,8
DA:15,13
DA:17,8
DA:18,1
DA:21,7
DA:27,3
DA:28,0
DA:31,3
DA:32,3
DA:34,3
DA:36,3
DA:46,3
DA:58,3
DA:59,3
DA:60,3
DA:61,3
DA:62,3
DA:63,3
DA:65,3
DA:100,2
DA:101,2
DA:110,3
DA:111,3
DA:112,3
DA:115,3
DA:116,1
DA:117,1
DA:123,2
DA:124,1
DA:129,1
DA:130,1
DA:139,2
DA:158,2
DA:159,2
DA:161,2
DA:162,0
DA:166,2
DA:172,2
DA:176,2
DA:190,2
DA:191,1
DA:194,1
DA:195,1
DA:196,0
DA:198,1
DA:203,3
LF:51
LH:48
BRDA:7,0,0,0
BRDA:17,1,0,1
BRDA:17,1,1,7
BRDA:27,2,0,0
BRDA:27,2,1,3
BRDA:31,3,0,3
BRDA:31,3,1,0
BRDA:34,4,0,3
BRDA:34,4,1,0
BRDA:40,5,0,3
BRDA:40,5,1,0
BRDA:58,6,0,0
BRDA:58,6,1,3
BRDA:59,7,0,0
BRDA:59,7,1,3
BRDA:60,8,0,0
BRDA:60,8,1,3
BRDA:61,9,0,0
BRDA:61,9,1,3
BRDA:62,10,0,0
BRDA:62,10,1,3
BRDA:63,11,0,0
BRDA:63,11,1,3
BRDA:76,12,0,3
BRDA:76,12,1,3
BRDA:100,13,0,0
BRDA:100,13,1,2
BRDA:115,14,0,1
BRDA:115,14,1,2
BRDA:115,15,0,3
BRDA:115,15,1,3
BRDA:126,16,0,1
BRDA:126,16,1,0
BRDA:133,17,0,0
BRDA:133,17,1,1
BRDA:157,18,0,2
BRDA:161,19,0,0
BRDA:161,19,1,2
BRDA:161,20,0,2
BRDA:161,20,1,2
BRDA:167,21,0,0
BRDA:167,21,1,0
BRDA:195,22,0,0
BRDA:195,22,1,1
BRF:44
BRH:26
end_of_record
TN:
SF:src\services\mlClient.js
FN:5,(anonymous_0)
FN:12,(anonymous_1)
FN:20,(anonymous_2)
FN:27,(anonymous_3)
FN:35,(anonymous_4)
FN:39,(anonymous_5)
FN:43,(anonymous_6)
FN:47,(anonymous_7)
FN:51,(anonymous_8)
FN:87,(anonymous_9)
FN:88,(anonymous_10)
FNF:11
FNH:9
FNDA:3,(anonymous_0)
FNDA:2,(anonymous_1)
FNDA:1,(anonymous_2)
FNDA:0,(anonymous_3)
FNDA:0,(anonymous_4)
FNDA:1,(anonymous_5)
FNDA:1,(anonymous_6)
FNDA:1,(anonymous_7)
FNDA:6,(anonymous_8)
FNDA:2,(anonymous_9)
FNDA:2,(anonymous_10)
DA:1,3
DA:2,3
DA:6,3
DA:7,3
DA:8,3
DA:9,3
DA:13,2
DA:21,1
DA:28,0
DA:36,0
DA:40,1
DA:44,1
DA:48,1
DA:53,6
DA:54,12
DA:55,12
DA:62,4
DA:64,8
DA:65,8
DA:66,8
DA:68,0
DA:71,8
DA:73,6
DA:78,2
DA:79,2
DA:80,2
DA:82,0
DA:84,2
DA:88,2
DA:92,3
LF:30
LH:26
BRDA:6,0,0,3
BRDA:6,0,1,0
BRDA:7,1,0,3
BRDA:7,1,1,0
BRDA:8,2,0,3
BRDA:8,2,1,0
BRDA:12,3,0,0
BRDA:12,4,0,0
BRDA:20,5,0,0
BRDA:20,6,0,0
BRDA:27,7,0,0
BRDA:27,8,0,0
BRDA:39,9,0,0
BRDA:51,10,0,3
BRDA:65,11,0,8
BRDA:65,11,1,0
BRDA:65,12,0,8
BRDA:65,12,1,8
BRDA:71,13,0,6
BRDA:71,13,1,2
BRDA:78,14,0,2
BRDA:78,14,1,2
BRDA:79,15,0,2
BRDA:79,15,1,0
BRDA:79,16,0,2
BRDA:79,16,1,2
BRF:26
BRH:14
end_of_record
TN:
SF:src\services\supplierRankingService.js
FN:2,(anonymous_0)
FN:23,(anonymous_1)
FN:24,(anonymous_2)
FN:27,(anonymous_3)
FN:28,(anonymous_4)
FN:40,(anonymous_5)
FN:42,(anonymous_6)
FN:43,(anonymous_7)
FN:45,(anonymous_8)
FN:51,(anonymous_9)
FN:57,(anonymous_10)
FN:59,(anonymous_11)
FN:60,(anonymous_12)
FN:65,(anonymous_13)
FN:72,(anonymous_14)
FN:73,(anonymous_15)
FN:77,(anonymous_16)
FN:78,(anonymous_17)
FN:80,(anonymous_18)
FN:89,(anonymous_19)
FN:93,(anonymous_20)
FN:105,(anonymous_21)
FN:106,(anonymous_22)
FN:107,(anonymous_23)
FN:108,(anonymous_24)
FNF:25
FNH:25
FNDA:3,(anonymous_0)
FNDA:8,(anonymous_1)
FNDA:32,(anonymous_2)
FNDA:8,(anonymous_3)
FNDA:32,(anonymous_4)
FNDA:2,(anonymous_5)
FNDA:8,(anonymous_6)
FNDA:32,(anonymous_7)
FNDA:8,(anonymous_8)
FNDA:2,(anonymous_9)
FNDA:4,(anonymous_10)
FNDA:4,(anonymous_11)
FNDA:16,(anonymous_12)
FNDA:4,(anonymous_13)
FNDA:6,(anonymous_14)
FNDA:4,(anonymous_15)
FNDA:1,(anonymous_16)
FNDA:4,(anonymous_17)
FNDA:16,(anonymous_18)
FNDA:1,(anonymous_19)
FNDA:16,(anonymous_20)
FNDA:1,(anonymous_21)
FNDA:4,(anonymous_22)
FNDA:16,(anonymous_23)
FNDA:16,(anonymous_24)
DA:3,3
DA:6,3
DA:7,11
DA:8,11
DA:10,44
DA:11,1
DA:16,2
DA:17,2
DA:18,8
DA:19,32
DA:23,2
DA:24,32
DA:27,2
DA:28,32
DA:31,2
DA:33,2
DA:41,2
DA:42,2
DA:43,32
DA:45,8
DA:46,2
DA:47,2
DA:48,2
DA:52,2
DA:53,2
DA:55,2
DA:57,4
DA:58,1
DA:59,1
DA:60,16
DA:62,1
DA:63,1
DA:65,4
DA:72,6
DA:73,4
DA:74,1
DA:78,4
DA:79,1
DA:80,16
DA:81,4
DA:82,4
DA:83,16
DA:86,1
DA:90,1
DA:91,1
DA:92,1
DA:93,16
DA:94,4
DA:95,3
DA:96,3
DA:98,1
DA:99,1
DA:102,1
DA:106,1
DA:107,16
DA:108,16
DA:109,4
DA:110,4
DA:114,3
LF:59
LH:59
BRDA:7,0,0,0
BRDA:7,0,1,11
BRDA:10,1,0,1
BRDA:10,1,1,43
BRDA:10,2,0,44
BRDA:10,2,1,1
BRDA:47,3,0,2
BRDA:47,3,1,0
BRDA:48,4,0,0
BRDA:48,4,1,2
BRDA:55,5,0,1
BRDA:55,5,1,1
BRDA:83,6,0,0
BRDA:83,6,1,16
BRDA:94,7,0,3
BRDA:94,7,1,1
BRDA:109,8,0,0
BRDA:109,8,1,4
BRF:18
BRH:13
end_of_record
TN:
SF:src\utils\AppError.js
FN:2,(anonymous_0)
FNF:1
FNH:1
FNDA:12,(anonymous_0)
DA:3,12
DA:4,12
DA:5,12
DA:6,12
DA:7,12
DA:11,5
LF:6
LH:6
BRDA:2,0,0,12
BRF:1
BRH:1
end_of_record
TN:
SF:src\utils\asyncHandler.js
FN:1,(anonymous_0)
FN:1,(anonymous_1)
FNF:2
FNH:2
FNDA:62,(anonymous_0)
FNDA:45,(anonymous_1)
DA:1,62
DA:2,45
DA:5,8
LF:3
LH:3
BRF:0
BRH:0
end_of_record
TN:
SF:src\utils\logger.js
FNF:0
FNH:0
DA:1,23
DA:2,23
DA:3,23
DA:5,23
DA:7,23
DA:40,23
LF:6
LH:6
BRDA:8,0,0,23
BRDA:8,0,1,0
BRF:2
BRH:1
end_of_record
TN:
SF:src\utils\mathHelper.js
FN:1,(anonymous_0)
FN:6,(anonymous_1)
FN:7,(anonymous_2)
FN:10,(anonymous_3)
FN:15,(anonymous_4)
FN:18,(anonymous_5)
FNF:6
FNH:0
FNDA:0,(anonymous_0)
FNDA:0,(anonymous_1)
FNDA:0,(anonymous_2)
FNDA:0,(anonymous_3)
FNDA:0,(anonymous_4)
FNDA:0,(anonymous_5)
DA:1,0
DA:2,0
DA:3,0
DA:6,0
DA:7,0
DA:10,0
DA:11,0
DA:12,0
DA:15,0
DA:16,0
DA:17,0
DA:18,0
DA:19,0
DA:20,0
DA:23,0
LF:15
LH:0
BRDA:1,0,0,0
BRDA:11,1,0,0
BRDA:11,1,1,0
BRDA:16,2,0,0
BRDA:16,2,1,0
BRF:5
BRH:0
end_of_record
TN:
SF:src\utils\pagination.js
FN:1,(anonymous_0)
FN:13,(anonymous_1)
FNF:2
FNH:0
FNDA:0,(anonymous_0)
FNDA:0,(anonymous_1)
DA:1,0
DA:2,0
DA:3,0
DA:5,0
DA:6,0
DA:8,0
DA:10,0
DA:13,0
DA:14,0
DA:22,0
LF:10
LH:0
BRDA:1,0,0,0
BRDA:1,1,0,0
BRDA:2,2,0,0
BRDA:2,2,1,0
BRDA:3,3,0,0
BRDA:3,3,1,0
BRDA:5,4,0,0
BRDA:5,4,1,0
BRDA:6,5,0,0
BRDA:6,5,1,0
BRF:10
BRH:0
end_of_record
TN:
SF:src\utils\response.js
FN:1,(anonymous_0)
FN:12,(anonymous_1)
FNF:2
FNH:0
FNDA:0,(anonymous_0)
FNDA:0,(anonymous_1)
DA:1,0
DA:2,0
DA:7,0
DA:9,0
DA:12,0
DA:13,0
DA:14,0
DA:16,0
DA:25,0
LF:9
LH:0
BRDA:1,0,0,0
BRDA:1,1,0,0
BRDA:1,2,0,0
BRDA:7,3,0,0
BRDA:7,3,1,0
BRDA:12,4,0,0
BRDA:13,5,0,0
BRDA:13,5,1,0
BRDA:14,6,0,0
BRDA:14,6,1,0
BRF:10
BRH:0
end_of_record
TN:
SF:src\validators\auth.validator.js
FNF:0
FNH:0
DA:1,2
DA:3,2
DA:17,2
DA:22,2
DA:26,2
LF:5
LH:5
BRF:0
BRH:0
end_of_record
TN:
SF:src\validators\data.validator.js
FNF:0
FNH:0
DA:1,2
DA:3,2
DA:11,2
DA:20,2
DA:29,2
DA:41,2
DA:50,2
LF:7
LH:7
BRF:0
BRH:0
end_of_record
TN:
SF:src\validators\genai.validator.js
FNF:0
FNH:0
DA:1,0
DA:3,0
DA:9,0
DA:13,0
LF:4
LH:0
BRF:0
BRH:0
end_of_record
TN:
SF:src\validators\inventory.validator.js
FNF:0
FNH:0
DA:1,2
DA:3,2
DA:9,2
DA:15,2
LF:4
LH:4
BRF:0
BRH:0
end_of_record
TN:
SF:src\validators\supplier.validator.js
FN:14,(anonymous_0)
FNF:1
FNH:1
FNDA:1,(anonymous_0)
DA:1,2
DA:3,2
DA:9,2
DA:15,1
DA:16,1
DA:17,0
DA:19,1
DA:22,2
LF:8
LH:7
BRDA:16,0,0,0
BRDA:16,0,1,1
BRF:2
BRH:1
end_of_record
